-- Found ament_cmake: 2.5.3 (/opt/ros/jazzy/share/ament_cmake/cmake)
-- Found rosidl_default_generators: 1.6.0 (/opt/ros/jazzy/share/rosidl_default_generators/cmake)
-- Using all available rosidl_typesupport_c: rosidl_typesupport_fastrtps_c;rosidl_typesupport_introspection_c
-- Using all available rosidl_typesupport_cpp: rosidl_typesupport_fastrtps_cpp;rosidl_typesupport_introspection_cpp
-- Found rosidl_adapter: 4.6.5 (/opt/ros/jazzy/share/rosidl_adapter/cmake)
-- Found geometry_msgs: 5.3.5 (/opt/ros/jazzy/share/geometry_msgs/cmake)
-- Found ament_cmake_ros: 0.12.0 (/opt/ros/jazzy/share/ament_cmake_ros/cmake)
-- Using all available rosidl_typesupport_c: rosidl_typesupport_fastrtps_c;rosidl_typesupport_introspection_c
-- Using all available rosidl_typesupport_cpp: rosidl_typesupport_fastrtps_cpp;rosidl_typesupport_introspection_cpp
-- Found python_cmake_module: 0.11.1 (/opt/ros/jazzy/share/python_cmake_module/cmake)
-- Found PythonExtra: /usr/bin/python3  
-- Found Python3: /usr/bin/python3 (found version "3.12.3") found components: Interpreter Development NumPy Development.Module Development.Embed 
-- Configuring done (3.0s)
-- Generating done (0.0s)
-- Build files have been written to: /home/sicou2/CSCE452/Project3/Project3-Python/build/project3_interfaces
[  1%] [34m[1mGenerating type hashes for ROS interfaces[0m
[  1%] Built target ament_cmake_python_copy_project3_interfaces
[  1%] Built target project3_interfaces__rosidl_generator_type_description
[  3%] [34m[1mGenerating C code for ROS interfaces[0m
running egg_info
creating project3_interfaces.egg-info
[  5%] [34m[1mGenerating C++ code for ROS interfaces[0m
writing project3_interfaces.egg-info/PKG-INFO
writing dependency_links to project3_interfaces.egg-info/dependency_links.txt
writing top-level names to project3_interfaces.egg-info/top_level.txt
writing manifest file 'project3_interfaces.egg-info/SOURCES.txt'
reading manifest file 'project3_interfaces.egg-info/SOURCES.txt'
writing manifest file 'project3_interfaces.egg-info/SOURCES.txt'
[  5%] Built target ament_cmake_python_build_project3_interfaces_egg
[  5%] Built target project3_interfaces__cpp
[  9%] [32mBuilding C object CMakeFiles/project3_interfaces__rosidl_generator_c.dir/rosidl_generator_c/project3_interfaces/msg/detail/person_candidates__description.c.o[0m
[  9%] [32mBuilding C object CMakeFiles/project3_interfaces__rosidl_generator_c.dir/rosidl_generator_c/project3_interfaces/msg/detail/person_candidates__type_support.c.o[0m
[ 11%] [32mBuilding C object CMakeFiles/project3_interfaces__rosidl_generator_c.dir/rosidl_generator_c/project3_interfaces/msg/detail/person_track__description.c.o[0m
[ 12%] [32mBuilding C object CMakeFiles/project3_interfaces__rosidl_generator_c.dir/rosidl_generator_c/project3_interfaces/msg/detail/person_candidates__functions.c.o[0m
[ 14%] [32mBuilding C object CMakeFiles/project3_interfaces__rosidl_generator_c.dir/rosidl_generator_c/project3_interfaces/msg/detail/person_track__functions.c.o[0m
[ 16%] [32mBuilding C object CMakeFiles/project3_interfaces__rosidl_generator_c.dir/rosidl_generator_c/project3_interfaces/msg/detail/person_track__type_support.c.o[0m
[ 18%] [32mBuilding C object CMakeFiles/project3_interfaces__rosidl_generator_c.dir/rosidl_generator_c/project3_interfaces/msg/detail/person_tracks__description.c.o[0m
[ 20%] [32mBuilding C object CMakeFiles/project3_interfaces__rosidl_generator_c.dir/rosidl_generator_c/project3_interfaces/msg/detail/person_tracks__functions.c.o[0m
[ 22%] [32mBuilding C object CMakeFiles/project3_interfaces__rosidl_generator_c.dir/rosidl_generator_c/project3_interfaces/msg/detail/person_tracks__type_support.c.o[0m
[ 24%] [32m[1mLinking C shared library libproject3_interfaces__rosidl_generator_c.so[0m
[ 24%] Built target project3_interfaces__rosidl_generator_c
[ 25%] [34m[1mGenerating C++ type support dispatch for ROS interfaces[0m
[ 29%] [34m[1mGenerating C type support for eProsima Fast-RTPS[0m
[ 29%] [34m[1mGenerating C++ introspection for ROS interfaces[0m
[ 31%] [34m[1mGenerating C introspection for ROS interfaces[0m
[ 33%] [32mBuilding CXX object CMakeFiles/project3_interfaces__rosidl_typesupport_cpp.dir/rosidl_typesupport_cpp/project3_interfaces/msg/person_candidates__type_support.cpp.o[0m
[ 35%] [32mBuilding CXX object CMakeFiles/project3_interfaces__rosidl_typesupport_introspection_cpp.dir/rosidl_typesupport_introspection_cpp/project3_interfaces/msg/detail/person_candidates__type_support.cpp.o[0m
[ 37%] [32mBuilding C object CMakeFiles/project3_interfaces__rosidl_typesupport_introspection_c.dir/rosidl_typesupport_introspection_c/project3_interfaces/msg/detail/person_candidates__type_support.c.o[0m
[ 38%] [32mBuilding CXX object CMakeFiles/project3_interfaces__rosidl_typesupport_fastrtps_c.dir/rosidl_typesupport_fastrtps_c/project3_interfaces/msg/detail/person_candidates__type_support_c.cpp.o[0m
[ 40%] [32mBuilding C object CMakeFiles/project3_interfaces__rosidl_typesupport_introspection_c.dir/rosidl_typesupport_introspection_c/project3_interfaces/msg/detail/person_track__type_support.c.o[0m
[ 42%] [32mBuilding C object CMakeFiles/project3_interfaces__rosidl_typesupport_introspection_c.dir/rosidl_typesupport_introspection_c/project3_interfaces/msg/detail/person_tracks__type_support.c.o[0m
[ 44%] [32m[1mLinking C shared library libproject3_interfaces__rosidl_typesupport_introspection_c.so[0m
[ 44%] Built target project3_interfaces__rosidl_typesupport_introspection_c
[ 46%] [32mBuilding CXX object CMakeFiles/project3_interfaces__rosidl_typesupport_introspection_cpp.dir/rosidl_typesupport_introspection_cpp/project3_interfaces/msg/detail/person_track__type_support.cpp.o[0m
[ 48%] [32mBuilding CXX object CMakeFiles/project3_interfaces__rosidl_typesupport_cpp.dir/rosidl_typesupport_cpp/project3_interfaces/msg/person_track__type_support.cpp.o[0m
[ 50%] [32mBuilding CXX object CMakeFiles/project3_interfaces__rosidl_typesupport_cpp.dir/rosidl_typesupport_cpp/project3_interfaces/msg/person_tracks__type_support.cpp.o[0m
[ 51%] [32mBuilding CXX object CMakeFiles/project3_interfaces__rosidl_typesupport_introspection_cpp.dir/rosidl_typesupport_introspection_cpp/project3_interfaces/msg/detail/person_tracks__type_support.cpp.o[0m
[ 53%] [32mBuilding CXX object CMakeFiles/project3_interfaces__rosidl_typesupport_fastrtps_c.dir/rosidl_typesupport_fastrtps_c/project3_interfaces/msg/detail/person_track__type_support_c.cpp.o[0m
[ 55%] [34m[1mGenerating C type support dispatch for ROS interfaces[0m
[ 57%] [32m[1mLinking CXX shared library libproject3_interfaces__rosidl_typesupport_cpp.so[0m
[ 57%] Built target project3_interfaces__rosidl_typesupport_cpp
[ 59%] [32mBuilding CXX object CMakeFiles/project3_interfaces__rosidl_typesupport_fastrtps_c.dir/rosidl_typesupport_fastrtps_c/project3_interfaces/msg/detail/person_tracks__type_support_c.cpp.o[0m
[ 61%] [32m[1mLinking CXX shared library libproject3_interfaces__rosidl_typesupport_introspection_cpp.so[0m
[ 62%] [32mBuilding CXX object CMakeFiles/project3_interfaces__rosidl_typesupport_c.dir/rosidl_typesupport_c/project3_interfaces/msg/person_candidates__type_support.cpp.o[0m
[ 62%] Built target project3_interfaces__rosidl_typesupport_introspection_cpp
[ 64%] [32mBuilding CXX object CMakeFiles/project3_interfaces__rosidl_typesupport_c.dir/rosidl_typesupport_c/project3_interfaces/msg/person_track__type_support.cpp.o[0m
[ 66%] [34m[1mGenerating C++ type support for eProsima Fast-RTPS[0m
[ 68%] [32mBuilding CXX object CMakeFiles/project3_interfaces__rosidl_typesupport_c.dir/rosidl_typesupport_c/project3_interfaces/msg/person_tracks__type_support.cpp.o[0m
[ 70%] [32m[1mLinking CXX shared library libproject3_interfaces__rosidl_typesupport_c.so[0m
[ 70%] Built target project3_interfaces__rosidl_typesupport_c
[ 72%] [32m[1mLinking CXX shared library libproject3_interfaces__rosidl_typesupport_fastrtps_c.so[0m
[ 72%] Built target project3_interfaces__rosidl_typesupport_fastrtps_c
[ 77%] [32mBuilding CXX object CMakeFiles/project3_interfaces__rosidl_typesupport_fastrtps_cpp.dir/rosidl_typesupport_fastrtps_cpp/project3_interfaces/msg/detail/dds_fastrtps/person_track__type_support.cpp.o[0m
[ 77%] [32mBuilding CXX object CMakeFiles/project3_interfaces__rosidl_typesupport_fastrtps_cpp.dir/rosidl_typesupport_fastrtps_cpp/project3_interfaces/msg/detail/dds_fastrtps/person_candidates__type_support.cpp.o[0m
[ 77%] [32mBuilding CXX object CMakeFiles/project3_interfaces__rosidl_typesupport_fastrtps_cpp.dir/rosidl_typesupport_fastrtps_cpp/project3_interfaces/msg/detail/dds_fastrtps/person_tracks__type_support.cpp.o[0m
[ 79%] [32m[1mLinking CXX shared library libproject3_interfaces__rosidl_typesupport_fastrtps_cpp.so[0m
[ 79%] Built target project3_interfaces__rosidl_typesupport_fastrtps_cpp
[ 79%] Built target project3_interfaces
[ 81%] [34m[1mGenerating Python code for ROS interfaces[0m
[ 81%] Built target project3_interfaces__py
[ 87%] [32mBuilding C object CMakeFiles/project3_interfaces__rosidl_generator_py.dir/rosidl_generator_py/project3_interfaces/msg/_person_track_s.c.o[0m
[ 87%] [32mBuilding C object CMakeFiles/project3_interfaces__rosidl_generator_py.dir/rosidl_generator_py/project3_interfaces/msg/_person_candidates_s.c.o[0m
[ 87%] [32mBuilding C object CMakeFiles/project3_interfaces__rosidl_generator_py.dir/rosidl_generator_py/project3_interfaces/msg/_person_tracks_s.c.o[0m
[ 88%] [32m[1mLinking C shared library libproject3_interfaces__rosidl_generator_py.so[0m
[ 88%] Built target project3_interfaces__rosidl_generator_py
[ 92%] [32mBuilding C object CMakeFiles/project3_interfaces_s__rosidl_typesupport_fastrtps_c.dir/rosidl_generator_py/project3_interfaces/_project3_interfaces_s.ep.rosidl_typesupport_fastrtps_c.c.o[0m
[ 94%] [32mBuilding C object CMakeFiles/project3_interfaces_s__rosidl_typesupport_c.dir/rosidl_generator_py/project3_interfaces/_project3_interfaces_s.ep.rosidl_typesupport_c.c.o[0m
[ 94%] [32mBuilding C object CMakeFiles/project3_interfaces_s__rosidl_typesupport_introspection_c.dir/rosidl_generator_py/project3_interfaces/_project3_interfaces_s.ep.rosidl_typesupport_introspection_c.c.o[0m
[ 98%] [32m[1mLinking C shared module rosidl_generator_py/project3_interfaces/project3_interfaces_s__rosidl_typesupport_c.so[0m
[ 98%] [32m[1mLinking C shared module rosidl_generator_py/project3_interfaces/project3_interfaces_s__rosidl_typesupport_introspection_c.so[0m
[100%] [32m[1mLinking C shared module rosidl_generator_py/project3_interfaces/project3_interfaces_s__rosidl_typesupport_fastrtps_c.so[0m
[100%] Built target project3_interfaces_s__rosidl_typesupport_c
[100%] Built target project3_interfaces_s__rosidl_typesupport_introspection_c
[100%] Built target project3_interfaces_s__rosidl_typesupport_fastrtps_c
-- Install configuration: ""
-- Installing: /home/sicou2/CSCE452/Project3/Project3-Python/install/project3_interfaces/share/ament_index/resource_index/rosidl_interfaces/project3_interfaces
-- Installing: /home/sicou2/CSCE452/Project3/Project3-Python/install/project3_interfaces/share/project3_interfaces/msg/PersonCandidates.json
-- Installing: /home/sicou2/CSCE452/Project3/Project3-Python/install/project3_interfaces/share/project3_interfaces/msg/PersonTrack.json
-- Installing: /home/sicou2/CSCE452/Project3/Project3-Python/install/project3_interfaces/share/project3_interfaces/msg/PersonTracks.json
-- Installing: /home/sicou2/CSCE452/Project3/Project3-Python/install/project3_interfaces/include/project3_interfaces/project3_interfaces
-- Installing: /home/sicou2/CSCE452/Project3/Project3-Python/install/project3_interfaces/include/project3_interfaces/project3_interfaces/msg
-- Installing: /home/sicou2/CSCE452/Project3/Project3-Python/install/project3_interfaces/include/project3_interfaces/project3_interfaces/msg/person_tracks.h
-- Installing: /home/sicou2/CSCE452/Project3/Project3-Python/install/project3_interfaces/include/project3_interfaces/project3_interfaces/msg/person_candidates.h
-- Installing: /home/sicou2/CSCE452/Project3/Project3-Python/install/project3_interfaces/include/project3_interfaces/project3_interfaces/msg/detail
-- Installing: /home/sicou2/CSCE452/Project3/Project3-Python/install/project3_interfaces/include/project3_interfaces/project3_interfaces/msg/detail/person_tracks__type_support.h
-- Installing: /home/sicou2/CSCE452/Project3/Project3-Python/install/project3_interfaces/include/project3_interfaces/project3_interfaces/msg/detail/person_track__type_support.h
-- Installing: /home/sicou2/CSCE452/Project3/Project3-Python/install/project3_interfaces/include/project3_interfaces/project3_interfaces/msg/detail/person_tracks__struct.h
-- Installing: /home/sicou2/CSCE452/Project3/Project3-Python/install/project3_interfaces/include/project3_interfaces/project3_interfaces/msg/detail/person_tracks__type_support.c
-- Installing: /home/sicou2/CSCE452/Project3/Project3-Python/install/project3_interfaces/include/project3_interfaces/project3_interfaces/msg/detail/person_candidates__type_support.h
-- Installing: /home/sicou2/CSCE452/Project3/Project3-Python/install/project3_interfaces/include/project3_interfaces/project3_interfaces/msg/detail/person_candidates__functions.c
-- Installing: /home/sicou2/CSCE452/Project3/Project3-Python/install/project3_interfaces/include/project3_interfaces/project3_interfaces/msg/detail/person_track__functions.c
-- Installing: /home/sicou2/CSCE452/Project3/Project3-Python/install/project3_interfaces/include/project3_interfaces/project3_interfaces/msg/detail/person_tracks__functions.h
-- Installing: /home/sicou2/CSCE452/Project3/Project3-Python/install/project3_interfaces/include/project3_interfaces/project3_interfaces/msg/detail/person_track__description.c
-- Installing: /home/sicou2/CSCE452/Project3/Project3-Python/install/project3_interfaces/include/project3_interfaces/project3_interfaces/msg/detail/person_candidates__description.c
-- Installing: /home/sicou2/CSCE452/Project3/Project3-Python/install/project3_interfaces/include/project3_interfaces/project3_interfaces/msg/detail/person_candidates__functions.h
-- Installing: /home/sicou2/CSCE452/Project3/Project3-Python/install/project3_interfaces/include/project3_interfaces/project3_interfaces/msg/detail/person_track__functions.h
-- Installing: /home/sicou2/CSCE452/Project3/Project3-Python/install/project3_interfaces/include/project3_interfaces/project3_interfaces/msg/detail/person_track__type_support.c
-- Installing: /home/sicou2/CSCE452/Project3/Project3-Python/install/project3_interfaces/include/project3_interfaces/project3_interfaces/msg/detail/person_tracks__description.c
-- Installing: /home/sicou2/CSCE452/Project3/Project3-Python/install/project3_interfaces/include/project3_interfaces/project3_interfaces/msg/detail/person_candidates__type_support.c
-- Installing: /home/sicou2/CSCE452/Project3/Project3-Python/install/project3_interfaces/include/project3_interfaces/project3_interfaces/msg/detail/person_track__struct.h
-- Installing: /home/sicou2/CSCE452/Project3/Project3-Python/install/project3_interfaces/include/project3_interfaces/project3_interfaces/msg/detail/person_tracks__functions.c
-- Installing: /home/sicou2/CSCE452/Project3/Project3-Python/install/project3_interfaces/include/project3_interfaces/project3_interfaces/msg/detail/person_candidates__struct.h
-- Installing: /home/sicou2/CSCE452/Project3/Project3-Python/install/project3_interfaces/include/project3_interfaces/project3_interfaces/msg/rosidl_generator_c__visibility_control.h
-- Installing: /home/sicou2/CSCE452/Project3/Project3-Python/install/project3_interfaces/include/project3_interfaces/project3_interfaces/msg/person_track.h
-- Installing: /home/sicou2/CSCE452/Project3/Project3-Python/install/project3_interfaces/share/project3_interfaces/environment/library_path.sh
-- Installing: /home/sicou2/CSCE452/Project3/Project3-Python/install/project3_interfaces/share/project3_interfaces/environment/library_path.dsv
-- Installing: /home/sicou2/CSCE452/Project3/Project3-Python/install/project3_interfaces/lib/libproject3_interfaces__rosidl_generator_c.so
-- Set non-toolchain portion of runtime path of "/home/sicou2/CSCE452/Project3/Project3-Python/install/project3_interfaces/lib/libproject3_interfaces__rosidl_generator_c.so" to ""
-- Up-to-date: /home/sicou2/CSCE452/Project3/Project3-Python/install/project3_interfaces/include/project3_interfaces/project3_interfaces
-- Up-to-date: /home/sicou2/CSCE452/Project3/Project3-Python/install/project3_interfaces/include/project3_interfaces/project3_interfaces/msg
-- Up-to-date: /home/sicou2/CSCE452/Project3/Project3-Python/install/project3_interfaces/include/project3_interfaces/project3_interfaces/msg/detail
-- Installing: /home/sicou2/CSCE452/Project3/Project3-Python/install/project3_interfaces/include/project3_interfaces/project3_interfaces/msg/detail/person_track__rosidl_typesupport_fastrtps_c.h
-- Installing: /home/sicou2/CSCE452/Project3/Project3-Python/install/project3_interfaces/include/project3_interfaces/project3_interfaces/msg/detail/person_candidates__rosidl_typesupport_fastrtps_c.h
-- Installing: /home/sicou2/CSCE452/Project3/Project3-Python/install/project3_interfaces/include/project3_interfaces/project3_interfaces/msg/detail/person_tracks__rosidl_typesupport_fastrtps_c.h
-- Installing: /home/sicou2/CSCE452/Project3/Project3-Python/install/project3_interfaces/include/project3_interfaces/project3_interfaces/msg/rosidl_typesupport_fastrtps_c__visibility_control.h
-- Installing: /home/sicou2/CSCE452/Project3/Project3-Python/install/project3_interfaces/lib/libproject3_interfaces__rosidl_typesupport_fastrtps_c.so
-- Set non-toolchain portion of runtime path of "/home/sicou2/CSCE452/Project3/Project3-Python/install/project3_interfaces/lib/libproject3_interfaces__rosidl_typesupport_fastrtps_c.so" to ""
-- Up-to-date: /home/sicou2/CSCE452/Project3/Project3-Python/install/project3_interfaces/include/project3_interfaces/project3_interfaces
-- Up-to-date: /home/sicou2/CSCE452/Project3/Project3-Python/install/project3_interfaces/include/project3_interfaces/project3_interfaces/msg
-- Up-to-date: /home/sicou2/CSCE452/Project3/Project3-Python/install/project3_interfaces/include/project3_interfaces/project3_interfaces/msg/detail
-- Installing: /home/sicou2/CSCE452/Project3/Project3-Python/install/project3_interfaces/include/project3_interfaces/project3_interfaces/msg/detail/person_tracks__type_support.c
-- Installing: /home/sicou2/CSCE452/Project3/Project3-Python/install/project3_interfaces/include/project3_interfaces/project3_interfaces/msg/detail/person_track__rosidl_typesupport_introspection_c.h
-- Installing: /home/sicou2/CSCE452/Project3/Project3-Python/install/project3_interfaces/include/project3_interfaces/project3_interfaces/msg/detail/person_tracks__rosidl_typesupport_introspection_c.h
-- Installing: /home/sicou2/CSCE452/Project3/Project3-Python/install/project3_interfaces/include/project3_interfaces/project3_interfaces/msg/detail/person_track__type_support.c
-- Installing: /home/sicou2/CSCE452/Project3/Project3-Python/install/project3_interfaces/include/project3_interfaces/project3_interfaces/msg/detail/person_candidates__type_support.c
-- Installing: /home/sicou2/CSCE452/Project3/Project3-Python/install/project3_interfaces/include/project3_interfaces/project3_interfaces/msg/detail/person_candidates__rosidl_typesupport_introspection_c.h
-- Installing: /home/sicou2/CSCE452/Project3/Project3-Python/install/project3_interfaces/include/project3_interfaces/project3_interfaces/msg/rosidl_typesupport_introspection_c__visibility_control.h
-- Installing: /home/sicou2/CSCE452/Project3/Project3-Python/install/project3_interfaces/lib/libproject3_interfaces__rosidl_typesupport_introspection_c.so
-- Set non-toolchain portion of runtime path of "/home/sicou2/CSCE452/Project3/Project3-Python/install/project3_interfaces/lib/libproject3_interfaces__rosidl_typesupport_introspection_c.so" to ""
-- Installing: /home/sicou2/CSCE452/Project3/Project3-Python/install/project3_interfaces/lib/libproject3_interfaces__rosidl_typesupport_c.so
-- Set non-toolchain portion of runtime path of "/home/sicou2/CSCE452/Project3/Project3-Python/install/project3_interfaces/lib/libproject3_interfaces__rosidl_typesupport_c.so" to ""
-- Up-to-date: /home/sicou2/CSCE452/Project3/Project3-Python/install/project3_interfaces/include/project3_interfaces/project3_interfaces
-- Up-to-date: /home/sicou2/CSCE452/Project3/Project3-Python/install/project3_interfaces/include/project3_interfaces/project3_interfaces/msg
-- Installing: /home/sicou2/CSCE452/Project3/Project3-Python/install/project3_interfaces/include/project3_interfaces/project3_interfaces/msg/person_candidates.hpp
-- Installing: /home/sicou2/CSCE452/Project3/Project3-Python/install/project3_interfaces/include/project3_interfaces/project3_interfaces/msg/person_tracks.hpp
-- Up-to-date: /home/sicou2/CSCE452/Project3/Project3-Python/install/project3_interfaces/include/project3_interfaces/project3_interfaces/msg/detail
-- Installing: /home/sicou2/CSCE452/Project3/Project3-Python/install/project3_interfaces/include/project3_interfaces/project3_interfaces/msg/detail/person_tracks__builder.hpp
-- Installing: /home/sicou2/CSCE452/Project3/Project3-Python/install/project3_interfaces/include/project3_interfaces/project3_interfaces/msg/detail/person_track__struct.hpp
-- Installing: /home/sicou2/CSCE452/Project3/Project3-Python/install/project3_interfaces/include/project3_interfaces/project3_interfaces/msg/detail/person_tracks__type_support.hpp
-- Installing: /home/sicou2/CSCE452/Project3/Project3-Python/install/project3_interfaces/include/project3_interfaces/project3_interfaces/msg/detail/person_track__builder.hpp
-- Installing: /home/sicou2/CSCE452/Project3/Project3-Python/install/project3_interfaces/include/project3_interfaces/project3_interfaces/msg/detail/person_candidates__type_support.hpp
-- Installing: /home/sicou2/CSCE452/Project3/Project3-Python/install/project3_interfaces/include/project3_interfaces/project3_interfaces/msg/detail/person_candidates__struct.hpp
-- Installing: /home/sicou2/CSCE452/Project3/Project3-Python/install/project3_interfaces/include/project3_interfaces/project3_interfaces/msg/detail/person_tracks__struct.hpp
-- Installing: /home/sicou2/CSCE452/Project3/Project3-Python/install/project3_interfaces/include/project3_interfaces/project3_interfaces/msg/detail/person_candidates__traits.hpp
-- Installing: /home/sicou2/CSCE452/Project3/Project3-Python/install/project3_interfaces/include/project3_interfaces/project3_interfaces/msg/detail/person_tracks__traits.hpp
-- Installing: /home/sicou2/CSCE452/Project3/Project3-Python/install/project3_interfaces/include/project3_interfaces/project3_interfaces/msg/detail/person_candidates__builder.hpp
-- Installing: /home/sicou2/CSCE452/Project3/Project3-Python/install/project3_interfaces/include/project3_interfaces/project3_interfaces/msg/detail/person_track__traits.hpp
-- Installing: /home/sicou2/CSCE452/Project3/Project3-Python/install/project3_interfaces/include/project3_interfaces/project3_interfaces/msg/detail/person_track__type_support.hpp
-- Installing: /home/sicou2/CSCE452/Project3/Project3-Python/install/project3_interfaces/include/project3_interfaces/project3_interfaces/msg/rosidl_generator_cpp__visibility_control.hpp
-- Installing: /home/sicou2/CSCE452/Project3/Project3-Python/install/project3_interfaces/include/project3_interfaces/project3_interfaces/msg/person_track.hpp
-- Up-to-date: /home/sicou2/CSCE452/Project3/Project3-Python/install/project3_interfaces/include/project3_interfaces/project3_interfaces
-- Up-to-date: /home/sicou2/CSCE452/Project3/Project3-Python/install/project3_interfaces/include/project3_interfaces/project3_interfaces/msg
-- Up-to-date: /home/sicou2/CSCE452/Project3/Project3-Python/install/project3_interfaces/include/project3_interfaces/project3_interfaces/msg/detail
-- Installing: /home/sicou2/CSCE452/Project3/Project3-Python/install/project3_interfaces/include/project3_interfaces/project3_interfaces/msg/detail/dds_fastrtps
-- Installing: /home/sicou2/CSCE452/Project3/Project3-Python/install/project3_interfaces/include/project3_interfaces/project3_interfaces/msg/detail/person_tracks__rosidl_typesupport_fastrtps_cpp.hpp
-- Installing: /home/sicou2/CSCE452/Project3/Project3-Python/install/project3_interfaces/include/project3_interfaces/project3_interfaces/msg/detail/person_track__rosidl_typesupport_fastrtps_cpp.hpp
-- Installing: /home/sicou2/CSCE452/Project3/Project3-Python/install/project3_interfaces/include/project3_interfaces/project3_interfaces/msg/detail/person_candidates__rosidl_typesupport_fastrtps_cpp.hpp
-- Installing: /home/sicou2/CSCE452/Project3/Project3-Python/install/project3_interfaces/include/project3_interfaces/project3_interfaces/msg/rosidl_typesupport_fastrtps_cpp__visibility_control.h
-- Installing: /home/sicou2/CSCE452/Project3/Project3-Python/install/project3_interfaces/lib/libproject3_interfaces__rosidl_typesupport_fastrtps_cpp.so
-- Set non-toolchain portion of runtime path of "/home/sicou2/CSCE452/Project3/Project3-Python/install/project3_interfaces/lib/libproject3_interfaces__rosidl_typesupport_fastrtps_cpp.so" to ""
-- Up-to-date: /home/sicou2/CSCE452/Project3/Project3-Python/install/project3_interfaces/include/project3_interfaces/project3_interfaces
-- Up-to-date: /home/sicou2/CSCE452/Project3/Project3-Python/install/project3_interfaces/include/project3_interfaces/project3_interfaces/msg
-- Up-to-date: /home/sicou2/CSCE452/Project3/Project3-Python/install/project3_interfaces/include/project3_interfaces/project3_interfaces/msg/detail
-- Installing: /home/sicou2/CSCE452/Project3/Project3-Python/install/project3_interfaces/include/project3_interfaces/project3_interfaces/msg/detail/person_candidates__rosidl_typesupport_introspection_cpp.hpp
-- Installing: /home/sicou2/CSCE452/Project3/Project3-Python/install/project3_interfaces/include/project3_interfaces/project3_interfaces/msg/detail/person_tracks__rosidl_typesupport_introspection_cpp.hpp
-- Installing: /home/sicou2/CSCE452/Project3/Project3-Python/install/project3_interfaces/include/project3_interfaces/project3_interfaces/msg/detail/person_track__type_support.cpp
-- Installing: /home/sicou2/CSCE452/Project3/Project3-Python/install/project3_interfaces/include/project3_interfaces/project3_interfaces/msg/detail/person_candidates__type_support.cpp
-- Installing: /home/sicou2/CSCE452/Project3/Project3-Python/install/project3_interfaces/include/project3_interfaces/project3_interfaces/msg/detail/person_tracks__type_support.cpp
-- Installing: /home/sicou2/CSCE452/Project3/Project3-Python/install/project3_interfaces/include/project3_interfaces/project3_interfaces/msg/detail/person_track__rosidl_typesupport_introspection_cpp.hpp
-- Installing: /home/sicou2/CSCE452/Project3/Project3-Python/install/project3_interfaces/lib/libproject3_interfaces__rosidl_typesupport_introspection_cpp.so
-- Set non-toolchain portion of runtime path of "/home/sicou2/CSCE452/Project3/Project3-Python/install/project3_interfaces/lib/libproject3_interfaces__rosidl_typesupport_introspection_cpp.so" to ""
-- Installing: /home/sicou2/CSCE452/Project3/Project3-Python/install/project3_interfaces/lib/libproject3_interfaces__rosidl_typesupport_cpp.so
-- Set non-toolchain portion of runtime path of "/home/sicou2/CSCE452/Project3/Project3-Python/install/project3_interfaces/lib/libproject3_interfaces__rosidl_typesupport_cpp.so" to ""
-- Installing: /home/sicou2/CSCE452/Project3/Project3-Python/install/project3_interfaces/share/project3_interfaces/environment/pythonpath.sh
-- Installing: /home/sicou2/CSCE452/Project3/Project3-Python/install/project3_interfaces/share/project3_interfaces/environment/pythonpath.dsv
-- Installing: /home/sicou2/CSCE452/Project3/Project3-Python/install/project3_interfaces/lib/python3.12/site-packages/project3_interfaces-0.1.0-py3.12.egg-info
-- Installing: /home/sicou2/CSCE452/Project3/Project3-Python/install/project3_interfaces/lib/python3.12/site-packages/project3_interfaces-0.1.0-py3.12.egg-info/dependency_links.txt
-- Installing: /home/sicou2/CSCE452/Project3/Project3-Python/install/project3_interfaces/lib/python3.12/site-packages/project3_interfaces-0.1.0-py3.12.egg-info/SOURCES.txt
-- Installing: /home/sicou2/CSCE452/Project3/Project3-Python/install/project3_interfaces/lib/python3.12/site-packages/project3_interfaces-0.1.0-py3.12.egg-info/PKG-INFO
-- Installing: /home/sicou2/CSCE452/Project3/Project3-Python/install/project3_interfaces/lib/python3.12/site-packages/project3_interfaces-0.1.0-py3.12.egg-info/top_level.txt
-- Installing: /home/sicou2/CSCE452/Project3/Project3-Python/install/project3_interfaces/lib/python3.12/site-packages/project3_interfaces
-- Installing: /home/sicou2/CSCE452/Project3/Project3-Python/install/project3_interfaces/lib/python3.12/site-packages/project3_interfaces/_project3_interfaces_s.ep.rosidl_typesupport_introspection_c.c
-- Installing: /home/sicou2/CSCE452/Project3/Project3-Python/install/project3_interfaces/lib/python3.12/site-packages/project3_interfaces/msg
-- Installing: /home/sicou2/CSCE452/Project3/Project3-Python/install/project3_interfaces/lib/python3.12/site-packages/project3_interfaces/msg/_person_track_s.c
-- Installing: /home/sicou2/CSCE452/Project3/Project3-Python/install/project3_interfaces/lib/python3.12/site-packages/project3_interfaces/msg/_person_track.py
-- Installing: /home/sicou2/CSCE452/Project3/Project3-Python/install/project3_interfaces/lib/python3.12/site-packages/project3_interfaces/msg/_person_candidates.py
-- Installing: /home/sicou2/CSCE452/Project3/Project3-Python/install/project3_interfaces/lib/python3.12/site-packages/project3_interfaces/msg/_person_tracks_s.c
-- Installing: /home/sicou2/CSCE452/Project3/Project3-Python/install/project3_interfaces/lib/python3.12/site-packages/project3_interfaces/msg/_person_tracks.py
-- Installing: /home/sicou2/CSCE452/Project3/Project3-Python/install/project3_interfaces/lib/python3.12/site-packages/project3_interfaces/msg/_person_candidates_s.c
-- Installing: /home/sicou2/CSCE452/Project3/Project3-Python/install/project3_interfaces/lib/python3.12/site-packages/project3_interfaces/msg/__init__.py
-- Installing: /home/sicou2/CSCE452/Project3/Project3-Python/install/project3_interfaces/lib/python3.12/site-packages/project3_interfaces/project3_interfaces_s__rosidl_typesupport_fastrtps_c.so
-- Installing: /home/sicou2/CSCE452/Project3/Project3-Python/install/project3_interfaces/lib/python3.12/site-packages/project3_interfaces/project3_interfaces_s__rosidl_typesupport_introspection_c.so
-- Installing: /home/sicou2/CSCE452/Project3/Project3-Python/install/project3_interfaces/lib/python3.12/site-packages/project3_interfaces/_project3_interfaces_s.ep.rosidl_typesupport_fastrtps_c.c
-- Installing: /home/sicou2/CSCE452/Project3/Project3-Python/install/project3_interfaces/lib/python3.12/site-packages/project3_interfaces/__init__.py
-- Installing: /home/sicou2/CSCE452/Project3/Project3-Python/install/project3_interfaces/lib/python3.12/site-packages/project3_interfaces/project3_interfaces_s__rosidl_typesupport_c.so
-- Installing: /home/sicou2/CSCE452/Project3/Project3-Python/install/project3_interfaces/lib/python3.12/site-packages/project3_interfaces/_project3_interfaces_s.ep.rosidl_typesupport_c.c
Listing '/home/sicou2/CSCE452/Project3/Project3-Python/install/project3_interfaces/lib/python3.12/site-packages/project3_interfaces'...
Compiling '/home/sicou2/CSCE452/Project3/Project3-Python/install/project3_interfaces/lib/python3.12/site-packages/project3_interfaces/__init__.py'...
Listing '/home/sicou2/CSCE452/Project3/Project3-Python/install/project3_interfaces/lib/python3.12/site-packages/project3_interfaces/msg'...
Compiling '/home/sicou2/CSCE452/Project3/Project3-Python/install/project3_interfaces/lib/python3.12/site-packages/project3_interfaces/msg/__init__.py'...
Compiling '/home/sicou2/CSCE452/Project3/Project3-Python/install/project3_interfaces/lib/python3.12/site-packages/project3_interfaces/msg/_person_candidates.py'...
Compiling '/home/sicou2/CSCE452/Project3/Project3-Python/install/project3_interfaces/lib/python3.12/site-packages/project3_interfaces/msg/_person_track.py'...
Compiling '/home/sicou2/CSCE452/Project3/Project3-Python/install/project3_interfaces/lib/python3.12/site-packages/project3_interfaces/msg/_person_tracks.py'...
-- Installing: /home/sicou2/CSCE452/Project3/Project3-Python/install/project3_interfaces/lib/python3.12/site-packages/project3_interfaces/project3_interfaces_s__rosidl_typesupport_fastrtps_c.so
-- Set non-toolchain portion of runtime path of "/home/sicou2/CSCE452/Project3/Project3-Python/install/project3_interfaces/lib/python3.12/site-packages/project3_interfaces/project3_interfaces_s__rosidl_typesupport_fastrtps_c.so" to ""
-- Installing: /home/sicou2/CSCE452/Project3/Project3-Python/install/project3_interfaces/lib/python3.12/site-packages/project3_interfaces/project3_interfaces_s__rosidl_typesupport_introspection_c.so
-- Set non-toolchain portion of runtime path of "/home/sicou2/CSCE452/Project3/Project3-Python/install/project3_interfaces/lib/python3.12/site-packages/project3_interfaces/project3_interfaces_s__rosidl_typesupport_introspection_c.so" to ""
-- Installing: /home/sicou2/CSCE452/Project3/Project3-Python/install/project3_interfaces/lib/python3.12/site-packages/project3_interfaces/project3_interfaces_s__rosidl_typesupport_c.so
-- Set non-toolchain portion of runtime path of "/home/sicou2/CSCE452/Project3/Project3-Python/install/project3_interfaces/lib/python3.12/site-packages/project3_interfaces/project3_interfaces_s__rosidl_typesupport_c.so" to ""
-- Installing: /home/sicou2/CSCE452/Project3/Project3-Python/install/project3_interfaces/lib/libproject3_interfaces__rosidl_generator_py.so
-- Set non-toolchain portion of runtime path of "/home/sicou2/CSCE452/Project3/Project3-Python/install/project3_interfaces/lib/libproject3_interfaces__rosidl_generator_py.so" to ""
-- Installing: /home/sicou2/CSCE452/Project3/Project3-Python/install/project3_interfaces/share/project3_interfaces/msg/PersonCandidates.idl
-- Installing: /home/sicou2/CSCE452/Project3/Project3-Python/install/project3_interfaces/share/project3_interfaces/msg/PersonTrack.idl
-- Installing: /home/sicou2/CSCE452/Project3/Project3-Python/install/project3_interfaces/share/project3_interfaces/msg/PersonTracks.idl
-- Installing: /home/sicou2/CSCE452/Project3/Project3-Python/install/project3_interfaces/share/project3_interfaces/msg/PersonCandidates.msg
-- Installing: /home/sicou2/CSCE452/Project3/Project3-Python/install/project3_interfaces/share/project3_interfaces/msg/PersonTrack.msg
-- Installing: /home/sicou2/CSCE452/Project3/Project3-Python/install/project3_interfaces/share/project3_interfaces/msg/PersonTracks.msg
-- Installing: /home/sicou2/CSCE452/Project3/Project3-Python/install/project3_interfaces/share/ament_index/resource_index/package_run_dependencies/project3_interfaces
-- Installing: /home/sicou2/CSCE452/Project3/Project3-Python/install/project3_interfaces/share/ament_index/resource_index/parent_prefix_path/project3_interfaces
-- Installing: /home/sicou2/CSCE452/Project3/Project3-Python/install/project3_interfaces/share/project3_interfaces/environment/ament_prefix_path.sh
-- Installing: /home/sicou2/CSCE452/Project3/Project3-Python/install/project3_interfaces/share/project3_interfaces/environment/ament_prefix_path.dsv
-- Installing: /home/sicou2/CSCE452/Project3/Project3-Python/install/project3_interfaces/share/project3_interfaces/environment/path.sh
-- Installing: /home/sicou2/CSCE452/Project3/Project3-Python/install/project3_interfaces/share/project3_interfaces/environment/path.dsv
-- Installing: /home/sicou2/CSCE452/Project3/Project3-Python/install/project3_interfaces/share/project3_interfaces/local_setup.bash
-- Installing: /home/sicou2/CSCE452/Project3/Project3-Python/install/project3_interfaces/share/project3_interfaces/local_setup.sh
-- Installing: /home/sicou2/CSCE452/Project3/Project3-Python/install/project3_interfaces/share/project3_interfaces/local_setup.zsh
-- Installing: /home/sicou2/CSCE452/Project3/Project3-Python/install/project3_interfaces/share/project3_interfaces/local_setup.dsv
-- Installing: /home/sicou2/CSCE452/Project3/Project3-Python/install/project3_interfaces/share/project3_interfaces/package.dsv
-- Installing: /home/sicou2/CSCE452/Project3/Project3-Python/install/project3_interfaces/share/ament_index/resource_index/packages/project3_interfaces
-- Installing: /home/sicou2/CSCE452/Project3/Project3-Python/install/project3_interfaces/share/project3_interfaces/cmake/export_project3_interfaces__rosidl_generator_cExport.cmake
-- Installing: /home/sicou2/CSCE452/Project3/Project3-Python/install/project3_interfaces/share/project3_interfaces/cmake/export_project3_interfaces__rosidl_generator_cExport-noconfig.cmake
-- Installing: /home/sicou2/CSCE452/Project3/Project3-Python/install/project3_interfaces/share/project3_interfaces/cmake/export_project3_interfaces__rosidl_typesupport_fastrtps_cExport.cmake
-- Installing: /home/sicou2/CSCE452/Project3/Project3-Python/install/project3_interfaces/share/project3_interfaces/cmake/export_project3_interfaces__rosidl_typesupport_fastrtps_cExport-noconfig.cmake
-- Installing: /home/sicou2/CSCE452/Project3/Project3-Python/install/project3_interfaces/share/project3_interfaces/cmake/project3_interfaces__rosidl_typesupport_introspection_cExport.cmake
-- Installing: /home/sicou2/CSCE452/Project3/Project3-Python/install/project3_interfaces/share/project3_interfaces/cmake/project3_interfaces__rosidl_typesupport_introspection_cExport-noconfig.cmake
-- Installing: /home/sicou2/CSCE452/Project3/Project3-Python/install/project3_interfaces/share/project3_interfaces/cmake/project3_interfaces__rosidl_typesupport_cExport.cmake
-- Installing: /home/sicou2/CSCE452/Project3/Project3-Python/install/project3_interfaces/share/project3_interfaces/cmake/project3_interfaces__rosidl_typesupport_cExport-noconfig.cmake
-- Installing: /home/sicou2/CSCE452/Project3/Project3-Python/install/project3_interfaces/share/project3_interfaces/cmake/export_project3_interfaces__rosidl_generator_cppExport.cmake
-- Installing: /home/sicou2/CSCE452/Project3/Project3-Python/install/project3_interfaces/share/project3_interfaces/cmake/export_project3_interfaces__rosidl_typesupport_fastrtps_cppExport.cmake
-- Installing: /home/sicou2/CSCE452/Project3/Project3-Python/install/project3_interfaces/share/project3_interfaces/cmake/export_project3_interfaces__rosidl_typesupport_fastrtps_cppExport-noconfig.cmake
-- Installing: /home/sicou2/CSCE452/Project3/Project3-Python/install/project3_interfaces/share/project3_interfaces/cmake/project3_interfaces__rosidl_typesupport_introspection_cppExport.cmake
-- Installing: /home/sicou2/CSCE452/Project3/Project3-Python/install/project3_interfaces/share/project3_interfaces/cmake/project3_interfaces__rosidl_typesupport_introspection_cppExport-noconfig.cmake
-- Installing: /home/sicou2/CSCE452/Project3/Project3-Python/install/project3_interfaces/share/project3_interfaces/cmake/project3_interfaces__rosidl_typesupport_cppExport.cmake
-- Installing: /home/sicou2/CSCE452/Project3/Project3-Python/install/project3_interfaces/share/project3_interfaces/cmake/project3_interfaces__rosidl_typesupport_cppExport-noconfig.cmake
-- Installing: /home/sicou2/CSCE452/Project3/Project3-Python/install/project3_interfaces/share/project3_interfaces/cmake/export_project3_interfaces__rosidl_generator_pyExport.cmake
-- Installing: /home/sicou2/CSCE452/Project3/Project3-Python/install/project3_interfaces/share/project3_interfaces/cmake/export_project3_interfaces__rosidl_generator_pyExport-noconfig.cmake
-- Installing: /home/sicou2/CSCE452/Project3/Project3-Python/install/project3_interfaces/share/project3_interfaces/cmake/rosidl_cmake-extras.cmake
-- Installing: /home/sicou2/CSCE452/Project3/Project3-Python/install/project3_interfaces/share/project3_interfaces/cmake/ament_cmake_export_dependencies-extras.cmake
-- Installing: /home/sicou2/CSCE452/Project3/Project3-Python/install/project3_interfaces/share/project3_interfaces/cmake/ament_cmake_export_include_directories-extras.cmake
-- Installing: /home/sicou2/CSCE452/Project3/Project3-Python/install/project3_interfaces/share/project3_interfaces/cmake/ament_cmake_export_libraries-extras.cmake
-- Installing: /home/sicou2/CSCE452/Project3/Project3-Python/install/project3_interfaces/share/project3_interfaces/cmake/ament_cmake_export_targets-extras.cmake
-- Installing: /home/sicou2/CSCE452/Project3/Project3-Python/install/project3_interfaces/share/project3_interfaces/cmake/rosidl_cmake_export_typesupport_targets-extras.cmake
-- Installing: /home/sicou2/CSCE452/Project3/Project3-Python/install/project3_interfaces/share/project3_interfaces/cmake/rosidl_cmake_export_typesupport_libraries-extras.cmake
-- Installing: /home/sicou2/CSCE452/Project3/Project3-Python/install/project3_interfaces/share/project3_interfaces/cmake/project3_interfacesConfig.cmake
-- Installing: /home/sicou2/CSCE452/Project3/Project3-Python/install/project3_interfaces/share/project3_interfaces/cmake/project3_interfacesConfig-version.cmake
-- Installing: /home/sicou2/CSCE452/Project3/Project3-Python/install/project3_interfaces/share/project3_interfaces/package.xml
