running develop
Removing /home/sicou2/CSCE452/Project3/Project3-Python/install/project3/lib/python3.12/site-packages/project3.egg-link (link to .)
running egg_info
writing ../../build/project3/project3.egg-info/PKG-INFO
writing dependency_links to ../../build/project3/project3.egg-info/dependency_links.txt
writing entry points to ../../build/project3/project3.egg-info/entry_points.txt
writing requirements to ../../build/project3/project3.egg-info/requires.txt
writing top-level names to ../../build/project3/project3.egg-info/top_level.txt
reading manifest file '../../build/project3/project3.egg-info/SOURCES.txt'
adding license file 'LICENSE'
writing manifest file '../../build/project3/project3.egg-info/SOURCES.txt'
running build
running build_py
copying project3/lidar_processor.py -> /home/sicou2/CSCE452/Project3/Project3-Python/build/project3/build/lib/project3
running install
running install_lib
creating /home/sicou2/CSCE452/Project3/Project3-Python/install/project3/lib/python3.12/site-packages/project3
copying /home/sicou2/CSCE452/Project3/Project3-Python/build/project3/build/lib/project3/lidar_processor.py -> /home/sicou2/CSCE452/Project3/Project3-Python/install/project3/lib/python3.12/site-packages/project3
copying /home/sicou2/CSCE452/Project3/Project3-Python/build/project3/build/lib/project3/marker_publisher.py -> /home/sicou2/CSCE452/Project3/Project3-Python/install/project3/lib/python3.12/site-packages/project3
copying /home/sicou2/CSCE452/Project3/Project3-Python/build/project3/build/lib/project3/utils.py -> /home/sicou2/CSCE452/Project3/Project3-Python/install/project3/lib/python3.12/site-packages/project3
copying /home/sicou2/CSCE452/Project3/Project3-Python/build/project3/build/lib/project3/__init__.py -> /home/sicou2/CSCE452/Project3/Project3-Python/install/project3/lib/python3.12/site-packages/project3
copying /home/sicou2/CSCE452/Project3/Project3-Python/build/project3/build/lib/project3/person_tracker.py -> /home/sicou2/CSCE452/Project3/Project3-Python/install/project3/lib/python3.12/site-packages/project3
byte-compiling /home/sicou2/CSCE452/Project3/Project3-Python/install/project3/lib/python3.12/site-packages/project3/lidar_processor.py to lidar_processor.cpython-312.pyc
byte-compiling /home/sicou2/CSCE452/Project3/Project3-Python/install/project3/lib/python3.12/site-packages/project3/marker_publisher.py to marker_publisher.cpython-312.pyc
byte-compiling /home/sicou2/CSCE452/Project3/Project3-Python/install/project3/lib/python3.12/site-packages/project3/utils.py to utils.cpython-312.pyc
byte-compiling /home/sicou2/CSCE452/Project3/Project3-Python/install/project3/lib/python3.12/site-packages/project3/__init__.py to __init__.cpython-312.pyc
byte-compiling /home/sicou2/CSCE452/Project3/Project3-Python/install/project3/lib/python3.12/site-packages/project3/person_tracker.py to person_tracker.cpython-312.pyc
running install_data
copying resource/project3 -> /home/sicou2/CSCE452/Project3/Project3-Python/install/project3/share/ament_index/resource_index/packages
copying package.xml -> /home/sicou2/CSCE452/Project3/Project3-Python/install/project3/share/project3
running install_egg_info
Copying ../../build/project3/project3.egg-info to /home/sicou2/CSCE452/Project3/Project3-Python/install/project3/lib/python3.12/site-packages/project3-0.0.0-py3.12.egg-info
running install_scripts
Installing lidar_processor script to /home/sicou2/CSCE452/Project3/Project3-Python/install/project3/lib/project3
Installing marker_publisher script to /home/sicou2/CSCE452/Project3/Project3-Python/install/project3/lib/project3
Installing person_tracker script to /home/sicou2/CSCE452/Project3/Project3-Python/install/project3/lib/project3
writing list of installed files to '/home/sicou2/CSCE452/Project3/Project3-Python/build/project3/install.log'
