[0.012s] Invoking command in '/home/sicou2/CSCE452/Project3/Project3-Python/build/project3_interfaces': DEBUGINFOD_URLS=https://debuginfod.ubuntu.com /usr/bin/cmake --build /home/sicou2/CSCE452/Project3/Project3-Python/build/project3_interfaces -- -j4 -l4
[0.073s] [  1%] Built target project3_interfaces__rosidl_generator_type_description
[0.086s] [  1%] Built target ament_cmake_python_copy_project3_interfaces
[0.098s] [  3%] Built target project3_interfaces__cpp
[0.107s] [ 24%] Built target project3_interfaces__rosidl_generator_c
[0.134s] [ 33%] Built target project3_interfaces__rosidl_typesupport_introspection_cpp
[0.139s] [ 42%] Built target project3_interfaces__rosidl_typesupport_cpp
[0.141s] [ 51%] Built target project3_interfaces__rosidl_typesupport_fastrtps_c
[0.161s] [ 61%] Built target project3_interfaces__rosidl_typesupport_introspection_c
[0.170s] [ 70%] Built target project3_interfaces__rosidl_typesupport_c
[0.178s] [ 79%] Built target project3_interfaces__rosidl_typesupport_fastrtps_cpp
[0.202s] [ 79%] Built target project3_interfaces
[0.230s] [ 81%] Built target project3_interfaces__py
[0.259s] [ 88%] Built target project3_interfaces__rosidl_generator_py
[0.285s] [ 92%] Built target project3_interfaces_s__rosidl_typesupport_introspection_c
[0.285s] [ 96%] Built target project3_interfaces_s__rosidl_typesupport_fastrtps_c
[0.285s] [100%] Built target project3_interfaces_s__rosidl_typesupport_c
[0.345s] running egg_info
[0.369s] writing project3_interfaces.egg-info/PKG-INFO
[0.369s] writing dependency_links to project3_interfaces.egg-info/dependency_links.txt
[0.369s] writing top-level names to project3_interfaces.egg-info/top_level.txt
[0.451s] reading manifest file 'project3_interfaces.egg-info/SOURCES.txt'
[0.451s] writing manifest file 'project3_interfaces.egg-info/SOURCES.txt'
[0.492s] [100%] Built target ament_cmake_python_build_project3_interfaces_egg
[0.522s] Invoked command in '/home/sicou2/CSCE452/Project3/Project3-Python/build/project3_interfaces' returned '0': DEBUGINFOD_URLS=https://debuginfod.ubuntu.com /usr/bin/cmake --build /home/sicou2/CSCE452/Project3/Project3-Python/build/project3_interfaces -- -j4 -l4
[0.542s] Invoking command in '/home/sicou2/CSCE452/Project3/Project3-Python/build/project3_interfaces': DEBUGINFOD_URLS=https://debuginfod.ubuntu.com /usr/bin/cmake --install /home/sicou2/CSCE452/Project3/Project3-Python/build/project3_interfaces
[0.552s] -- Install configuration: ""
[0.552s] -- Up-to-date: /home/sicou2/CSCE452/Project3/Project3-Python/install/project3_interfaces/share/ament_index/resource_index/rosidl_interfaces/project3_interfaces
[0.552s] -- Up-to-date: /home/sicou2/CSCE452/Project3/Project3-Python/install/project3_interfaces/share/project3_interfaces/msg/PersonCandidates.json
[0.552s] -- Up-to-date: /home/sicou2/CSCE452/Project3/Project3-Python/install/project3_interfaces/share/project3_interfaces/msg/PersonTrack.json
[0.552s] -- Up-to-date: /home/sicou2/CSCE452/Project3/Project3-Python/install/project3_interfaces/share/project3_interfaces/msg/PersonTracks.json
[0.553s] -- Up-to-date: /home/sicou2/CSCE452/Project3/Project3-Python/install/project3_interfaces/include/project3_interfaces/project3_interfaces
[0.553s] -- Up-to-date: /home/sicou2/CSCE452/Project3/Project3-Python/install/project3_interfaces/include/project3_interfaces/project3_interfaces/msg
[0.553s] -- Up-to-date: /home/sicou2/CSCE452/Project3/Project3-Python/install/project3_interfaces/include/project3_interfaces/project3_interfaces/msg/person_tracks.h
[0.553s] -- Up-to-date: /home/sicou2/CSCE452/Project3/Project3-Python/install/project3_interfaces/include/project3_interfaces/project3_interfaces/msg/person_candidates.h
[0.553s] -- Up-to-date: /home/sicou2/CSCE452/Project3/Project3-Python/install/project3_interfaces/include/project3_interfaces/project3_interfaces/msg/detail
[0.553s] -- Up-to-date: /home/sicou2/CSCE452/Project3/Project3-Python/install/project3_interfaces/include/project3_interfaces/project3_interfaces/msg/detail/person_tracks__type_support.h
[0.553s] -- Up-to-date: /home/sicou2/CSCE452/Project3/Project3-Python/install/project3_interfaces/include/project3_interfaces/project3_interfaces/msg/detail/person_track__type_support.h
[0.553s] -- Up-to-date: /home/sicou2/CSCE452/Project3/Project3-Python/install/project3_interfaces/include/project3_interfaces/project3_interfaces/msg/detail/person_tracks__struct.h
[0.553s] -- Up-to-date: /home/sicou2/CSCE452/Project3/Project3-Python/install/project3_interfaces/include/project3_interfaces/project3_interfaces/msg/detail/person_tracks__type_support.c
[0.553s] -- Up-to-date: /home/sicou2/CSCE452/Project3/Project3-Python/install/project3_interfaces/include/project3_interfaces/project3_interfaces/msg/detail/person_candidates__type_support.h
[0.554s] -- Up-to-date: /home/sicou2/CSCE452/Project3/Project3-Python/install/project3_interfaces/include/project3_interfaces/project3_interfaces/msg/detail/person_candidates__functions.c
[0.554s] -- Up-to-date: /home/sicou2/CSCE452/Project3/Project3-Python/install/project3_interfaces/include/project3_interfaces/project3_interfaces/msg/detail/person_track__functions.c
[0.554s] -- Up-to-date: /home/sicou2/CSCE452/Project3/Project3-Python/install/project3_interfaces/include/project3_interfaces/project3_interfaces/msg/detail/person_tracks__functions.h
[0.554s] -- Up-to-date: /home/sicou2/CSCE452/Project3/Project3-Python/install/project3_interfaces/include/project3_interfaces/project3_interfaces/msg/detail/person_track__description.c
[0.554s] -- Up-to-date: /home/sicou2/CSCE452/Project3/Project3-Python/install/project3_interfaces/include/project3_interfaces/project3_interfaces/msg/detail/person_candidates__description.c
[0.554s] -- Up-to-date: /home/sicou2/CSCE452/Project3/Project3-Python/install/project3_interfaces/include/project3_interfaces/project3_interfaces/msg/detail/person_candidates__functions.h
[0.554s] -- Up-to-date: /home/sicou2/CSCE452/Project3/Project3-Python/install/project3_interfaces/include/project3_interfaces/project3_interfaces/msg/detail/person_track__functions.h
[0.554s] -- Up-to-date: /home/sicou2/CSCE452/Project3/Project3-Python/install/project3_interfaces/include/project3_interfaces/project3_interfaces/msg/detail/person_track__type_support.c
[0.555s] -- Up-to-date: /home/sicou2/CSCE452/Project3/Project3-Python/install/project3_interfaces/include/project3_interfaces/project3_interfaces/msg/detail/person_tracks__description.c
[0.555s] -- Up-to-date: /home/sicou2/CSCE452/Project3/Project3-Python/install/project3_interfaces/include/project3_interfaces/project3_interfaces/msg/detail/person_candidates__type_support.c
[0.555s] -- Up-to-date: /home/sicou2/CSCE452/Project3/Project3-Python/install/project3_interfaces/include/project3_interfaces/project3_interfaces/msg/detail/person_track__struct.h
[0.555s] -- Up-to-date: /home/sicou2/CSCE452/Project3/Project3-Python/install/project3_interfaces/include/project3_interfaces/project3_interfaces/msg/detail/person_tracks__functions.c
[0.555s] -- Up-to-date: /home/sicou2/CSCE452/Project3/Project3-Python/install/project3_interfaces/include/project3_interfaces/project3_interfaces/msg/detail/person_candidates__struct.h
[0.556s] -- Up-to-date: /home/sicou2/CSCE452/Project3/Project3-Python/install/project3_interfaces/include/project3_interfaces/project3_interfaces/msg/rosidl_generator_c__visibility_control.h
[0.556s] -- Up-to-date: /home/sicou2/CSCE452/Project3/Project3-Python/install/project3_interfaces/include/project3_interfaces/project3_interfaces/msg/person_track.h
[0.556s] -- Up-to-date: /home/sicou2/CSCE452/Project3/Project3-Python/install/project3_interfaces/share/project3_interfaces/environment/library_path.sh
[0.556s] -- Up-to-date: /home/sicou2/CSCE452/Project3/Project3-Python/install/project3_interfaces/share/project3_interfaces/environment/library_path.dsv
[0.557s] -- Up-to-date: /home/sicou2/CSCE452/Project3/Project3-Python/install/project3_interfaces/lib/libproject3_interfaces__rosidl_generator_c.so
[0.557s] -- Up-to-date: /home/sicou2/CSCE452/Project3/Project3-Python/install/project3_interfaces/include/project3_interfaces/project3_interfaces
[0.557s] -- Up-to-date: /home/sicou2/CSCE452/Project3/Project3-Python/install/project3_interfaces/include/project3_interfaces/project3_interfaces/msg
[0.558s] -- Up-to-date: /home/sicou2/CSCE452/Project3/Project3-Python/install/project3_interfaces/include/project3_interfaces/project3_interfaces/msg/detail
[0.558s] -- Up-to-date: /home/sicou2/CSCE452/Project3/Project3-Python/install/project3_interfaces/include/project3_interfaces/project3_interfaces/msg/detail/person_track__rosidl_typesupport_fastrtps_c.h
[0.558s] -- Up-to-date: /home/sicou2/CSCE452/Project3/Project3-Python/install/project3_interfaces/include/project3_interfaces/project3_interfaces/msg/detail/person_candidates__rosidl_typesupport_fastrtps_c.h
[0.558s] -- Up-to-date: /home/sicou2/CSCE452/Project3/Project3-Python/install/project3_interfaces/include/project3_interfaces/project3_interfaces/msg/detail/person_tracks__rosidl_typesupport_fastrtps_c.h
[0.559s] -- Up-to-date: /home/sicou2/CSCE452/Project3/Project3-Python/install/project3_interfaces/include/project3_interfaces/project3_interfaces/msg/rosidl_typesupport_fastrtps_c__visibility_control.h
[0.559s] -- Up-to-date: /home/sicou2/CSCE452/Project3/Project3-Python/install/project3_interfaces/lib/libproject3_interfaces__rosidl_typesupport_fastrtps_c.so
[0.559s] -- Up-to-date: /home/sicou2/CSCE452/Project3/Project3-Python/install/project3_interfaces/include/project3_interfaces/project3_interfaces
[0.560s] -- Up-to-date: /home/sicou2/CSCE452/Project3/Project3-Python/install/project3_interfaces/include/project3_interfaces/project3_interfaces/msg
[0.560s] -- Up-to-date: /home/sicou2/CSCE452/Project3/Project3-Python/install/project3_interfaces/include/project3_interfaces/project3_interfaces/msg/detail
[0.560s] -- Up-to-date: /home/sicou2/CSCE452/Project3/Project3-Python/install/project3_interfaces/include/project3_interfaces/project3_interfaces/msg/detail/person_tracks__type_support.c
[0.560s] -- Up-to-date: /home/sicou2/CSCE452/Project3/Project3-Python/install/project3_interfaces/include/project3_interfaces/project3_interfaces/msg/detail/person_track__rosidl_typesupport_introspection_c.h
[0.560s] -- Up-to-date: /home/sicou2/CSCE452/Project3/Project3-Python/install/project3_interfaces/include/project3_interfaces/project3_interfaces/msg/detail/person_tracks__rosidl_typesupport_introspection_c.h
[0.561s] -- Up-to-date: /home/sicou2/CSCE452/Project3/Project3-Python/install/project3_interfaces/include/project3_interfaces/project3_interfaces/msg/detail/person_track__type_support.c
[0.561s] -- Up-to-date: /home/sicou2/CSCE452/Project3/Project3-Python/install/project3_interfaces/include/project3_interfaces/project3_interfaces/msg/detail/person_candidates__type_support.c
[0.561s] -- Up-to-date: /home/sicou2/CSCE452/Project3/Project3-Python/install/project3_interfaces/include/project3_interfaces/project3_interfaces/msg/detail/person_candidates__rosidl_typesupport_introspection_c.h
[0.561s] -- Up-to-date: /home/sicou2/CSCE452/Project3/Project3-Python/install/project3_interfaces/include/project3_interfaces/project3_interfaces/msg/rosidl_typesupport_introspection_c__visibility_control.h
[0.561s] -- Up-to-date: /home/sicou2/CSCE452/Project3/Project3-Python/install/project3_interfaces/lib/libproject3_interfaces__rosidl_typesupport_introspection_c.so
[0.562s] -- Up-to-date: /home/sicou2/CSCE452/Project3/Project3-Python/install/project3_interfaces/lib/libproject3_interfaces__rosidl_typesupport_c.so
[0.563s] -- Up-to-date: /home/sicou2/CSCE452/Project3/Project3-Python/install/project3_interfaces/include/project3_interfaces/project3_interfaces
[0.563s] -- Up-to-date: /home/sicou2/CSCE452/Project3/Project3-Python/install/project3_interfaces/include/project3_interfaces/project3_interfaces/msg
[0.563s] -- Up-to-date: /home/sicou2/CSCE452/Project3/Project3-Python/install/project3_interfaces/include/project3_interfaces/project3_interfaces/msg/person_candidates.hpp
[0.563s] -- Up-to-date: /home/sicou2/CSCE452/Project3/Project3-Python/install/project3_interfaces/include/project3_interfaces/project3_interfaces/msg/person_tracks.hpp
[0.563s] -- Up-to-date: /home/sicou2/CSCE452/Project3/Project3-Python/install/project3_interfaces/include/project3_interfaces/project3_interfaces/msg/detail
[0.563s] -- Up-to-date: /home/sicou2/CSCE452/Project3/Project3-Python/install/project3_interfaces/include/project3_interfaces/project3_interfaces/msg/detail/person_tracks__builder.hpp
[0.564s] -- Up-to-date: /home/sicou2/CSCE452/Project3/Project3-Python/install/project3_interfaces/include/project3_interfaces/project3_interfaces/msg/detail/person_track__struct.hpp
[0.564s] -- Up-to-date: /home/sicou2/CSCE452/Project3/Project3-Python/install/project3_interfaces/include/project3_interfaces/project3_interfaces/msg/detail/person_tracks__type_support.hpp
[0.564s] -- Up-to-date: /home/sicou2/CSCE452/Project3/Project3-Python/install/project3_interfaces/include/project3_interfaces/project3_interfaces/msg/detail/person_track__builder.hpp
[0.564s] -- Up-to-date: /home/sicou2/CSCE452/Project3/Project3-Python/install/project3_interfaces/include/project3_interfaces/project3_interfaces/msg/detail/person_candidates__type_support.hpp
[0.564s] -- Up-to-date: /home/sicou2/CSCE452/Project3/Project3-Python/install/project3_interfaces/include/project3_interfaces/project3_interfaces/msg/detail/person_candidates__struct.hpp
[0.565s] -- Up-to-date: /home/sicou2/CSCE452/Project3/Project3-Python/install/project3_interfaces/include/project3_interfaces/project3_interfaces/msg/detail/person_tracks__struct.hpp
[0.565s] -- Up-to-date: /home/sicou2/CSCE452/Project3/Project3-Python/install/project3_interfaces/include/project3_interfaces/project3_interfaces/msg/detail/person_candidates__traits.hpp
[0.565s] -- Up-to-date: /home/sicou2/CSCE452/Project3/Project3-Python/install/project3_interfaces/include/project3_interfaces/project3_interfaces/msg/detail/person_tracks__traits.hpp
[0.565s] -- Up-to-date: /home/sicou2/CSCE452/Project3/Project3-Python/install/project3_interfaces/include/project3_interfaces/project3_interfaces/msg/detail/person_candidates__builder.hpp
[0.565s] -- Up-to-date: /home/sicou2/CSCE452/Project3/Project3-Python/install/project3_interfaces/include/project3_interfaces/project3_interfaces/msg/detail/person_track__traits.hpp
[0.565s] -- Up-to-date: /home/sicou2/CSCE452/Project3/Project3-Python/install/project3_interfaces/include/project3_interfaces/project3_interfaces/msg/detail/person_track__type_support.hpp
[0.566s] -- Up-to-date: /home/sicou2/CSCE452/Project3/Project3-Python/install/project3_interfaces/include/project3_interfaces/project3_interfaces/msg/rosidl_generator_cpp__visibility_control.hpp
[0.566s] -- Up-to-date: /home/sicou2/CSCE452/Project3/Project3-Python/install/project3_interfaces/include/project3_interfaces/project3_interfaces/msg/person_track.hpp
[0.566s] -- Up-to-date: /home/sicou2/CSCE452/Project3/Project3-Python/install/project3_interfaces/include/project3_interfaces/project3_interfaces
[0.566s] -- Up-to-date: /home/sicou2/CSCE452/Project3/Project3-Python/install/project3_interfaces/include/project3_interfaces/project3_interfaces/msg
[0.566s] -- Up-to-date: /home/sicou2/CSCE452/Project3/Project3-Python/install/project3_interfaces/include/project3_interfaces/project3_interfaces/msg/detail
[0.567s] -- Up-to-date: /home/sicou2/CSCE452/Project3/Project3-Python/install/project3_interfaces/include/project3_interfaces/project3_interfaces/msg/detail/dds_fastrtps
[0.567s] -- Up-to-date: /home/sicou2/CSCE452/Project3/Project3-Python/install/project3_interfaces/include/project3_interfaces/project3_interfaces/msg/detail/person_tracks__rosidl_typesupport_fastrtps_cpp.hpp
[0.567s] -- Up-to-date: /home/sicou2/CSCE452/Project3/Project3-Python/install/project3_interfaces/include/project3_interfaces/project3_interfaces/msg/detail/person_track__rosidl_typesupport_fastrtps_cpp.hpp
[0.568s] -- Up-to-date: /home/sicou2/CSCE452/Project3/Project3-Python/install/project3_interfaces/include/project3_interfaces/project3_interfaces/msg/detail/person_candidates__rosidl_typesupport_fastrtps_cpp.hpp
[0.568s] -- Up-to-date: /home/sicou2/CSCE452/Project3/Project3-Python/install/project3_interfaces/include/project3_interfaces/project3_interfaces/msg/rosidl_typesupport_fastrtps_cpp__visibility_control.h
[0.568s] -- Up-to-date: /home/sicou2/CSCE452/Project3/Project3-Python/install/project3_interfaces/lib/libproject3_interfaces__rosidl_typesupport_fastrtps_cpp.so
[0.568s] -- Up-to-date: /home/sicou2/CSCE452/Project3/Project3-Python/install/project3_interfaces/include/project3_interfaces/project3_interfaces
[0.569s] -- Up-to-date: /home/sicou2/CSCE452/Project3/Project3-Python/install/project3_interfaces/include/project3_interfaces/project3_interfaces/msg
[0.569s] -- Up-to-date: /home/sicou2/CSCE452/Project3/Project3-Python/install/project3_interfaces/include/project3_interfaces/project3_interfaces/msg/detail
[0.569s] -- Up-to-date: /home/sicou2/CSCE452/Project3/Project3-Python/install/project3_interfaces/include/project3_interfaces/project3_interfaces/msg/detail/person_candidates__rosidl_typesupport_introspection_cpp.hpp
[0.569s] -- Up-to-date: /home/sicou2/CSCE452/Project3/Project3-Python/install/project3_interfaces/include/project3_interfaces/project3_interfaces/msg/detail/person_tracks__rosidl_typesupport_introspection_cpp.hpp
[0.569s] -- Up-to-date: /home/sicou2/CSCE452/Project3/Project3-Python/install/project3_interfaces/include/project3_interfaces/project3_interfaces/msg/detail/person_track__type_support.cpp
[0.570s] -- Up-to-date: /home/sicou2/CSCE452/Project3/Project3-Python/install/project3_interfaces/include/project3_interfaces/project3_interfaces/msg/detail/person_candidates__type_support.cpp
[0.570s] -- Up-to-date: /home/sicou2/CSCE452/Project3/Project3-Python/install/project3_interfaces/include/project3_interfaces/project3_interfaces/msg/detail/person_tracks__type_support.cpp
[0.570s] -- Up-to-date: /home/sicou2/CSCE452/Project3/Project3-Python/install/project3_interfaces/include/project3_interfaces/project3_interfaces/msg/detail/person_track__rosidl_typesupport_introspection_cpp.hpp
[0.571s] -- Up-to-date: /home/sicou2/CSCE452/Project3/Project3-Python/install/project3_interfaces/lib/libproject3_interfaces__rosidl_typesupport_introspection_cpp.so
[0.571s] -- Up-to-date: /home/sicou2/CSCE452/Project3/Project3-Python/install/project3_interfaces/lib/libproject3_interfaces__rosidl_typesupport_cpp.so
[0.572s] -- Up-to-date: /home/sicou2/CSCE452/Project3/Project3-Python/install/project3_interfaces/share/project3_interfaces/environment/pythonpath.sh
[0.572s] -- Up-to-date: /home/sicou2/CSCE452/Project3/Project3-Python/install/project3_interfaces/share/project3_interfaces/environment/pythonpath.dsv
[0.572s] -- Up-to-date: /home/sicou2/CSCE452/Project3/Project3-Python/install/project3_interfaces/lib/python3.12/site-packages/project3_interfaces-0.1.0-py3.12.egg-info
[0.572s] -- Installing: /home/sicou2/CSCE452/Project3/Project3-Python/install/project3_interfaces/lib/python3.12/site-packages/project3_interfaces-0.1.0-py3.12.egg-info/dependency_links.txt
[0.573s] -- Installing: /home/sicou2/CSCE452/Project3/Project3-Python/install/project3_interfaces/lib/python3.12/site-packages/project3_interfaces-0.1.0-py3.12.egg-info/SOURCES.txt
[0.573s] -- Installing: /home/sicou2/CSCE452/Project3/Project3-Python/install/project3_interfaces/lib/python3.12/site-packages/project3_interfaces-0.1.0-py3.12.egg-info/PKG-INFO
[0.573s] -- Installing: /home/sicou2/CSCE452/Project3/Project3-Python/install/project3_interfaces/lib/python3.12/site-packages/project3_interfaces-0.1.0-py3.12.egg-info/top_level.txt
[0.574s] -- Up-to-date: /home/sicou2/CSCE452/Project3/Project3-Python/install/project3_interfaces/lib/python3.12/site-packages/project3_interfaces
[0.574s] -- Up-to-date: /home/sicou2/CSCE452/Project3/Project3-Python/install/project3_interfaces/lib/python3.12/site-packages/project3_interfaces/_project3_interfaces_s.ep.rosidl_typesupport_introspection_c.c
[0.574s] -- Up-to-date: /home/sicou2/CSCE452/Project3/Project3-Python/install/project3_interfaces/lib/python3.12/site-packages/project3_interfaces/msg
[0.574s] -- Up-to-date: /home/sicou2/CSCE452/Project3/Project3-Python/install/project3_interfaces/lib/python3.12/site-packages/project3_interfaces/msg/_person_track_s.c
[0.574s] -- Up-to-date: /home/sicou2/CSCE452/Project3/Project3-Python/install/project3_interfaces/lib/python3.12/site-packages/project3_interfaces/msg/_person_track.py
[0.575s] -- Up-to-date: /home/sicou2/CSCE452/Project3/Project3-Python/install/project3_interfaces/lib/python3.12/site-packages/project3_interfaces/msg/_person_candidates.py
[0.575s] -- Up-to-date: /home/sicou2/CSCE452/Project3/Project3-Python/install/project3_interfaces/lib/python3.12/site-packages/project3_interfaces/msg/_person_tracks_s.c
[0.575s] -- Up-to-date: /home/sicou2/CSCE452/Project3/Project3-Python/install/project3_interfaces/lib/python3.12/site-packages/project3_interfaces/msg/_person_tracks.py
[0.575s] -- Up-to-date: /home/sicou2/CSCE452/Project3/Project3-Python/install/project3_interfaces/lib/python3.12/site-packages/project3_interfaces/msg/_person_candidates_s.c
[0.575s] -- Up-to-date: /home/sicou2/CSCE452/Project3/Project3-Python/install/project3_interfaces/lib/python3.12/site-packages/project3_interfaces/msg/__init__.py
[0.575s] -- Up-to-date: /home/sicou2/CSCE452/Project3/Project3-Python/install/project3_interfaces/lib/python3.12/site-packages/project3_interfaces/project3_interfaces_s__rosidl_typesupport_fastrtps_c.so
[0.576s] -- Up-to-date: /home/sicou2/CSCE452/Project3/Project3-Python/install/project3_interfaces/lib/python3.12/site-packages/project3_interfaces/project3_interfaces_s__rosidl_typesupport_introspection_c.so
[0.576s] -- Up-to-date: /home/sicou2/CSCE452/Project3/Project3-Python/install/project3_interfaces/lib/python3.12/site-packages/project3_interfaces/_project3_interfaces_s.ep.rosidl_typesupport_fastrtps_c.c
[0.576s] -- Up-to-date: /home/sicou2/CSCE452/Project3/Project3-Python/install/project3_interfaces/lib/python3.12/site-packages/project3_interfaces/__init__.py
[0.576s] -- Up-to-date: /home/sicou2/CSCE452/Project3/Project3-Python/install/project3_interfaces/lib/python3.12/site-packages/project3_interfaces/project3_interfaces_s__rosidl_typesupport_c.so
[0.577s] -- Up-to-date: /home/sicou2/CSCE452/Project3/Project3-Python/install/project3_interfaces/lib/python3.12/site-packages/project3_interfaces/_project3_interfaces_s.ep.rosidl_typesupport_c.c
[0.615s] Listing '/home/sicou2/CSCE452/Project3/Project3-Python/install/project3_interfaces/lib/python3.12/site-packages/project3_interfaces'...
[0.615s] Listing '/home/sicou2/CSCE452/Project3/Project3-Python/install/project3_interfaces/lib/python3.12/site-packages/project3_interfaces/msg'...
[0.621s] -- Up-to-date: /home/sicou2/CSCE452/Project3/Project3-Python/install/project3_interfaces/lib/python3.12/site-packages/project3_interfaces/project3_interfaces_s__rosidl_typesupport_fastrtps_c.so
[0.622s] -- Up-to-date: /home/sicou2/CSCE452/Project3/Project3-Python/install/project3_interfaces/lib/python3.12/site-packages/project3_interfaces/project3_interfaces_s__rosidl_typesupport_introspection_c.so
[0.622s] -- Up-to-date: /home/sicou2/CSCE452/Project3/Project3-Python/install/project3_interfaces/lib/python3.12/site-packages/project3_interfaces/project3_interfaces_s__rosidl_typesupport_c.so
[0.623s] -- Up-to-date: /home/sicou2/CSCE452/Project3/Project3-Python/install/project3_interfaces/lib/libproject3_interfaces__rosidl_generator_py.so
[0.623s] -- Up-to-date: /home/sicou2/CSCE452/Project3/Project3-Python/install/project3_interfaces/share/project3_interfaces/msg/PersonCandidates.idl
[0.624s] -- Up-to-date: /home/sicou2/CSCE452/Project3/Project3-Python/install/project3_interfaces/share/project3_interfaces/msg/PersonTrack.idl
[0.624s] -- Up-to-date: /home/sicou2/CSCE452/Project3/Project3-Python/install/project3_interfaces/share/project3_interfaces/msg/PersonTracks.idl
[0.624s] -- Up-to-date: /home/sicou2/CSCE452/Project3/Project3-Python/install/project3_interfaces/share/project3_interfaces/msg/PersonCandidates.msg
[0.624s] -- Up-to-date: /home/sicou2/CSCE452/Project3/Project3-Python/install/project3_interfaces/share/project3_interfaces/msg/PersonTrack.msg
[0.624s] -- Up-to-date: /home/sicou2/CSCE452/Project3/Project3-Python/install/project3_interfaces/share/project3_interfaces/msg/PersonTracks.msg
[0.624s] -- Up-to-date: /home/sicou2/CSCE452/Project3/Project3-Python/install/project3_interfaces/share/ament_index/resource_index/package_run_dependencies/project3_interfaces
[0.624s] -- Up-to-date: /home/sicou2/CSCE452/Project3/Project3-Python/install/project3_interfaces/share/ament_index/resource_index/parent_prefix_path/project3_interfaces
[0.624s] -- Up-to-date: /home/sicou2/CSCE452/Project3/Project3-Python/install/project3_interfaces/share/project3_interfaces/environment/ament_prefix_path.sh
[0.624s] -- Up-to-date: /home/sicou2/CSCE452/Project3/Project3-Python/install/project3_interfaces/share/project3_interfaces/environment/ament_prefix_path.dsv
[0.624s] -- Up-to-date: /home/sicou2/CSCE452/Project3/Project3-Python/install/project3_interfaces/share/project3_interfaces/environment/path.sh
[0.625s] -- Up-to-date: /home/sicou2/CSCE452/Project3/Project3-Python/install/project3_interfaces/share/project3_interfaces/environment/path.dsv
[0.625s] -- Up-to-date: /home/sicou2/CSCE452/Project3/Project3-Python/install/project3_interfaces/share/project3_interfaces/local_setup.bash
[0.625s] -- Up-to-date: /home/sicou2/CSCE452/Project3/Project3-Python/install/project3_interfaces/share/project3_interfaces/local_setup.sh
[0.625s] -- Up-to-date: /home/sicou2/CSCE452/Project3/Project3-Python/install/project3_interfaces/share/project3_interfaces/local_setup.zsh
[0.625s] -- Up-to-date: /home/sicou2/CSCE452/Project3/Project3-Python/install/project3_interfaces/share/project3_interfaces/local_setup.dsv
[0.625s] -- Installing: /home/sicou2/CSCE452/Project3/Project3-Python/install/project3_interfaces/share/project3_interfaces/package.dsv
[0.625s] -- Up-to-date: /home/sicou2/CSCE452/Project3/Project3-Python/install/project3_interfaces/share/ament_index/resource_index/packages/project3_interfaces
[0.625s] -- Up-to-date: /home/sicou2/CSCE452/Project3/Project3-Python/install/project3_interfaces/share/project3_interfaces/cmake/export_project3_interfaces__rosidl_generator_cExport.cmake
[0.625s] -- Up-to-date: /home/sicou2/CSCE452/Project3/Project3-Python/install/project3_interfaces/share/project3_interfaces/cmake/export_project3_interfaces__rosidl_generator_cExport-noconfig.cmake
[0.625s] -- Up-to-date: /home/sicou2/CSCE452/Project3/Project3-Python/install/project3_interfaces/share/project3_interfaces/cmake/export_project3_interfaces__rosidl_typesupport_fastrtps_cExport.cmake
[0.626s] -- Up-to-date: /home/sicou2/CSCE452/Project3/Project3-Python/install/project3_interfaces/share/project3_interfaces/cmake/export_project3_interfaces__rosidl_typesupport_fastrtps_cExport-noconfig.cmake
[0.626s] -- Up-to-date: /home/sicou2/CSCE452/Project3/Project3-Python/install/project3_interfaces/share/project3_interfaces/cmake/project3_interfaces__rosidl_typesupport_introspection_cExport.cmake
[0.626s] -- Up-to-date: /home/sicou2/CSCE452/Project3/Project3-Python/install/project3_interfaces/share/project3_interfaces/cmake/project3_interfaces__rosidl_typesupport_introspection_cExport-noconfig.cmake
[0.626s] -- Up-to-date: /home/sicou2/CSCE452/Project3/Project3-Python/install/project3_interfaces/share/project3_interfaces/cmake/project3_interfaces__rosidl_typesupport_cExport.cmake
[0.626s] -- Up-to-date: /home/sicou2/CSCE452/Project3/Project3-Python/install/project3_interfaces/share/project3_interfaces/cmake/project3_interfaces__rosidl_typesupport_cExport-noconfig.cmake
[0.626s] -- Up-to-date: /home/sicou2/CSCE452/Project3/Project3-Python/install/project3_interfaces/share/project3_interfaces/cmake/export_project3_interfaces__rosidl_generator_cppExport.cmake
[0.626s] -- Up-to-date: /home/sicou2/CSCE452/Project3/Project3-Python/install/project3_interfaces/share/project3_interfaces/cmake/export_project3_interfaces__rosidl_typesupport_fastrtps_cppExport.cmake
[0.626s] -- Up-to-date: /home/sicou2/CSCE452/Project3/Project3-Python/install/project3_interfaces/share/project3_interfaces/cmake/export_project3_interfaces__rosidl_typesupport_fastrtps_cppExport-noconfig.cmake
[0.626s] -- Up-to-date: /home/sicou2/CSCE452/Project3/Project3-Python/install/project3_interfaces/share/project3_interfaces/cmake/project3_interfaces__rosidl_typesupport_introspection_cppExport.cmake
[0.626s] -- Up-to-date: /home/sicou2/CSCE452/Project3/Project3-Python/install/project3_interfaces/share/project3_interfaces/cmake/project3_interfaces__rosidl_typesupport_introspection_cppExport-noconfig.cmake
[0.627s] -- Up-to-date: /home/sicou2/CSCE452/Project3/Project3-Python/install/project3_interfaces/share/project3_interfaces/cmake/project3_interfaces__rosidl_typesupport_cppExport.cmake
[0.627s] -- Up-to-date: /home/sicou2/CSCE452/Project3/Project3-Python/install/project3_interfaces/share/project3_interfaces/cmake/project3_interfaces__rosidl_typesupport_cppExport-noconfig.cmake
[0.627s] -- Up-to-date: /home/sicou2/CSCE452/Project3/Project3-Python/install/project3_interfaces/share/project3_interfaces/cmake/export_project3_interfaces__rosidl_generator_pyExport.cmake
[0.627s] -- Up-to-date: /home/sicou2/CSCE452/Project3/Project3-Python/install/project3_interfaces/share/project3_interfaces/cmake/export_project3_interfaces__rosidl_generator_pyExport-noconfig.cmake
[0.627s] -- Up-to-date: /home/sicou2/CSCE452/Project3/Project3-Python/install/project3_interfaces/share/project3_interfaces/cmake/rosidl_cmake-extras.cmake
[0.627s] -- Up-to-date: /home/sicou2/CSCE452/Project3/Project3-Python/install/project3_interfaces/share/project3_interfaces/cmake/ament_cmake_export_dependencies-extras.cmake
[0.627s] -- Up-to-date: /home/sicou2/CSCE452/Project3/Project3-Python/install/project3_interfaces/share/project3_interfaces/cmake/ament_cmake_export_include_directories-extras.cmake
[0.627s] -- Up-to-date: /home/sicou2/CSCE452/Project3/Project3-Python/install/project3_interfaces/share/project3_interfaces/cmake/ament_cmake_export_libraries-extras.cmake
[0.627s] -- Up-to-date: /home/sicou2/CSCE452/Project3/Project3-Python/install/project3_interfaces/share/project3_interfaces/cmake/ament_cmake_export_targets-extras.cmake
[0.627s] -- Up-to-date: /home/sicou2/CSCE452/Project3/Project3-Python/install/project3_interfaces/share/project3_interfaces/cmake/rosidl_cmake_export_typesupport_targets-extras.cmake
[0.627s] -- Up-to-date: /home/sicou2/CSCE452/Project3/Project3-Python/install/project3_interfaces/share/project3_interfaces/cmake/rosidl_cmake_export_typesupport_libraries-extras.cmake
[0.627s] -- Up-to-date: /home/sicou2/CSCE452/Project3/Project3-Python/install/project3_interfaces/share/project3_interfaces/cmake/project3_interfacesConfig.cmake
[0.628s] -- Up-to-date: /home/sicou2/CSCE452/Project3/Project3-Python/install/project3_interfaces/share/project3_interfaces/cmake/project3_interfacesConfig-version.cmake
[0.628s] -- Up-to-date: /home/sicou2/CSCE452/Project3/Project3-Python/install/project3_interfaces/share/project3_interfaces/package.xml
[0.630s] Invoked command in '/home/sicou2/CSCE452/Project3/Project3-Python/build/project3_interfaces' returned '0': DEBUGINFOD_URLS=https://debuginfod.ubuntu.com /usr/bin/cmake --install /home/sicou2/CSCE452/Project3/Project3-Python/build/project3_interfaces
