[0.919s] Invoking command in '/home/sicou2/CSCE452/Project3/Project3-Python/src/project3': CMAKE_PREFIX_PATH=/home/sicou2/CSCE452/Project3/Project3-Python/install/project3_interfaces:${CMAKE_PREFIX_PATH} DEBUGINFOD_URLS=https://debuginfod.ubuntu.com LD_LIBRARY_PATH=/home/sicou2/CSCE452/Project3/Project3-Python/install/project3_interfaces/lib:${LD_LIBRARY_PATH} PKG_CONFIG_PATH=/home/sicou2/CSCE452/Project3/Project3-Python/install/project3_interfaces/lib/x86_64-linux-gnu/pkgconfig:/home/sicou2/CSCE452/Project3/Project3-Python/install/project3_interfaces/lib/pkgconfig PYTHONPATH=/home/sicou2/CSCE452/Project3/Project3-Python/build/project3/prefix_override:/usr/lib/python3/dist-packages/colcon_core/task/python/colcon_distutils_commands:/home/sicou2/CSCE452/Project3/Project3-Python/install/project3/lib/python3.12/site-packages:/home/sicou2/CSCE452/Project3/Project3-Python/install/project3_interfaces/lib/python3.12/site-packages:${PYTHONPATH} ROS_PACKAGE_PATH=/home/sicou2/CSCE452/Project3/Project3-Python/install/project3_interfaces/share /usr/bin/python3 -W ignore:setup.py install is deprecated -W ignore:easy_install command is deprecated setup.py egg_info --egg-base ../../build/project3 build --build-base /home/sicou2/CSCE452/Project3/Project3-Python/build/project3/build install --record /home/sicou2/CSCE452/Project3/Project3-Python/build/project3/install.log --single-version-externally-managed install_data
[1.223s] running egg_info
[1.247s] writing ../../build/project3/project3.egg-info/PKG-INFO
[1.247s] writing dependency_links to ../../build/project3/project3.egg-info/dependency_links.txt
[1.247s] writing entry points to ../../build/project3/project3.egg-info/entry_points.txt
[1.248s] writing requirements to ../../build/project3/project3.egg-info/requires.txt
[1.248s] writing top-level names to ../../build/project3/project3.egg-info/top_level.txt
[1.296s] reading manifest file '../../build/project3/project3.egg-info/SOURCES.txt'
[1.297s] adding license file 'LICENSE'
[1.297s] writing manifest file '../../build/project3/project3.egg-info/SOURCES.txt'
[1.298s] running build
[1.298s] running build_py
[1.298s] running install
[1.304s] running install_lib
[1.328s] running install_data
[1.328s] copying package.xml -> /home/sicou2/CSCE452/Project3/Project3-Python/install/project3/share/project3
[1.328s] running install_egg_info
[1.354s] removing '/home/sicou2/CSCE452/Project3/Project3-Python/install/project3/lib/python3.12/site-packages/project3-0.0.0-py3.12.egg-info' (and everything under it)
[1.354s] Copying ../../build/project3/project3.egg-info to /home/sicou2/CSCE452/Project3/Project3-Python/install/project3/lib/python3.12/site-packages/project3-0.0.0-py3.12.egg-info
[1.356s] running install_scripts
[1.516s] Installing lidar_processor script to /home/sicou2/CSCE452/Project3/Project3-Python/install/project3/lib/project3
[1.517s] Installing marker_publisher script to /home/sicou2/CSCE452/Project3/Project3-Python/install/project3/lib/project3
[1.517s] Installing person_tracker script to /home/sicou2/CSCE452/Project3/Project3-Python/install/project3/lib/project3
[1.517s] writing list of installed files to '/home/sicou2/CSCE452/Project3/Project3-Python/build/project3/install.log'
[1.547s] Invoked command in '/home/sicou2/CSCE452/Project3/Project3-Python/src/project3' returned '0': CMAKE_PREFIX_PATH=/home/sicou2/CSCE452/Project3/Project3-Python/install/project3_interfaces:${CMAKE_PREFIX_PATH} DEBUGINFOD_URLS=https://debuginfod.ubuntu.com LD_LIBRARY_PATH=/home/sicou2/CSCE452/Project3/Project3-Python/install/project3_interfaces/lib:${LD_LIBRARY_PATH} PKG_CONFIG_PATH=/home/sicou2/CSCE452/Project3/Project3-Python/install/project3_interfaces/lib/x86_64-linux-gnu/pkgconfig:/home/sicou2/CSCE452/Project3/Project3-Python/install/project3_interfaces/lib/pkgconfig PYTHONPATH=/home/sicou2/CSCE452/Project3/Project3-Python/build/project3/prefix_override:/usr/lib/python3/dist-packages/colcon_core/task/python/colcon_distutils_commands:/home/sicou2/CSCE452/Project3/Project3-Python/install/project3/lib/python3.12/site-packages:/home/sicou2/CSCE452/Project3/Project3-Python/install/project3_interfaces/lib/python3.12/site-packages:${PYTHONPATH} ROS_PACKAGE_PATH=/home/sicou2/CSCE452/Project3/Project3-Python/install/project3_interfaces/share /usr/bin/python3 -W ignore:setup.py install is deprecated -W ignore:easy_install command is deprecated setup.py egg_info --egg-base ../../build/project3 build --build-base /home/sicou2/CSCE452/Project3/Project3-Python/build/project3/build install --record /home/sicou2/CSCE452/Project3/Project3-Python/build/project3/install.log --single-version-externally-managed install_data
