[0.115s] DEBUG:colcon:Command line arguments: ['/usr/bin/colcon', 'build']
[0.115s] DEBUG:colcon:Parsed command line arguments: Namespace(log_base=None, log_level=None, verb_name='build', build_base='build', install_base='install', merge_install=False, symlink_install=False, test_result_base=None, continue_on_error=False, executor='parallel', parallel_workers=4, event_handlers=None, ignore_user_meta=False, metas=['./colcon.meta'], base_paths=['.'], packages_ignore=None, packages_ignore_regex=None, paths=None, packages_up_to=None, packages_up_to_regex=None, packages_above=None, packages_above_and_dependencies=None, packages_above_depth=None, packages_select_by_dep=None, packages_skip_by_dep=None, packages_skip_up_to=None, packages_select_build_failed=False, packages_skip_build_finished=False, packages_select_test_failures=False, packages_skip_test_passed=False, packages_select=None, packages_skip=None, packages_select_regex=None, packages_skip_regex=None, packages_start=None, packages_end=None, allow_overriding=[], cmake_args=None, cmake_target=None, cmake_target_skip_unavailable=False, cmake_clean_cache=False, cmake_clean_first=False, cmake_force_configure=False, ament_cmake_args=None, catkin_cmake_args=None, catkin_skip_building_tests=False, mixin_files=None, mixin=None, verb_parser=<colcon_mixin.mixin.mixin_argument.MixinArgumentDecorator object at 0x72a993782960>, verb_extension=<colcon_core.verb.build.BuildVerb object at 0x72a992f8fb90>, main=<bound method BuildVerb.main of <colcon_core.verb.build.BuildVerb object at 0x72a992f8fb90>>, mixin_verb=('build',))
[0.156s] Level 1:colcon.colcon_core.package_discovery:discover_packages(colcon_meta) check parameters
[0.156s] Level 1:colcon.colcon_core.package_discovery:discover_packages(recursive) check parameters
[0.156s] Level 1:colcon.colcon_core.package_discovery:discover_packages(ignore) check parameters
[0.156s] Level 1:colcon.colcon_core.package_discovery:discover_packages(path) check parameters
[0.156s] Level 1:colcon.colcon_core.package_discovery:discover_packages(colcon_meta) discover
[0.156s] Level 1:colcon.colcon_core.package_discovery:discover_packages(recursive) discover
[0.156s] INFO:colcon.colcon_core.package_discovery:Crawling recursively for packages in '/home/sicou2/CSCE452/Project3/Project3-Python'
[0.156s] Level 1:colcon.colcon_core.package_identification:_identify(.) by extensions ['ignore', 'ignore_ament_install']
[0.157s] Level 1:colcon.colcon_core.package_identification:_identify(.) by extension 'ignore'
[0.157s] Level 1:colcon.colcon_core.package_identification:_identify(.) by extension 'ignore_ament_install'
[0.157s] Level 1:colcon.colcon_core.package_identification:_identify(.) by extensions ['colcon_pkg']
[0.157s] Level 1:colcon.colcon_core.package_identification:_identify(.) by extension 'colcon_pkg'
[0.157s] Level 1:colcon.colcon_core.package_identification:_identify(.) by extensions ['colcon_meta']
[0.157s] Level 1:colcon.colcon_core.package_identification:_identify(.) by extension 'colcon_meta'
[0.157s] Level 1:colcon.colcon_core.package_identification:_identify(.) by extensions ['ros']
[0.157s] Level 1:colcon.colcon_core.package_identification:_identify(.) by extension 'ros'
[0.182s] Level 1:colcon.colcon_core.package_identification:_identify(.) by extensions ['cmake', 'python']
[0.182s] Level 1:colcon.colcon_core.package_identification:_identify(.) by extension 'cmake'
[0.183s] Level 1:colcon.colcon_core.package_identification:_identify(.) by extension 'python'
[0.183s] Level 1:colcon.colcon_core.package_identification:_identify(.) by extensions ['python_setup_py']
[0.183s] Level 1:colcon.colcon_core.package_identification:_identify(.) by extension 'python_setup_py'
[0.183s] Level 1:colcon.colcon_core.package_identification:_identify(archive) by extensions ['ignore', 'ignore_ament_install']
[0.183s] Level 1:colcon.colcon_core.package_identification:_identify(archive) by extension 'ignore'
[0.183s] Level 1:colcon.colcon_core.package_identification:_identify(archive) by extension 'ignore_ament_install'
[0.183s] Level 1:colcon.colcon_core.package_identification:_identify(archive) by extensions ['colcon_pkg']
[0.183s] Level 1:colcon.colcon_core.package_identification:_identify(archive) by extension 'colcon_pkg'
[0.183s] Level 1:colcon.colcon_core.package_identification:_identify(archive) by extensions ['colcon_meta']
[0.183s] Level 1:colcon.colcon_core.package_identification:_identify(archive) by extension 'colcon_meta'
[0.183s] Level 1:colcon.colcon_core.package_identification:_identify(archive) by extensions ['ros']
[0.183s] Level 1:colcon.colcon_core.package_identification:_identify(archive) by extension 'ros'
[0.183s] Level 1:colcon.colcon_core.package_identification:_identify(archive) by extensions ['cmake', 'python']
[0.183s] Level 1:colcon.colcon_core.package_identification:_identify(archive) by extension 'cmake'
[0.183s] Level 1:colcon.colcon_core.package_identification:_identify(archive) by extension 'python'
[0.183s] Level 1:colcon.colcon_core.package_identification:_identify(archive) by extensions ['python_setup_py']
[0.183s] Level 1:colcon.colcon_core.package_identification:_identify(archive) by extension 'python_setup_py'
[0.184s] Level 1:colcon.colcon_core.package_identification:_identify(build) by extensions ['ignore', 'ignore_ament_install']
[0.184s] Level 1:colcon.colcon_core.package_identification:_identify(build) by extension 'ignore'
[0.184s] Level 1:colcon.colcon_core.package_identification:_identify(build) ignored
[0.184s] Level 1:colcon.colcon_core.package_identification:_identify(install) by extensions ['ignore', 'ignore_ament_install']
[0.184s] Level 1:colcon.colcon_core.package_identification:_identify(install) by extension 'ignore'
[0.184s] Level 1:colcon.colcon_core.package_identification:_identify(install) ignored
[0.184s] Level 1:colcon.colcon_core.package_identification:_identify(log) by extensions ['ignore', 'ignore_ament_install']
[0.184s] Level 1:colcon.colcon_core.package_identification:_identify(log) by extension 'ignore'
[0.184s] Level 1:colcon.colcon_core.package_identification:_identify(log) ignored
[0.184s] Level 1:colcon.colcon_core.package_identification:_identify(project3-bags) by extensions ['ignore', 'ignore_ament_install']
[0.185s] Level 1:colcon.colcon_core.package_identification:_identify(project3-bags) by extension 'ignore'
[0.185s] Level 1:colcon.colcon_core.package_identification:_identify(project3-bags) by extension 'ignore_ament_install'
[0.185s] Level 1:colcon.colcon_core.package_identification:_identify(project3-bags) by extensions ['colcon_pkg']
[0.185s] Level 1:colcon.colcon_core.package_identification:_identify(project3-bags) by extension 'colcon_pkg'
[0.185s] Level 1:colcon.colcon_core.package_identification:_identify(project3-bags) by extensions ['colcon_meta']
[0.185s] Level 1:colcon.colcon_core.package_identification:_identify(project3-bags) by extension 'colcon_meta'
[0.185s] Level 1:colcon.colcon_core.package_identification:_identify(project3-bags) by extensions ['ros']
[0.185s] Level 1:colcon.colcon_core.package_identification:_identify(project3-bags) by extension 'ros'
[0.185s] Level 1:colcon.colcon_core.package_identification:_identify(project3-bags) by extensions ['cmake', 'python']
[0.185s] Level 1:colcon.colcon_core.package_identification:_identify(project3-bags) by extension 'cmake'
[0.185s] Level 1:colcon.colcon_core.package_identification:_identify(project3-bags) by extension 'python'
[0.185s] Level 1:colcon.colcon_core.package_identification:_identify(project3-bags) by extensions ['python_setup_py']
[0.185s] Level 1:colcon.colcon_core.package_identification:_identify(project3-bags) by extension 'python_setup_py'
[0.185s] Level 1:colcon.colcon_core.package_identification:_identify(project3-bags/01) by extensions ['ignore', 'ignore_ament_install']
[0.185s] Level 1:colcon.colcon_core.package_identification:_identify(project3-bags/01) by extension 'ignore'
[0.186s] Level 1:colcon.colcon_core.package_identification:_identify(project3-bags/01) by extension 'ignore_ament_install'
[0.186s] Level 1:colcon.colcon_core.package_identification:_identify(project3-bags/01) by extensions ['colcon_pkg']
[0.186s] Level 1:colcon.colcon_core.package_identification:_identify(project3-bags/01) by extension 'colcon_pkg'
[0.186s] Level 1:colcon.colcon_core.package_identification:_identify(project3-bags/01) by extensions ['colcon_meta']
[0.186s] Level 1:colcon.colcon_core.package_identification:_identify(project3-bags/01) by extension 'colcon_meta'
[0.186s] Level 1:colcon.colcon_core.package_identification:_identify(project3-bags/01) by extensions ['ros']
[0.186s] Level 1:colcon.colcon_core.package_identification:_identify(project3-bags/01) by extension 'ros'
[0.186s] Level 1:colcon.colcon_core.package_identification:_identify(project3-bags/01) by extensions ['cmake', 'python']
[0.186s] Level 1:colcon.colcon_core.package_identification:_identify(project3-bags/01) by extension 'cmake'
[0.186s] Level 1:colcon.colcon_core.package_identification:_identify(project3-bags/01) by extension 'python'
[0.186s] Level 1:colcon.colcon_core.package_identification:_identify(project3-bags/01) by extensions ['python_setup_py']
[0.186s] Level 1:colcon.colcon_core.package_identification:_identify(project3-bags/01) by extension 'python_setup_py'
[0.186s] Level 1:colcon.colcon_core.package_identification:_identify(project3-bags/02) by extensions ['ignore', 'ignore_ament_install']
[0.186s] Level 1:colcon.colcon_core.package_identification:_identify(project3-bags/02) by extension 'ignore'
[0.186s] Level 1:colcon.colcon_core.package_identification:_identify(project3-bags/02) by extension 'ignore_ament_install'
[0.186s] Level 1:colcon.colcon_core.package_identification:_identify(project3-bags/02) by extensions ['colcon_pkg']
[0.187s] Level 1:colcon.colcon_core.package_identification:_identify(project3-bags/02) by extension 'colcon_pkg'
[0.187s] Level 1:colcon.colcon_core.package_identification:_identify(project3-bags/02) by extensions ['colcon_meta']
[0.187s] Level 1:colcon.colcon_core.package_identification:_identify(project3-bags/02) by extension 'colcon_meta'
[0.187s] Level 1:colcon.colcon_core.package_identification:_identify(project3-bags/02) by extensions ['ros']
[0.187s] Level 1:colcon.colcon_core.package_identification:_identify(project3-bags/02) by extension 'ros'
[0.187s] Level 1:colcon.colcon_core.package_identification:_identify(project3-bags/02) by extensions ['cmake', 'python']
[0.187s] Level 1:colcon.colcon_core.package_identification:_identify(project3-bags/02) by extension 'cmake'
[0.187s] Level 1:colcon.colcon_core.package_identification:_identify(project3-bags/02) by extension 'python'
[0.187s] Level 1:colcon.colcon_core.package_identification:_identify(project3-bags/02) by extensions ['python_setup_py']
[0.187s] Level 1:colcon.colcon_core.package_identification:_identify(project3-bags/02) by extension 'python_setup_py'
[0.187s] Level 1:colcon.colcon_core.package_identification:_identify(project3-bags/03) by extensions ['ignore', 'ignore_ament_install']
[0.187s] Level 1:colcon.colcon_core.package_identification:_identify(project3-bags/03) by extension 'ignore'
[0.187s] Level 1:colcon.colcon_core.package_identification:_identify(project3-bags/03) by extension 'ignore_ament_install'
[0.187s] Level 1:colcon.colcon_core.package_identification:_identify(project3-bags/03) by extensions ['colcon_pkg']
[0.187s] Level 1:colcon.colcon_core.package_identification:_identify(project3-bags/03) by extension 'colcon_pkg'
[0.187s] Level 1:colcon.colcon_core.package_identification:_identify(project3-bags/03) by extensions ['colcon_meta']
[0.187s] Level 1:colcon.colcon_core.package_identification:_identify(project3-bags/03) by extension 'colcon_meta'
[0.187s] Level 1:colcon.colcon_core.package_identification:_identify(project3-bags/03) by extensions ['ros']
[0.187s] Level 1:colcon.colcon_core.package_identification:_identify(project3-bags/03) by extension 'ros'
[0.188s] Level 1:colcon.colcon_core.package_identification:_identify(project3-bags/03) by extensions ['cmake', 'python']
[0.188s] Level 1:colcon.colcon_core.package_identification:_identify(project3-bags/03) by extension 'cmake'
[0.188s] Level 1:colcon.colcon_core.package_identification:_identify(project3-bags/03) by extension 'python'
[0.188s] Level 1:colcon.colcon_core.package_identification:_identify(project3-bags/03) by extensions ['python_setup_py']
[0.188s] Level 1:colcon.colcon_core.package_identification:_identify(project3-bags/03) by extension 'python_setup_py'
[0.188s] Level 1:colcon.colcon_core.package_identification:_identify(project3-bags/04) by extensions ['ignore', 'ignore_ament_install']
[0.188s] Level 1:colcon.colcon_core.package_identification:_identify(project3-bags/04) by extension 'ignore'
[0.188s] Level 1:colcon.colcon_core.package_identification:_identify(project3-bags/04) by extension 'ignore_ament_install'
[0.188s] Level 1:colcon.colcon_core.package_identification:_identify(project3-bags/04) by extensions ['colcon_pkg']
[0.188s] Level 1:colcon.colcon_core.package_identification:_identify(project3-bags/04) by extension 'colcon_pkg'
[0.188s] Level 1:colcon.colcon_core.package_identification:_identify(project3-bags/04) by extensions ['colcon_meta']
[0.188s] Level 1:colcon.colcon_core.package_identification:_identify(project3-bags/04) by extension 'colcon_meta'
[0.188s] Level 1:colcon.colcon_core.package_identification:_identify(project3-bags/04) by extensions ['ros']
[0.188s] Level 1:colcon.colcon_core.package_identification:_identify(project3-bags/04) by extension 'ros'
[0.188s] Level 1:colcon.colcon_core.package_identification:_identify(project3-bags/04) by extensions ['cmake', 'python']
[0.188s] Level 1:colcon.colcon_core.package_identification:_identify(project3-bags/04) by extension 'cmake'
[0.188s] Level 1:colcon.colcon_core.package_identification:_identify(project3-bags/04) by extension 'python'
[0.189s] Level 1:colcon.colcon_core.package_identification:_identify(project3-bags/04) by extensions ['python_setup_py']
[0.189s] Level 1:colcon.colcon_core.package_identification:_identify(project3-bags/04) by extension 'python_setup_py'
[0.189s] Level 1:colcon.colcon_core.package_identification:_identify(project3-bags/05) by extensions ['ignore', 'ignore_ament_install']
[0.189s] Level 1:colcon.colcon_core.package_identification:_identify(project3-bags/05) by extension 'ignore'
[0.189s] Level 1:colcon.colcon_core.package_identification:_identify(project3-bags/05) by extension 'ignore_ament_install'
[0.189s] Level 1:colcon.colcon_core.package_identification:_identify(project3-bags/05) by extensions ['colcon_pkg']
[0.189s] Level 1:colcon.colcon_core.package_identification:_identify(project3-bags/05) by extension 'colcon_pkg'
[0.189s] Level 1:colcon.colcon_core.package_identification:_identify(project3-bags/05) by extensions ['colcon_meta']
[0.189s] Level 1:colcon.colcon_core.package_identification:_identify(project3-bags/05) by extension 'colcon_meta'
[0.189s] Level 1:colcon.colcon_core.package_identification:_identify(project3-bags/05) by extensions ['ros']
[0.189s] Level 1:colcon.colcon_core.package_identification:_identify(project3-bags/05) by extension 'ros'
[0.189s] Level 1:colcon.colcon_core.package_identification:_identify(project3-bags/05) by extensions ['cmake', 'python']
[0.189s] Level 1:colcon.colcon_core.package_identification:_identify(project3-bags/05) by extension 'cmake'
[0.189s] Level 1:colcon.colcon_core.package_identification:_identify(project3-bags/05) by extension 'python'
[0.189s] Level 1:colcon.colcon_core.package_identification:_identify(project3-bags/05) by extensions ['python_setup_py']
[0.189s] Level 1:colcon.colcon_core.package_identification:_identify(project3-bags/05) by extension 'python_setup_py'
[0.190s] Level 1:colcon.colcon_core.package_identification:_identify(project3-bags/06) by extensions ['ignore', 'ignore_ament_install']
[0.190s] Level 1:colcon.colcon_core.package_identification:_identify(project3-bags/06) by extension 'ignore'
[0.190s] Level 1:colcon.colcon_core.package_identification:_identify(project3-bags/06) by extension 'ignore_ament_install'
[0.190s] Level 1:colcon.colcon_core.package_identification:_identify(project3-bags/06) by extensions ['colcon_pkg']
[0.190s] Level 1:colcon.colcon_core.package_identification:_identify(project3-bags/06) by extension 'colcon_pkg'
[0.190s] Level 1:colcon.colcon_core.package_identification:_identify(project3-bags/06) by extensions ['colcon_meta']
[0.190s] Level 1:colcon.colcon_core.package_identification:_identify(project3-bags/06) by extension 'colcon_meta'
[0.190s] Level 1:colcon.colcon_core.package_identification:_identify(project3-bags/06) by extensions ['ros']
[0.190s] Level 1:colcon.colcon_core.package_identification:_identify(project3-bags/06) by extension 'ros'
[0.190s] Level 1:colcon.colcon_core.package_identification:_identify(project3-bags/06) by extensions ['cmake', 'python']
[0.190s] Level 1:colcon.colcon_core.package_identification:_identify(project3-bags/06) by extension 'cmake'
[0.190s] Level 1:colcon.colcon_core.package_identification:_identify(project3-bags/06) by extension 'python'
[0.190s] Level 1:colcon.colcon_core.package_identification:_identify(project3-bags/06) by extensions ['python_setup_py']
[0.190s] Level 1:colcon.colcon_core.package_identification:_identify(project3-bags/06) by extension 'python_setup_py'
[0.190s] Level 1:colcon.colcon_core.package_identification:_identify(project3-bags/07) by extensions ['ignore', 'ignore_ament_install']
[0.191s] Level 1:colcon.colcon_core.package_identification:_identify(project3-bags/07) by extension 'ignore'
[0.191s] Level 1:colcon.colcon_core.package_identification:_identify(project3-bags/07) by extension 'ignore_ament_install'
[0.191s] Level 1:colcon.colcon_core.package_identification:_identify(project3-bags/07) by extensions ['colcon_pkg']
[0.191s] Level 1:colcon.colcon_core.package_identification:_identify(project3-bags/07) by extension 'colcon_pkg'
[0.191s] Level 1:colcon.colcon_core.package_identification:_identify(project3-bags/07) by extensions ['colcon_meta']
[0.191s] Level 1:colcon.colcon_core.package_identification:_identify(project3-bags/07) by extension 'colcon_meta'
[0.191s] Level 1:colcon.colcon_core.package_identification:_identify(project3-bags/07) by extensions ['ros']
[0.191s] Level 1:colcon.colcon_core.package_identification:_identify(project3-bags/07) by extension 'ros'
[0.191s] Level 1:colcon.colcon_core.package_identification:_identify(project3-bags/07) by extensions ['cmake', 'python']
[0.191s] Level 1:colcon.colcon_core.package_identification:_identify(project3-bags/07) by extension 'cmake'
[0.191s] Level 1:colcon.colcon_core.package_identification:_identify(project3-bags/07) by extension 'python'
[0.191s] Level 1:colcon.colcon_core.package_identification:_identify(project3-bags/07) by extensions ['python_setup_py']
[0.191s] Level 1:colcon.colcon_core.package_identification:_identify(project3-bags/07) by extension 'python_setup_py'
[0.191s] Level 1:colcon.colcon_core.package_identification:_identify(project3-bags/08) by extensions ['ignore', 'ignore_ament_install']
[0.191s] Level 1:colcon.colcon_core.package_identification:_identify(project3-bags/08) by extension 'ignore'
[0.192s] Level 1:colcon.colcon_core.package_identification:_identify(project3-bags/08) by extension 'ignore_ament_install'
[0.192s] Level 1:colcon.colcon_core.package_identification:_identify(project3-bags/08) by extensions ['colcon_pkg']
[0.192s] Level 1:colcon.colcon_core.package_identification:_identify(project3-bags/08) by extension 'colcon_pkg'
[0.192s] Level 1:colcon.colcon_core.package_identification:_identify(project3-bags/08) by extensions ['colcon_meta']
[0.192s] Level 1:colcon.colcon_core.package_identification:_identify(project3-bags/08) by extension 'colcon_meta'
[0.192s] Level 1:colcon.colcon_core.package_identification:_identify(project3-bags/08) by extensions ['ros']
[0.192s] Level 1:colcon.colcon_core.package_identification:_identify(project3-bags/08) by extension 'ros'
[0.192s] Level 1:colcon.colcon_core.package_identification:_identify(project3-bags/08) by extensions ['cmake', 'python']
[0.192s] Level 1:colcon.colcon_core.package_identification:_identify(project3-bags/08) by extension 'cmake'
[0.192s] Level 1:colcon.colcon_core.package_identification:_identify(project3-bags/08) by extension 'python'
[0.192s] Level 1:colcon.colcon_core.package_identification:_identify(project3-bags/08) by extensions ['python_setup_py']
[0.192s] Level 1:colcon.colcon_core.package_identification:_identify(project3-bags/08) by extension 'python_setup_py'
[0.192s] Level 1:colcon.colcon_core.package_identification:_identify(project3-bags/09) by extensions ['ignore', 'ignore_ament_install']
[0.192s] Level 1:colcon.colcon_core.package_identification:_identify(project3-bags/09) by extension 'ignore'
[0.192s] Level 1:colcon.colcon_core.package_identification:_identify(project3-bags/09) by extension 'ignore_ament_install'
[0.192s] Level 1:colcon.colcon_core.package_identification:_identify(project3-bags/09) by extensions ['colcon_pkg']
[0.192s] Level 1:colcon.colcon_core.package_identification:_identify(project3-bags/09) by extension 'colcon_pkg'
[0.193s] Level 1:colcon.colcon_core.package_identification:_identify(project3-bags/09) by extensions ['colcon_meta']
[0.193s] Level 1:colcon.colcon_core.package_identification:_identify(project3-bags/09) by extension 'colcon_meta'
[0.193s] Level 1:colcon.colcon_core.package_identification:_identify(project3-bags/09) by extensions ['ros']
[0.193s] Level 1:colcon.colcon_core.package_identification:_identify(project3-bags/09) by extension 'ros'
[0.193s] Level 1:colcon.colcon_core.package_identification:_identify(project3-bags/09) by extensions ['cmake', 'python']
[0.193s] Level 1:colcon.colcon_core.package_identification:_identify(project3-bags/09) by extension 'cmake'
[0.193s] Level 1:colcon.colcon_core.package_identification:_identify(project3-bags/09) by extension 'python'
[0.193s] Level 1:colcon.colcon_core.package_identification:_identify(project3-bags/09) by extensions ['python_setup_py']
[0.193s] Level 1:colcon.colcon_core.package_identification:_identify(project3-bags/09) by extension 'python_setup_py'
[0.193s] Level 1:colcon.colcon_core.package_identification:_identify(project3-bags/10) by extensions ['ignore', 'ignore_ament_install']
[0.193s] Level 1:colcon.colcon_core.package_identification:_identify(project3-bags/10) by extension 'ignore'
[0.193s] Level 1:colcon.colcon_core.package_identification:_identify(project3-bags/10) by extension 'ignore_ament_install'
[0.193s] Level 1:colcon.colcon_core.package_identification:_identify(project3-bags/10) by extensions ['colcon_pkg']
[0.193s] Level 1:colcon.colcon_core.package_identification:_identify(project3-bags/10) by extension 'colcon_pkg'
[0.193s] Level 1:colcon.colcon_core.package_identification:_identify(project3-bags/10) by extensions ['colcon_meta']
[0.193s] Level 1:colcon.colcon_core.package_identification:_identify(project3-bags/10) by extension 'colcon_meta'
[0.193s] Level 1:colcon.colcon_core.package_identification:_identify(project3-bags/10) by extensions ['ros']
[0.193s] Level 1:colcon.colcon_core.package_identification:_identify(project3-bags/10) by extension 'ros'
[0.193s] Level 1:colcon.colcon_core.package_identification:_identify(project3-bags/10) by extensions ['cmake', 'python']
[0.193s] Level 1:colcon.colcon_core.package_identification:_identify(project3-bags/10) by extension 'cmake'
[0.194s] Level 1:colcon.colcon_core.package_identification:_identify(project3-bags/10) by extension 'python'
[0.194s] Level 1:colcon.colcon_core.package_identification:_identify(project3-bags/10) by extensions ['python_setup_py']
[0.194s] Level 1:colcon.colcon_core.package_identification:_identify(project3-bags/10) by extension 'python_setup_py'
[0.194s] Level 1:colcon.colcon_core.package_identification:_identify(src) by extensions ['ignore', 'ignore_ament_install']
[0.194s] Level 1:colcon.colcon_core.package_identification:_identify(src) by extension 'ignore'
[0.194s] Level 1:colcon.colcon_core.package_identification:_identify(src) by extension 'ignore_ament_install'
[0.194s] Level 1:colcon.colcon_core.package_identification:_identify(src) by extensions ['colcon_pkg']
[0.194s] Level 1:colcon.colcon_core.package_identification:_identify(src) by extension 'colcon_pkg'
[0.194s] Level 1:colcon.colcon_core.package_identification:_identify(src) by extensions ['colcon_meta']
[0.194s] Level 1:colcon.colcon_core.package_identification:_identify(src) by extension 'colcon_meta'
[0.194s] Level 1:colcon.colcon_core.package_identification:_identify(src) by extensions ['ros']
[0.194s] Level 1:colcon.colcon_core.package_identification:_identify(src) by extension 'ros'
[0.194s] Level 1:colcon.colcon_core.package_identification:_identify(src) by extensions ['cmake', 'python']
[0.194s] Level 1:colcon.colcon_core.package_identification:_identify(src) by extension 'cmake'
[0.194s] Level 1:colcon.colcon_core.package_identification:_identify(src) by extension 'python'
[0.194s] Level 1:colcon.colcon_core.package_identification:_identify(src) by extensions ['python_setup_py']
[0.194s] Level 1:colcon.colcon_core.package_identification:_identify(src) by extension 'python_setup_py'
[0.194s] Level 1:colcon.colcon_core.package_identification:_identify(src/project3) by extensions ['ignore', 'ignore_ament_install']
[0.195s] Level 1:colcon.colcon_core.package_identification:_identify(src/project3) by extension 'ignore'
[0.195s] Level 1:colcon.colcon_core.package_identification:_identify(src/project3) by extension 'ignore_ament_install'
[0.195s] Level 1:colcon.colcon_core.package_identification:_identify(src/project3) by extensions ['colcon_pkg']
[0.195s] Level 1:colcon.colcon_core.package_identification:_identify(src/project3) by extension 'colcon_pkg'
[0.195s] Level 1:colcon.colcon_core.package_identification:_identify(src/project3) by extensions ['colcon_meta']
[0.195s] Level 1:colcon.colcon_core.package_identification:_identify(src/project3) by extension 'colcon_meta'
[0.195s] Level 1:colcon.colcon_core.package_identification:_identify(src/project3) by extensions ['ros']
[0.195s] Level 1:colcon.colcon_core.package_identification:_identify(src/project3) by extension 'ros'
[0.197s] DEBUG:colcon.colcon_core.package_identification:Package 'src/project3' with type 'ros.ament_python' and name 'project3'
[0.197s] Level 1:colcon.colcon_core.package_identification:_identify(src/project3_interfaces) by extensions ['ignore', 'ignore_ament_install']
[0.197s] Level 1:colcon.colcon_core.package_identification:_identify(src/project3_interfaces) by extension 'ignore'
[0.198s] Level 1:colcon.colcon_core.package_identification:_identify(src/project3_interfaces) by extension 'ignore_ament_install'
[0.198s] Level 1:colcon.colcon_core.package_identification:_identify(src/project3_interfaces) by extensions ['colcon_pkg']
[0.198s] Level 1:colcon.colcon_core.package_identification:_identify(src/project3_interfaces) by extension 'colcon_pkg'
[0.198s] Level 1:colcon.colcon_core.package_identification:_identify(src/project3_interfaces) by extensions ['colcon_meta']
[0.198s] Level 1:colcon.colcon_core.package_identification:_identify(src/project3_interfaces) by extension 'colcon_meta'
[0.198s] Level 1:colcon.colcon_core.package_identification:_identify(src/project3_interfaces) by extensions ['ros']
[0.198s] Level 1:colcon.colcon_core.package_identification:_identify(src/project3_interfaces) by extension 'ros'
[0.198s] DEBUG:colcon.colcon_core.package_identification:Package 'src/project3_interfaces' with type 'ros.catkin' and name 'project3_interfaces'
[0.198s] Level 1:colcon.colcon_core.package_discovery:discover_packages(recursive) using defaults
[0.198s] Level 1:colcon.colcon_core.package_discovery:discover_packages(ignore) discover
[0.198s] Level 1:colcon.colcon_core.package_discovery:discover_packages(ignore) using defaults
[0.199s] Level 1:colcon.colcon_core.package_discovery:discover_packages(path) discover
[0.199s] Level 1:colcon.colcon_core.package_discovery:discover_packages(path) using defaults
[0.216s] Level 1:colcon.colcon_core.package_discovery:discover_packages(prefix_path) check parameters
[0.216s] Level 1:colcon.colcon_core.package_discovery:discover_packages(prefix_path) discover
[0.218s] DEBUG:colcon.colcon_installed_package_information.package_discovery:Found 2 installed packages in /home/sicou2/CSCE452/Project3/Project3-Python/install
[0.220s] DEBUG:colcon.colcon_installed_package_information.package_discovery:Found 318 installed packages in /opt/ros/jazzy
[0.221s] Level 1:colcon.colcon_core.package_discovery:discover_packages(prefix_path) using defaults
[0.275s] Level 5:colcon.colcon_core.verb:set package 'project3_interfaces' build argument 'cmake_args' from command line to 'None'
[0.275s] Level 5:colcon.colcon_core.verb:set package 'project3_interfaces' build argument 'cmake_target' from command line to 'None'
[0.275s] Level 5:colcon.colcon_core.verb:set package 'project3_interfaces' build argument 'cmake_target_skip_unavailable' from command line to 'False'
[0.275s] Level 5:colcon.colcon_core.verb:set package 'project3_interfaces' build argument 'cmake_clean_cache' from command line to 'False'
[0.275s] Level 5:colcon.colcon_core.verb:set package 'project3_interfaces' build argument 'cmake_clean_first' from command line to 'False'
[0.275s] Level 5:colcon.colcon_core.verb:set package 'project3_interfaces' build argument 'cmake_force_configure' from command line to 'False'
[0.275s] Level 5:colcon.colcon_core.verb:set package 'project3_interfaces' build argument 'ament_cmake_args' from command line to 'None'
[0.275s] Level 5:colcon.colcon_core.verb:set package 'project3_interfaces' build argument 'catkin_cmake_args' from command line to 'None'
[0.275s] Level 5:colcon.colcon_core.verb:set package 'project3_interfaces' build argument 'catkin_skip_building_tests' from command line to 'False'
[0.275s] DEBUG:colcon.colcon_core.verb:Building package 'project3_interfaces' with the following arguments: {'ament_cmake_args': None, 'build_base': '/home/sicou2/CSCE452/Project3/Project3-Python/build/project3_interfaces', 'catkin_cmake_args': None, 'catkin_skip_building_tests': False, 'cmake_args': None, 'cmake_clean_cache': False, 'cmake_clean_first': False, 'cmake_force_configure': False, 'cmake_target': None, 'cmake_target_skip_unavailable': False, 'install_base': '/home/sicou2/CSCE452/Project3/Project3-Python/install/project3_interfaces', 'merge_install': False, 'path': '/home/sicou2/CSCE452/Project3/Project3-Python/src/project3_interfaces', 'symlink_install': False, 'test_result_base': None}
[0.276s] Level 5:colcon.colcon_core.verb:set package 'project3' build argument 'cmake_args' from command line to 'None'
[0.276s] Level 5:colcon.colcon_core.verb:set package 'project3' build argument 'cmake_target' from command line to 'None'
[0.276s] Level 5:colcon.colcon_core.verb:set package 'project3' build argument 'cmake_target_skip_unavailable' from command line to 'False'
[0.276s] Level 5:colcon.colcon_core.verb:set package 'project3' build argument 'cmake_clean_cache' from command line to 'False'
[0.276s] Level 5:colcon.colcon_core.verb:set package 'project3' build argument 'cmake_clean_first' from command line to 'False'
[0.276s] Level 5:colcon.colcon_core.verb:set package 'project3' build argument 'cmake_force_configure' from command line to 'False'
[0.276s] Level 5:colcon.colcon_core.verb:set package 'project3' build argument 'ament_cmake_args' from command line to 'None'
[0.276s] Level 5:colcon.colcon_core.verb:set package 'project3' build argument 'catkin_cmake_args' from command line to 'None'
[0.276s] Level 5:colcon.colcon_core.verb:set package 'project3' build argument 'catkin_skip_building_tests' from command line to 'False'
[0.276s] DEBUG:colcon.colcon_core.verb:Building package 'project3' with the following arguments: {'ament_cmake_args': None, 'build_base': '/home/sicou2/CSCE452/Project3/Project3-Python/build/project3', 'catkin_cmake_args': None, 'catkin_skip_building_tests': False, 'cmake_args': None, 'cmake_clean_cache': False, 'cmake_clean_first': False, 'cmake_force_configure': False, 'cmake_target': None, 'cmake_target_skip_unavailable': False, 'install_base': '/home/sicou2/CSCE452/Project3/Project3-Python/install/project3', 'merge_install': False, 'path': '/home/sicou2/CSCE452/Project3/Project3-Python/src/project3', 'symlink_install': False, 'test_result_base': None}
[0.276s] INFO:colcon.colcon_core.executor:Executing jobs using 'parallel' executor
[0.277s] DEBUG:colcon.colcon_parallel_executor.executor.parallel:run_until_complete
[0.277s] INFO:colcon.colcon_ros.task.catkin.build:Building ROS package in '/home/sicou2/CSCE452/Project3/Project3-Python/src/project3_interfaces' with build type 'catkin'
[0.277s] INFO:colcon.colcon_cmake.task.cmake.build:Building CMake package in '/home/sicou2/CSCE452/Project3/Project3-Python/src/project3_interfaces'
[0.279s] INFO:colcon.colcon_core.plugin_system:Skipping extension 'colcon_core.shell.bat': Not used on non-Windows systems
[0.280s] INFO:colcon.colcon_core.shell:Skip shell extension 'powershell' for command environment: Not usable outside of PowerShell
[0.280s] DEBUG:colcon.colcon_core.shell:Skip shell extension 'dsv' for command environment
[0.289s] DEBUG:colcon.colcon_core.event_handler.log_command:Invoking command in '/home/sicou2/CSCE452/Project3/Project3-Python/build/project3_interfaces': DEBUGINFOD_URLS=https://debuginfod.ubuntu.com /usr/bin/cmake /home/sicou2/CSCE452/Project3/Project3-Python/src/project3_interfaces -DCATKIN_INSTALL_INTO_PREFIX_ROOT=0 -DCMAKE_INSTALL_PREFIX=/home/sicou2/CSCE452/Project3/Project3-Python/install/project3_interfaces
[3.375s] DEBUG:colcon.colcon_core.event_handler.log_command:Invoked command in '/home/sicou2/CSCE452/Project3/Project3-Python/build/project3_interfaces' returned '0': DEBUGINFOD_URLS=https://debuginfod.ubuntu.com /usr/bin/cmake /home/sicou2/CSCE452/Project3/Project3-Python/src/project3_interfaces -DCATKIN_INSTALL_INTO_PREFIX_ROOT=0 -DCMAKE_INSTALL_PREFIX=/home/sicou2/CSCE452/Project3/Project3-Python/install/project3_interfaces
[3.376s] DEBUG:colcon.colcon_core.event_handler.log_command:Invoking command in '/home/sicou2/CSCE452/Project3/Project3-Python/build/project3_interfaces': DEBUGINFOD_URLS=https://debuginfod.ubuntu.com /usr/bin/cmake --build /home/sicou2/CSCE452/Project3/Project3-Python/build/project3_interfaces -- -j4 -l4
[7.841s] DEBUG:colcon.colcon_core.event_handler.log_command:Invoked command in '/home/sicou2/CSCE452/Project3/Project3-Python/build/project3_interfaces' returned '0': DEBUGINFOD_URLS=https://debuginfod.ubuntu.com /usr/bin/cmake --build /home/sicou2/CSCE452/Project3/Project3-Python/build/project3_interfaces -- -j4 -l4
[7.853s] DEBUG:colcon.colcon_core.event_handler.log_command:Invoking command in '/home/sicou2/CSCE452/Project3/Project3-Python/build/project3_interfaces': DEBUGINFOD_URLS=https://debuginfod.ubuntu.com /usr/bin/cmake --install /home/sicou2/CSCE452/Project3/Project3-Python/build/project3_interfaces
[7.953s] DEBUG:colcon.colcon_core.event_handler.log_command:Invoked command in '/home/sicou2/CSCE452/Project3/Project3-Python/build/project3_interfaces' returned '0': DEBUGINFOD_URLS=https://debuginfod.ubuntu.com /usr/bin/cmake --install /home/sicou2/CSCE452/Project3/Project3-Python/build/project3_interfaces
[7.953s] Level 1:colcon.colcon_core.shell:create_environment_hook('project3_interfaces', 'ros_package_path')
[7.953s] INFO:colcon.colcon_core.shell:Creating environment hook '/home/sicou2/CSCE452/Project3/Project3-Python/install/project3_interfaces/share/project3_interfaces/hook/ros_package_path.ps1'
[7.954s] INFO:colcon.colcon_core.shell:Creating environment descriptor '/home/sicou2/CSCE452/Project3/Project3-Python/install/project3_interfaces/share/project3_interfaces/hook/ros_package_path.dsv'
[7.954s] INFO:colcon.colcon_core.shell:Creating environment hook '/home/sicou2/CSCE452/Project3/Project3-Python/install/project3_interfaces/share/project3_interfaces/hook/ros_package_path.sh'
[7.955s] Level 1:colcon.colcon_ros.task.catkin:checking '/home/sicou2/CSCE452/Project3/Project3-Python/install/project3_interfaces/lib/python3.12/site-packages'
[7.955s] Level 1:colcon.colcon_core.shell:create_environment_hook('project3_interfaces', 'catkin_pythonpath')
[7.955s] INFO:colcon.colcon_core.shell:Creating environment hook '/home/sicou2/CSCE452/Project3/Project3-Python/install/project3_interfaces/share/project3_interfaces/hook/catkin_pythonpath.ps1'
[7.955s] INFO:colcon.colcon_core.shell:Creating environment descriptor '/home/sicou2/CSCE452/Project3/Project3-Python/install/project3_interfaces/share/project3_interfaces/hook/catkin_pythonpath.dsv'
[7.956s] INFO:colcon.colcon_core.shell:Creating environment hook '/home/sicou2/CSCE452/Project3/Project3-Python/install/project3_interfaces/share/project3_interfaces/hook/catkin_pythonpath.sh'
[7.956s] Level 1:colcon.colcon_core.shell:create_environment_hook('project3_interfaces', 'pkg_config_path')
[7.956s] INFO:colcon.colcon_core.shell:Creating environment hook '/home/sicou2/CSCE452/Project3/Project3-Python/install/project3_interfaces/share/project3_interfaces/hook/pkg_config_path.ps1'
[7.957s] INFO:colcon.colcon_core.shell:Creating environment descriptor '/home/sicou2/CSCE452/Project3/Project3-Python/install/project3_interfaces/share/project3_interfaces/hook/pkg_config_path.dsv'
[7.957s] INFO:colcon.colcon_core.shell:Creating environment hook '/home/sicou2/CSCE452/Project3/Project3-Python/install/project3_interfaces/share/project3_interfaces/hook/pkg_config_path.sh'
[7.959s] Level 1:colcon.colcon_core.shell:create_environment_hook('project3_interfaces', 'pkg_config_path_multiarch')
[7.959s] INFO:colcon.colcon_core.shell:Creating environment hook '/home/sicou2/CSCE452/Project3/Project3-Python/install/project3_interfaces/share/project3_interfaces/hook/pkg_config_path_multiarch.ps1'
[7.959s] INFO:colcon.colcon_core.shell:Creating environment descriptor '/home/sicou2/CSCE452/Project3/Project3-Python/install/project3_interfaces/share/project3_interfaces/hook/pkg_config_path_multiarch.dsv'
[7.959s] INFO:colcon.colcon_core.shell:Creating environment hook '/home/sicou2/CSCE452/Project3/Project3-Python/install/project3_interfaces/share/project3_interfaces/hook/pkg_config_path_multiarch.sh'
[7.960s] Level 1:colcon.colcon_core.environment:create_environment_scripts_only(project3_interfaces)
[7.963s] Level 1:colcon.colcon_core.environment:checking '/home/sicou2/CSCE452/Project3/Project3-Python/install/project3_interfaces' for CMake module files
[7.963s] Level 1:colcon.colcon_core.environment:checking '/home/sicou2/CSCE452/Project3/Project3-Python/install/project3_interfaces' for CMake config files
[7.964s] Level 1:colcon.colcon_core.shell:create_environment_hook('project3_interfaces', 'cmake_prefix_path')
[7.964s] INFO:colcon.colcon_core.shell:Creating environment hook '/home/sicou2/CSCE452/Project3/Project3-Python/install/project3_interfaces/share/project3_interfaces/hook/cmake_prefix_path.ps1'
[7.965s] INFO:colcon.colcon_core.shell:Creating environment descriptor '/home/sicou2/CSCE452/Project3/Project3-Python/install/project3_interfaces/share/project3_interfaces/hook/cmake_prefix_path.dsv'
[7.965s] INFO:colcon.colcon_core.shell:Creating environment hook '/home/sicou2/CSCE452/Project3/Project3-Python/install/project3_interfaces/share/project3_interfaces/hook/cmake_prefix_path.sh'
[7.965s] Level 1:colcon.colcon_core.environment:checking '/home/sicou2/CSCE452/Project3/Project3-Python/install/project3_interfaces/lib'
[7.966s] Level 1:colcon.colcon_core.shell:create_environment_hook('project3_interfaces', 'ld_library_path_lib')
[7.966s] INFO:colcon.colcon_core.shell:Creating environment hook '/home/sicou2/CSCE452/Project3/Project3-Python/install/project3_interfaces/share/project3_interfaces/hook/ld_library_path_lib.ps1'
[7.966s] INFO:colcon.colcon_core.shell:Creating environment descriptor '/home/sicou2/CSCE452/Project3/Project3-Python/install/project3_interfaces/share/project3_interfaces/hook/ld_library_path_lib.dsv'
[7.967s] INFO:colcon.colcon_core.shell:Creating environment hook '/home/sicou2/CSCE452/Project3/Project3-Python/install/project3_interfaces/share/project3_interfaces/hook/ld_library_path_lib.sh'
[7.967s] Level 1:colcon.colcon_core.environment:checking '/home/sicou2/CSCE452/Project3/Project3-Python/install/project3_interfaces/bin'
[7.967s] Level 1:colcon.colcon_core.environment:checking '/home/sicou2/CSCE452/Project3/Project3-Python/install/project3_interfaces/lib/pkgconfig/project3_interfaces.pc'
[7.967s] Level 1:colcon.colcon_core.environment:checking '/home/sicou2/CSCE452/Project3/Project3-Python/install/project3_interfaces/lib/python3.12/site-packages'
[7.967s] Level 1:colcon.colcon_core.shell:create_environment_hook('project3_interfaces', 'pythonpath')
[7.968s] INFO:colcon.colcon_core.shell:Creating environment hook '/home/sicou2/CSCE452/Project3/Project3-Python/install/project3_interfaces/share/project3_interfaces/hook/pythonpath.ps1'
[7.968s] INFO:colcon.colcon_core.shell:Creating environment descriptor '/home/sicou2/CSCE452/Project3/Project3-Python/install/project3_interfaces/share/project3_interfaces/hook/pythonpath.dsv'
[7.968s] INFO:colcon.colcon_core.shell:Creating environment hook '/home/sicou2/CSCE452/Project3/Project3-Python/install/project3_interfaces/share/project3_interfaces/hook/pythonpath.sh'
[7.969s] Level 1:colcon.colcon_core.environment:checking '/home/sicou2/CSCE452/Project3/Project3-Python/install/project3_interfaces/bin'
[7.969s] INFO:colcon.colcon_core.shell:Creating package script '/home/sicou2/CSCE452/Project3/Project3-Python/install/project3_interfaces/share/project3_interfaces/package.ps1'
[7.970s] INFO:colcon.colcon_core.shell:Creating package descriptor '/home/sicou2/CSCE452/Project3/Project3-Python/install/project3_interfaces/share/project3_interfaces/package.dsv'
[7.971s] INFO:colcon.colcon_core.shell:Creating package script '/home/sicou2/CSCE452/Project3/Project3-Python/install/project3_interfaces/share/project3_interfaces/package.sh'
[7.972s] INFO:colcon.colcon_core.shell:Creating package script '/home/sicou2/CSCE452/Project3/Project3-Python/install/project3_interfaces/share/project3_interfaces/package.bash'
[7.972s] INFO:colcon.colcon_core.shell:Creating package script '/home/sicou2/CSCE452/Project3/Project3-Python/install/project3_interfaces/share/project3_interfaces/package.zsh'
[7.973s] Level 1:colcon.colcon_core.environment:create_file_with_runtime_dependencies(/home/sicou2/CSCE452/Project3/Project3-Python/install/project3_interfaces/share/colcon-core/packages/project3_interfaces)
[7.974s] INFO:colcon.colcon_ros.task.ament_python.build:Building ROS package in '/home/sicou2/CSCE452/Project3/Project3-Python/src/project3' with build type 'ament_python'
[7.974s] Level 1:colcon.colcon_core.shell:create_environment_hook('project3', 'ament_prefix_path')
[7.974s] INFO:colcon.colcon_core.shell:Creating environment hook '/home/sicou2/CSCE452/Project3/Project3-Python/install/project3/share/project3/hook/ament_prefix_path.ps1'
[7.975s] INFO:colcon.colcon_core.shell:Creating environment descriptor '/home/sicou2/CSCE452/Project3/Project3-Python/install/project3/share/project3/hook/ament_prefix_path.dsv'
[7.975s] INFO:colcon.colcon_core.shell:Creating environment hook '/home/sicou2/CSCE452/Project3/Project3-Python/install/project3/share/project3/hook/ament_prefix_path.sh'
[7.976s] INFO:colcon.colcon_core.shell:Skip shell extension 'powershell' for command environment: Not usable outside of PowerShell
[7.976s] DEBUG:colcon.colcon_core.shell:Skip shell extension 'dsv' for command environment
[8.225s] INFO:colcon.colcon_core.task.python.build:Building Python package in '/home/sicou2/CSCE452/Project3/Project3-Python/src/project3'
[8.225s] INFO:colcon.colcon_core.shell:Skip shell extension 'powershell' for command environment: Not usable outside of PowerShell
[8.225s] DEBUG:colcon.colcon_core.shell:Skip shell extension 'dsv' for command environment
[8.894s] DEBUG:colcon.colcon_core.event_handler.log_command:Invoking command in '/home/sicou2/CSCE452/Project3/Project3-Python/src/project3': CMAKE_PREFIX_PATH=/home/sicou2/CSCE452/Project3/Project3-Python/install/project3_interfaces:${CMAKE_PREFIX_PATH} DEBUGINFOD_URLS=https://debuginfod.ubuntu.com LD_LIBRARY_PATH=/home/sicou2/CSCE452/Project3/Project3-Python/install/project3_interfaces/lib:${LD_LIBRARY_PATH} PKG_CONFIG_PATH=/home/sicou2/CSCE452/Project3/Project3-Python/install/project3_interfaces/lib/x86_64-linux-gnu/pkgconfig:/home/sicou2/CSCE452/Project3/Project3-Python/install/project3_interfaces/lib/pkgconfig PYTHONPATH=/home/sicou2/CSCE452/Project3/Project3-Python/build/project3/prefix_override:/usr/lib/python3/dist-packages/colcon_core/task/python/colcon_distutils_commands:/home/sicou2/CSCE452/Project3/Project3-Python/install/project3/lib/python3.12/site-packages:/home/sicou2/CSCE452/Project3/Project3-Python/install/project3_interfaces/lib/python3.12/site-packages:${PYTHONPATH} ROS_PACKAGE_PATH=/home/sicou2/CSCE452/Project3/Project3-Python/install/project3_interfaces/share /usr/bin/python3 -W ignore:setup.py install is deprecated -W ignore:easy_install command is deprecated setup.py egg_info --egg-base ../../build/project3 build --build-base /home/sicou2/CSCE452/Project3/Project3-Python/build/project3/build install --record /home/sicou2/CSCE452/Project3/Project3-Python/build/project3/install.log --single-version-externally-managed install_data
[9.521s] Level 1:colcon.colcon_core.environment:checking '/home/sicou2/CSCE452/Project3/Project3-Python/install/project3' for CMake module files
[9.522s] DEBUG:colcon.colcon_core.event_handler.log_command:Invoked command in '/home/sicou2/CSCE452/Project3/Project3-Python/src/project3' returned '0': CMAKE_PREFIX_PATH=/home/sicou2/CSCE452/Project3/Project3-Python/install/project3_interfaces:${CMAKE_PREFIX_PATH} DEBUGINFOD_URLS=https://debuginfod.ubuntu.com LD_LIBRARY_PATH=/home/sicou2/CSCE452/Project3/Project3-Python/install/project3_interfaces/lib:${LD_LIBRARY_PATH} PKG_CONFIG_PATH=/home/sicou2/CSCE452/Project3/Project3-Python/install/project3_interfaces/lib/x86_64-linux-gnu/pkgconfig:/home/sicou2/CSCE452/Project3/Project3-Python/install/project3_interfaces/lib/pkgconfig PYTHONPATH=/home/sicou2/CSCE452/Project3/Project3-Python/build/project3/prefix_override:/usr/lib/python3/dist-packages/colcon_core/task/python/colcon_distutils_commands:/home/sicou2/CSCE452/Project3/Project3-Python/install/project3/lib/python3.12/site-packages:/home/sicou2/CSCE452/Project3/Project3-Python/install/project3_interfaces/lib/python3.12/site-packages:${PYTHONPATH} ROS_PACKAGE_PATH=/home/sicou2/CSCE452/Project3/Project3-Python/install/project3_interfaces/share /usr/bin/python3 -W ignore:setup.py install is deprecated -W ignore:easy_install command is deprecated setup.py egg_info --egg-base ../../build/project3 build --build-base /home/sicou2/CSCE452/Project3/Project3-Python/build/project3/build install --record /home/sicou2/CSCE452/Project3/Project3-Python/build/project3/install.log --single-version-externally-managed install_data
[9.522s] Level 1:colcon.colcon_core.environment:checking '/home/sicou2/CSCE452/Project3/Project3-Python/install/project3' for CMake config files
[9.523s] Level 1:colcon.colcon_core.environment:checking '/home/sicou2/CSCE452/Project3/Project3-Python/install/project3/lib'
[9.523s] Level 1:colcon.colcon_core.environment:checking '/home/sicou2/CSCE452/Project3/Project3-Python/install/project3/bin'
[9.523s] Level 1:colcon.colcon_core.environment:checking '/home/sicou2/CSCE452/Project3/Project3-Python/install/project3/lib/pkgconfig/project3.pc'
[9.524s] Level 1:colcon.colcon_core.environment:checking '/home/sicou2/CSCE452/Project3/Project3-Python/install/project3/lib/python3.12/site-packages'
[9.524s] Level 1:colcon.colcon_core.shell:create_environment_hook('project3', 'pythonpath')
[9.524s] INFO:colcon.colcon_core.shell:Creating environment hook '/home/sicou2/CSCE452/Project3/Project3-Python/install/project3/share/project3/hook/pythonpath.ps1'
[9.524s] INFO:colcon.colcon_core.shell:Creating environment descriptor '/home/sicou2/CSCE452/Project3/Project3-Python/install/project3/share/project3/hook/pythonpath.dsv'
[9.525s] INFO:colcon.colcon_core.shell:Creating environment hook '/home/sicou2/CSCE452/Project3/Project3-Python/install/project3/share/project3/hook/pythonpath.sh'
[9.525s] Level 1:colcon.colcon_core.environment:checking '/home/sicou2/CSCE452/Project3/Project3-Python/install/project3/bin'
[9.525s] Level 1:colcon.colcon_core.environment:create_environment_scripts_only(project3)
[9.526s] INFO:colcon.colcon_core.shell:Creating package script '/home/sicou2/CSCE452/Project3/Project3-Python/install/project3/share/project3/package.ps1'
[9.526s] INFO:colcon.colcon_core.shell:Creating package descriptor '/home/sicou2/CSCE452/Project3/Project3-Python/install/project3/share/project3/package.dsv'
[9.527s] INFO:colcon.colcon_core.shell:Creating package script '/home/sicou2/CSCE452/Project3/Project3-Python/install/project3/share/project3/package.sh'
[9.527s] INFO:colcon.colcon_core.shell:Creating package script '/home/sicou2/CSCE452/Project3/Project3-Python/install/project3/share/project3/package.bash'
[9.527s] INFO:colcon.colcon_core.shell:Creating package script '/home/sicou2/CSCE452/Project3/Project3-Python/install/project3/share/project3/package.zsh'
[9.528s] Level 1:colcon.colcon_core.environment:create_file_with_runtime_dependencies(/home/sicou2/CSCE452/Project3/Project3-Python/install/project3/share/colcon-core/packages/project3)
[9.528s] DEBUG:colcon.colcon_parallel_executor.executor.parallel:closing loop
[9.528s] DEBUG:colcon.colcon_parallel_executor.executor.parallel:loop closed
[9.528s] DEBUG:colcon.colcon_parallel_executor.executor.parallel:run_until_complete finished with '0'
[9.529s] DEBUG:colcon.colcon_core.event_reactor:joining thread
[9.535s] INFO:colcon.colcon_core.plugin_system:Skipping extension 'colcon_notification.desktop_notification.terminal_notifier': Not used on non-Darwin systems
[9.535s] INFO:colcon.colcon_core.plugin_system:Skipping extension 'colcon_notification.desktop_notification.win32': Not used on non-Windows systems
[9.535s] INFO:colcon.colcon_notification.desktop_notification:Sending desktop notification using 'notify2'
[9.551s] DEBUG:colcon.colcon_core.event_reactor:joined thread
[9.551s] INFO:colcon.colcon_core.shell:Creating prefix script '/home/sicou2/CSCE452/Project3/Project3-Python/install/local_setup.ps1'
[9.552s] INFO:colcon.colcon_core.shell:Creating prefix util module '/home/sicou2/CSCE452/Project3/Project3-Python/install/_local_setup_util_ps1.py'
[9.554s] INFO:colcon.colcon_core.shell:Creating prefix chain script '/home/sicou2/CSCE452/Project3/Project3-Python/install/setup.ps1'
[9.555s] INFO:colcon.colcon_core.shell:Creating prefix script '/home/sicou2/CSCE452/Project3/Project3-Python/install/local_setup.sh'
[9.555s] INFO:colcon.colcon_core.shell:Creating prefix util module '/home/sicou2/CSCE452/Project3/Project3-Python/install/_local_setup_util_sh.py'
[9.556s] INFO:colcon.colcon_core.shell:Creating prefix chain script '/home/sicou2/CSCE452/Project3/Project3-Python/install/setup.sh'
[9.557s] INFO:colcon.colcon_core.shell:Creating prefix script '/home/sicou2/CSCE452/Project3/Project3-Python/install/local_setup.bash'
[9.557s] INFO:colcon.colcon_core.shell:Creating prefix chain script '/home/sicou2/CSCE452/Project3/Project3-Python/install/setup.bash'
[9.558s] INFO:colcon.colcon_core.shell:Creating prefix script '/home/sicou2/CSCE452/Project3/Project3-Python/install/local_setup.zsh'
[9.559s] INFO:colcon.colcon_core.shell:Creating prefix chain script '/home/sicou2/CSCE452/Project3/Project3-Python/install/setup.zsh'
