[0.013s] Invoking command in '/home/sicou2/CSCE452/Project3/Project3-Python/build/project3_interfaces': DEBUGINFOD_URLS=https://debuginfod.ubuntu.com /usr/bin/cmake --build /home/sicou2/CSCE452/Project3/Project3-Python/build/project3_interfaces -- -j4 -l4
[0.075s] [  1%] Built target project3_interfaces__rosidl_generator_type_description
[0.087s] [  1%] Built target ament_cmake_python_copy_project3_interfaces
[0.101s] [  3%] Built target project3_interfaces__cpp
[0.103s] [ 24%] Built target project3_interfaces__rosidl_generator_c
[0.134s] [ 33%] Built target project3_interfaces__rosidl_typesupport_introspection_cpp
[0.136s] [ 42%] Built target project3_interfaces__rosidl_typesupport_cpp
[0.137s] [ 51%] Built target project3_interfaces__rosidl_typesupport_fastrtps_c
[0.162s] [ 61%] Built target project3_interfaces__rosidl_typesupport_introspection_c
[0.167s] [ 70%] Built target project3_interfaces__rosidl_typesupport_c
[0.168s] [ 79%] Built target project3_interfaces__rosidl_typesupport_fastrtps_cpp
[0.222s] [ 79%] Built target project3_interfaces
[0.260s] [ 81%] Built target project3_interfaces__py
[0.304s] [ 88%] Built target project3_interfaces__rosidl_generator_py
[0.351s] [ 92%] Built target project3_interfaces_s__rosidl_typesupport_introspection_c
[0.354s] [ 96%] Built target project3_interfaces_s__rosidl_typesupport_c
[0.355s] [100%] Built target project3_interfaces_s__rosidl_typesupport_fastrtps_c
[0.437s] running egg_info
[0.462s] writing project3_interfaces.egg-info/PKG-INFO
[0.462s] writing dependency_links to project3_interfaces.egg-info/dependency_links.txt
[0.462s] writing top-level names to project3_interfaces.egg-info/top_level.txt
[0.535s] reading manifest file 'project3_interfaces.egg-info/SOURCES.txt'
[0.536s] writing manifest file 'project3_interfaces.egg-info/SOURCES.txt'
[0.563s] [100%] Built target ament_cmake_python_build_project3_interfaces_egg
[0.578s] Invoked command in '/home/sicou2/CSCE452/Project3/Project3-Python/build/project3_interfaces' returned '0': DEBUGINFOD_URLS=https://debuginfod.ubuntu.com /usr/bin/cmake --build /home/sicou2/CSCE452/Project3/Project3-Python/build/project3_interfaces -- -j4 -l4
[0.590s] Invoking command in '/home/sicou2/CSCE452/Project3/Project3-Python/build/project3_interfaces': DEBUGINFOD_URLS=https://debuginfod.ubuntu.com /usr/bin/cmake --install /home/sicou2/CSCE452/Project3/Project3-Python/build/project3_interfaces
[0.600s] -- Install configuration: ""
[0.600s] -- Up-to-date: /home/sicou2/CSCE452/Project3/Project3-Python/install/project3_interfaces/share/ament_index/resource_index/rosidl_interfaces/project3_interfaces
[0.601s] -- Up-to-date: /home/sicou2/CSCE452/Project3/Project3-Python/install/project3_interfaces/share/project3_interfaces/msg/PersonCandidates.json
[0.601s] -- Up-to-date: /home/sicou2/CSCE452/Project3/Project3-Python/install/project3_interfaces/share/project3_interfaces/msg/PersonTrack.json
[0.601s] -- Up-to-date: /home/sicou2/CSCE452/Project3/Project3-Python/install/project3_interfaces/share/project3_interfaces/msg/PersonTracks.json
[0.601s] -- Up-to-date: /home/sicou2/CSCE452/Project3/Project3-Python/install/project3_interfaces/include/project3_interfaces/project3_interfaces
[0.601s] -- Up-to-date: /home/sicou2/CSCE452/Project3/Project3-Python/install/project3_interfaces/include/project3_interfaces/project3_interfaces/msg
[0.601s] -- Up-to-date: /home/sicou2/CSCE452/Project3/Project3-Python/install/project3_interfaces/include/project3_interfaces/project3_interfaces/msg/person_tracks.h
[0.601s] -- Up-to-date: /home/sicou2/CSCE452/Project3/Project3-Python/install/project3_interfaces/include/project3_interfaces/project3_interfaces/msg/person_candidates.h
[0.601s] -- Up-to-date: /home/sicou2/CSCE452/Project3/Project3-Python/install/project3_interfaces/include/project3_interfaces/project3_interfaces/msg/detail
[0.601s] -- Up-to-date: /home/sicou2/CSCE452/Project3/Project3-Python/install/project3_interfaces/include/project3_interfaces/project3_interfaces/msg/detail/person_tracks__type_support.h
[0.601s] -- Up-to-date: /home/sicou2/CSCE452/Project3/Project3-Python/install/project3_interfaces/include/project3_interfaces/project3_interfaces/msg/detail/person_track__type_support.h
[0.602s] -- Up-to-date: /home/sicou2/CSCE452/Project3/Project3-Python/install/project3_interfaces/include/project3_interfaces/project3_interfaces/msg/detail/person_tracks__struct.h
[0.602s] -- Up-to-date: /home/sicou2/CSCE452/Project3/Project3-Python/install/project3_interfaces/include/project3_interfaces/project3_interfaces/msg/detail/person_tracks__type_support.c
[0.602s] -- Up-to-date: /home/sicou2/CSCE452/Project3/Project3-Python/install/project3_interfaces/include/project3_interfaces/project3_interfaces/msg/detail/person_candidates__type_support.h
[0.602s] -- Up-to-date: /home/sicou2/CSCE452/Project3/Project3-Python/install/project3_interfaces/include/project3_interfaces/project3_interfaces/msg/detail/person_candidates__functions.c
[0.602s] -- Up-to-date: /home/sicou2/CSCE452/Project3/Project3-Python/install/project3_interfaces/include/project3_interfaces/project3_interfaces/msg/detail/person_track__functions.c
[0.602s] -- Up-to-date: /home/sicou2/CSCE452/Project3/Project3-Python/install/project3_interfaces/include/project3_interfaces/project3_interfaces/msg/detail/person_tracks__functions.h
[0.602s] -- Up-to-date: /home/sicou2/CSCE452/Project3/Project3-Python/install/project3_interfaces/include/project3_interfaces/project3_interfaces/msg/detail/person_track__description.c
[0.602s] -- Up-to-date: /home/sicou2/CSCE452/Project3/Project3-Python/install/project3_interfaces/include/project3_interfaces/project3_interfaces/msg/detail/person_candidates__description.c
[0.602s] -- Up-to-date: /home/sicou2/CSCE452/Project3/Project3-Python/install/project3_interfaces/include/project3_interfaces/project3_interfaces/msg/detail/person_candidates__functions.h
[0.602s] -- Up-to-date: /home/sicou2/CSCE452/Project3/Project3-Python/install/project3_interfaces/include/project3_interfaces/project3_interfaces/msg/detail/person_track__functions.h
[0.602s] -- Up-to-date: /home/sicou2/CSCE452/Project3/Project3-Python/install/project3_interfaces/include/project3_interfaces/project3_interfaces/msg/detail/person_track__type_support.c
[0.603s] -- Up-to-date: /home/sicou2/CSCE452/Project3/Project3-Python/install/project3_interfaces/include/project3_interfaces/project3_interfaces/msg/detail/person_tracks__description.c
[0.603s] -- Up-to-date: /home/sicou2/CSCE452/Project3/Project3-Python/install/project3_interfaces/include/project3_interfaces/project3_interfaces/msg/detail/person_candidates__type_support.c
[0.603s] -- Up-to-date: /home/sicou2/CSCE452/Project3/Project3-Python/install/project3_interfaces/include/project3_interfaces/project3_interfaces/msg/detail/person_track__struct.h
[0.603s] -- Up-to-date: /home/sicou2/CSCE452/Project3/Project3-Python/install/project3_interfaces/include/project3_interfaces/project3_interfaces/msg/detail/person_tracks__functions.c
[0.603s] -- Up-to-date: /home/sicou2/CSCE452/Project3/Project3-Python/install/project3_interfaces/include/project3_interfaces/project3_interfaces/msg/detail/person_candidates__struct.h
[0.603s] -- Up-to-date: /home/sicou2/CSCE452/Project3/Project3-Python/install/project3_interfaces/include/project3_interfaces/project3_interfaces/msg/rosidl_generator_c__visibility_control.h
[0.603s] -- Up-to-date: /home/sicou2/CSCE452/Project3/Project3-Python/install/project3_interfaces/include/project3_interfaces/project3_interfaces/msg/person_track.h
[0.603s] -- Up-to-date: /home/sicou2/CSCE452/Project3/Project3-Python/install/project3_interfaces/share/project3_interfaces/environment/library_path.sh
[0.603s] -- Up-to-date: /home/sicou2/CSCE452/Project3/Project3-Python/install/project3_interfaces/share/project3_interfaces/environment/library_path.dsv
[0.603s] -- Up-to-date: /home/sicou2/CSCE452/Project3/Project3-Python/install/project3_interfaces/lib/libproject3_interfaces__rosidl_generator_c.so
[0.603s] -- Up-to-date: /home/sicou2/CSCE452/Project3/Project3-Python/install/project3_interfaces/include/project3_interfaces/project3_interfaces
[0.603s] -- Up-to-date: /home/sicou2/CSCE452/Project3/Project3-Python/install/project3_interfaces/include/project3_interfaces/project3_interfaces/msg
[0.604s] -- Up-to-date: /home/sicou2/CSCE452/Project3/Project3-Python/install/project3_interfaces/include/project3_interfaces/project3_interfaces/msg/detail
[0.604s] -- Up-to-date: /home/sicou2/CSCE452/Project3/Project3-Python/install/project3_interfaces/include/project3_interfaces/project3_interfaces/msg/detail/person_track__rosidl_typesupport_fastrtps_c.h
[0.604s] -- Up-to-date: /home/sicou2/CSCE452/Project3/Project3-Python/install/project3_interfaces/include/project3_interfaces/project3_interfaces/msg/detail/person_candidates__rosidl_typesupport_fastrtps_c.h
[0.604s] -- Up-to-date: /home/sicou2/CSCE452/Project3/Project3-Python/install/project3_interfaces/include/project3_interfaces/project3_interfaces/msg/detail/person_tracks__rosidl_typesupport_fastrtps_c.h
[0.604s] -- Up-to-date: /home/sicou2/CSCE452/Project3/Project3-Python/install/project3_interfaces/include/project3_interfaces/project3_interfaces/msg/rosidl_typesupport_fastrtps_c__visibility_control.h
[0.604s] -- Up-to-date: /home/sicou2/CSCE452/Project3/Project3-Python/install/project3_interfaces/lib/libproject3_interfaces__rosidl_typesupport_fastrtps_c.so
[0.604s] -- Up-to-date: /home/sicou2/CSCE452/Project3/Project3-Python/install/project3_interfaces/include/project3_interfaces/project3_interfaces
[0.604s] -- Up-to-date: /home/sicou2/CSCE452/Project3/Project3-Python/install/project3_interfaces/include/project3_interfaces/project3_interfaces/msg
[0.604s] -- Up-to-date: /home/sicou2/CSCE452/Project3/Project3-Python/install/project3_interfaces/include/project3_interfaces/project3_interfaces/msg/detail
[0.604s] -- Up-to-date: /home/sicou2/CSCE452/Project3/Project3-Python/install/project3_interfaces/include/project3_interfaces/project3_interfaces/msg/detail/person_tracks__type_support.c
[0.604s] -- Up-to-date: /home/sicou2/CSCE452/Project3/Project3-Python/install/project3_interfaces/include/project3_interfaces/project3_interfaces/msg/detail/person_track__rosidl_typesupport_introspection_c.h
[0.604s] -- Up-to-date: /home/sicou2/CSCE452/Project3/Project3-Python/install/project3_interfaces/include/project3_interfaces/project3_interfaces/msg/detail/person_tracks__rosidl_typesupport_introspection_c.h
[0.604s] -- Up-to-date: /home/sicou2/CSCE452/Project3/Project3-Python/install/project3_interfaces/include/project3_interfaces/project3_interfaces/msg/detail/person_track__type_support.c
[0.604s] -- Up-to-date: /home/sicou2/CSCE452/Project3/Project3-Python/install/project3_interfaces/include/project3_interfaces/project3_interfaces/msg/detail/person_candidates__type_support.c
[0.605s] -- Up-to-date: /home/sicou2/CSCE452/Project3/Project3-Python/install/project3_interfaces/include/project3_interfaces/project3_interfaces/msg/detail/person_candidates__rosidl_typesupport_introspection_c.h
[0.605s] -- Up-to-date: /home/sicou2/CSCE452/Project3/Project3-Python/install/project3_interfaces/include/project3_interfaces/project3_interfaces/msg/rosidl_typesupport_introspection_c__visibility_control.h
[0.605s] -- Up-to-date: /home/sicou2/CSCE452/Project3/Project3-Python/install/project3_interfaces/lib/libproject3_interfaces__rosidl_typesupport_introspection_c.so
[0.605s] -- Up-to-date: /home/sicou2/CSCE452/Project3/Project3-Python/install/project3_interfaces/lib/libproject3_interfaces__rosidl_typesupport_c.so
[0.605s] -- Up-to-date: /home/sicou2/CSCE452/Project3/Project3-Python/install/project3_interfaces/include/project3_interfaces/project3_interfaces
[0.605s] -- Up-to-date: /home/sicou2/CSCE452/Project3/Project3-Python/install/project3_interfaces/include/project3_interfaces/project3_interfaces/msg
[0.605s] -- Up-to-date: /home/sicou2/CSCE452/Project3/Project3-Python/install/project3_interfaces/include/project3_interfaces/project3_interfaces/msg/person_candidates.hpp
[0.605s] -- Up-to-date: /home/sicou2/CSCE452/Project3/Project3-Python/install/project3_interfaces/include/project3_interfaces/project3_interfaces/msg/person_tracks.hpp
[0.605s] -- Up-to-date: /home/sicou2/CSCE452/Project3/Project3-Python/install/project3_interfaces/include/project3_interfaces/project3_interfaces/msg/detail
[0.605s] -- Up-to-date: /home/sicou2/CSCE452/Project3/Project3-Python/install/project3_interfaces/include/project3_interfaces/project3_interfaces/msg/detail/person_tracks__builder.hpp
[0.606s] -- Up-to-date: /home/sicou2/CSCE452/Project3/Project3-Python/install/project3_interfaces/include/project3_interfaces/project3_interfaces/msg/detail/person_track__struct.hpp
[0.606s] -- Up-to-date: /home/sicou2/CSCE452/Project3/Project3-Python/install/project3_interfaces/include/project3_interfaces/project3_interfaces/msg/detail/person_tracks__type_support.hpp
[0.606s] -- Up-to-date: /home/sicou2/CSCE452/Project3/Project3-Python/install/project3_interfaces/include/project3_interfaces/project3_interfaces/msg/detail/person_track__builder.hpp
[0.606s] -- Up-to-date: /home/sicou2/CSCE452/Project3/Project3-Python/install/project3_interfaces/include/project3_interfaces/project3_interfaces/msg/detail/person_candidates__type_support.hpp
[0.606s] -- Up-to-date: /home/sicou2/CSCE452/Project3/Project3-Python/install/project3_interfaces/include/project3_interfaces/project3_interfaces/msg/detail/person_candidates__struct.hpp
[0.606s] -- Up-to-date: /home/sicou2/CSCE452/Project3/Project3-Python/install/project3_interfaces/include/project3_interfaces/project3_interfaces/msg/detail/person_tracks__struct.hpp
[0.606s] -- Up-to-date: /home/sicou2/CSCE452/Project3/Project3-Python/install/project3_interfaces/include/project3_interfaces/project3_interfaces/msg/detail/person_candidates__traits.hpp
[0.606s] -- Up-to-date: /home/sicou2/CSCE452/Project3/Project3-Python/install/project3_interfaces/include/project3_interfaces/project3_interfaces/msg/detail/person_tracks__traits.hpp
[0.606s] -- Up-to-date: /home/sicou2/CSCE452/Project3/Project3-Python/install/project3_interfaces/include/project3_interfaces/project3_interfaces/msg/detail/person_candidates__builder.hpp
[0.606s] -- Up-to-date: /home/sicou2/CSCE452/Project3/Project3-Python/install/project3_interfaces/include/project3_interfaces/project3_interfaces/msg/detail/person_track__traits.hpp
[0.607s] -- Up-to-date: /home/sicou2/CSCE452/Project3/Project3-Python/install/project3_interfaces/include/project3_interfaces/project3_interfaces/msg/detail/person_track__type_support.hpp
[0.607s] -- Up-to-date: /home/sicou2/CSCE452/Project3/Project3-Python/install/project3_interfaces/include/project3_interfaces/project3_interfaces/msg/rosidl_generator_cpp__visibility_control.hpp
[0.607s] -- Up-to-date: /home/sicou2/CSCE452/Project3/Project3-Python/install/project3_interfaces/include/project3_interfaces/project3_interfaces/msg/person_track.hpp
[0.607s] -- Up-to-date: /home/sicou2/CSCE452/Project3/Project3-Python/install/project3_interfaces/include/project3_interfaces/project3_interfaces
[0.607s] -- Up-to-date: /home/sicou2/CSCE452/Project3/Project3-Python/install/project3_interfaces/include/project3_interfaces/project3_interfaces/msg
[0.607s] -- Up-to-date: /home/sicou2/CSCE452/Project3/Project3-Python/install/project3_interfaces/include/project3_interfaces/project3_interfaces/msg/detail
[0.607s] -- Up-to-date: /home/sicou2/CSCE452/Project3/Project3-Python/install/project3_interfaces/include/project3_interfaces/project3_interfaces/msg/detail/dds_fastrtps
[0.607s] -- Up-to-date: /home/sicou2/CSCE452/Project3/Project3-Python/install/project3_interfaces/include/project3_interfaces/project3_interfaces/msg/detail/person_tracks__rosidl_typesupport_fastrtps_cpp.hpp
[0.607s] -- Up-to-date: /home/sicou2/CSCE452/Project3/Project3-Python/install/project3_interfaces/include/project3_interfaces/project3_interfaces/msg/detail/person_track__rosidl_typesupport_fastrtps_cpp.hpp
[0.607s] -- Up-to-date: /home/sicou2/CSCE452/Project3/Project3-Python/install/project3_interfaces/include/project3_interfaces/project3_interfaces/msg/detail/person_candidates__rosidl_typesupport_fastrtps_cpp.hpp
[0.607s] -- Up-to-date: /home/sicou2/CSCE452/Project3/Project3-Python/install/project3_interfaces/include/project3_interfaces/project3_interfaces/msg/rosidl_typesupport_fastrtps_cpp__visibility_control.h
[0.607s] -- Up-to-date: /home/sicou2/CSCE452/Project3/Project3-Python/install/project3_interfaces/lib/libproject3_interfaces__rosidl_typesupport_fastrtps_cpp.so
[0.608s] -- Up-to-date: /home/sicou2/CSCE452/Project3/Project3-Python/install/project3_interfaces/include/project3_interfaces/project3_interfaces
[0.608s] -- Up-to-date: /home/sicou2/CSCE452/Project3/Project3-Python/install/project3_interfaces/include/project3_interfaces/project3_interfaces/msg
[0.608s] -- Up-to-date: /home/sicou2/CSCE452/Project3/Project3-Python/install/project3_interfaces/include/project3_interfaces/project3_interfaces/msg/detail
[0.608s] -- Up-to-date: /home/sicou2/CSCE452/Project3/Project3-Python/install/project3_interfaces/include/project3_interfaces/project3_interfaces/msg/detail/person_candidates__rosidl_typesupport_introspection_cpp.hpp
[0.608s] -- Up-to-date: /home/sicou2/CSCE452/Project3/Project3-Python/install/project3_interfaces/include/project3_interfaces/project3_interfaces/msg/detail/person_tracks__rosidl_typesupport_introspection_cpp.hpp
[0.608s] -- Up-to-date: /home/sicou2/CSCE452/Project3/Project3-Python/install/project3_interfaces/include/project3_interfaces/project3_interfaces/msg/detail/person_track__type_support.cpp
[0.608s] -- Up-to-date: /home/sicou2/CSCE452/Project3/Project3-Python/install/project3_interfaces/include/project3_interfaces/project3_interfaces/msg/detail/person_candidates__type_support.cpp
[0.608s] -- Up-to-date: /home/sicou2/CSCE452/Project3/Project3-Python/install/project3_interfaces/include/project3_interfaces/project3_interfaces/msg/detail/person_tracks__type_support.cpp
[0.608s] -- Up-to-date: /home/sicou2/CSCE452/Project3/Project3-Python/install/project3_interfaces/include/project3_interfaces/project3_interfaces/msg/detail/person_track__rosidl_typesupport_introspection_cpp.hpp
[0.608s] -- Up-to-date: /home/sicou2/CSCE452/Project3/Project3-Python/install/project3_interfaces/lib/libproject3_interfaces__rosidl_typesupport_introspection_cpp.so
[0.608s] -- Up-to-date: /home/sicou2/CSCE452/Project3/Project3-Python/install/project3_interfaces/lib/libproject3_interfaces__rosidl_typesupport_cpp.so
[0.609s] -- Up-to-date: /home/sicou2/CSCE452/Project3/Project3-Python/install/project3_interfaces/share/project3_interfaces/environment/pythonpath.sh
[0.609s] -- Up-to-date: /home/sicou2/CSCE452/Project3/Project3-Python/install/project3_interfaces/share/project3_interfaces/environment/pythonpath.dsv
[0.609s] -- Up-to-date: /home/sicou2/CSCE452/Project3/Project3-Python/install/project3_interfaces/lib/python3.12/site-packages/project3_interfaces-0.1.0-py3.12.egg-info
[0.609s] -- Installing: /home/sicou2/CSCE452/Project3/Project3-Python/install/project3_interfaces/lib/python3.12/site-packages/project3_interfaces-0.1.0-py3.12.egg-info/dependency_links.txt
[0.609s] -- Installing: /home/sicou2/CSCE452/Project3/Project3-Python/install/project3_interfaces/lib/python3.12/site-packages/project3_interfaces-0.1.0-py3.12.egg-info/SOURCES.txt
[0.609s] -- Installing: /home/sicou2/CSCE452/Project3/Project3-Python/install/project3_interfaces/lib/python3.12/site-packages/project3_interfaces-0.1.0-py3.12.egg-info/PKG-INFO
[0.610s] -- Installing: /home/sicou2/CSCE452/Project3/Project3-Python/install/project3_interfaces/lib/python3.12/site-packages/project3_interfaces-0.1.0-py3.12.egg-info/top_level.txt
[0.610s] -- Up-to-date: /home/sicou2/CSCE452/Project3/Project3-Python/install/project3_interfaces/lib/python3.12/site-packages/project3_interfaces
[0.610s] -- Up-to-date: /home/sicou2/CSCE452/Project3/Project3-Python/install/project3_interfaces/lib/python3.12/site-packages/project3_interfaces/_project3_interfaces_s.ep.rosidl_typesupport_introspection_c.c
[0.611s] -- Up-to-date: /home/sicou2/CSCE452/Project3/Project3-Python/install/project3_interfaces/lib/python3.12/site-packages/project3_interfaces/msg
[0.611s] -- Up-to-date: /home/sicou2/CSCE452/Project3/Project3-Python/install/project3_interfaces/lib/python3.12/site-packages/project3_interfaces/msg/_person_track_s.c
[0.611s] -- Up-to-date: /home/sicou2/CSCE452/Project3/Project3-Python/install/project3_interfaces/lib/python3.12/site-packages/project3_interfaces/msg/_person_track.py
[0.611s] -- Up-to-date: /home/sicou2/CSCE452/Project3/Project3-Python/install/project3_interfaces/lib/python3.12/site-packages/project3_interfaces/msg/_person_candidates.py
[0.611s] -- Up-to-date: /home/sicou2/CSCE452/Project3/Project3-Python/install/project3_interfaces/lib/python3.12/site-packages/project3_interfaces/msg/_person_tracks_s.c
[0.611s] -- Up-to-date: /home/sicou2/CSCE452/Project3/Project3-Python/install/project3_interfaces/lib/python3.12/site-packages/project3_interfaces/msg/_person_tracks.py
[0.611s] -- Up-to-date: /home/sicou2/CSCE452/Project3/Project3-Python/install/project3_interfaces/lib/python3.12/site-packages/project3_interfaces/msg/_person_candidates_s.c
[0.612s] -- Up-to-date: /home/sicou2/CSCE452/Project3/Project3-Python/install/project3_interfaces/lib/python3.12/site-packages/project3_interfaces/msg/__init__.py
[0.612s] -- Up-to-date: /home/sicou2/CSCE452/Project3/Project3-Python/install/project3_interfaces/lib/python3.12/site-packages/project3_interfaces/project3_interfaces_s__rosidl_typesupport_fastrtps_c.so
[0.612s] -- Up-to-date: /home/sicou2/CSCE452/Project3/Project3-Python/install/project3_interfaces/lib/python3.12/site-packages/project3_interfaces/project3_interfaces_s__rosidl_typesupport_introspection_c.so
[0.612s] -- Up-to-date: /home/sicou2/CSCE452/Project3/Project3-Python/install/project3_interfaces/lib/python3.12/site-packages/project3_interfaces/_project3_interfaces_s.ep.rosidl_typesupport_fastrtps_c.c
[0.613s] -- Up-to-date: /home/sicou2/CSCE452/Project3/Project3-Python/install/project3_interfaces/lib/python3.12/site-packages/project3_interfaces/__init__.py
[0.613s] -- Up-to-date: /home/sicou2/CSCE452/Project3/Project3-Python/install/project3_interfaces/lib/python3.12/site-packages/project3_interfaces/project3_interfaces_s__rosidl_typesupport_c.so
[0.613s] -- Up-to-date: /home/sicou2/CSCE452/Project3/Project3-Python/install/project3_interfaces/lib/python3.12/site-packages/project3_interfaces/_project3_interfaces_s.ep.rosidl_typesupport_c.c
[0.649s] Listing '/home/sicou2/CSCE452/Project3/Project3-Python/install/project3_interfaces/lib/python3.12/site-packages/project3_interfaces'...
[0.649s] Listing '/home/sicou2/CSCE452/Project3/Project3-Python/install/project3_interfaces/lib/python3.12/site-packages/project3_interfaces/msg'...
[0.656s] -- Up-to-date: /home/sicou2/CSCE452/Project3/Project3-Python/install/project3_interfaces/lib/python3.12/site-packages/project3_interfaces/project3_interfaces_s__rosidl_typesupport_fastrtps_c.so
[0.657s] -- Up-to-date: /home/sicou2/CSCE452/Project3/Project3-Python/install/project3_interfaces/lib/python3.12/site-packages/project3_interfaces/project3_interfaces_s__rosidl_typesupport_introspection_c.so
[0.657s] -- Up-to-date: /home/sicou2/CSCE452/Project3/Project3-Python/install/project3_interfaces/lib/python3.12/site-packages/project3_interfaces/project3_interfaces_s__rosidl_typesupport_c.so
[0.658s] -- Up-to-date: /home/sicou2/CSCE452/Project3/Project3-Python/install/project3_interfaces/lib/libproject3_interfaces__rosidl_generator_py.so
[0.658s] -- Up-to-date: /home/sicou2/CSCE452/Project3/Project3-Python/install/project3_interfaces/share/project3_interfaces/msg/PersonCandidates.idl
[0.658s] -- Up-to-date: /home/sicou2/CSCE452/Project3/Project3-Python/install/project3_interfaces/share/project3_interfaces/msg/PersonTrack.idl
[0.658s] -- Up-to-date: /home/sicou2/CSCE452/Project3/Project3-Python/install/project3_interfaces/share/project3_interfaces/msg/PersonTracks.idl
[0.659s] -- Up-to-date: /home/sicou2/CSCE452/Project3/Project3-Python/install/project3_interfaces/share/project3_interfaces/msg/PersonCandidates.msg
[0.659s] -- Up-to-date: /home/sicou2/CSCE452/Project3/Project3-Python/install/project3_interfaces/share/project3_interfaces/msg/PersonTrack.msg
[0.660s] -- Up-to-date: /home/sicou2/CSCE452/Project3/Project3-Python/install/project3_interfaces/share/project3_interfaces/msg/PersonTracks.msg
[0.660s] -- Up-to-date: /home/sicou2/CSCE452/Project3/Project3-Python/install/project3_interfaces/share/ament_index/resource_index/package_run_dependencies/project3_interfaces
[0.660s] -- Up-to-date: /home/sicou2/CSCE452/Project3/Project3-Python/install/project3_interfaces/share/ament_index/resource_index/parent_prefix_path/project3_interfaces
[0.660s] -- Up-to-date: /home/sicou2/CSCE452/Project3/Project3-Python/install/project3_interfaces/share/project3_interfaces/environment/ament_prefix_path.sh
[0.660s] -- Up-to-date: /home/sicou2/CSCE452/Project3/Project3-Python/install/project3_interfaces/share/project3_interfaces/environment/ament_prefix_path.dsv
[0.660s] -- Up-to-date: /home/sicou2/CSCE452/Project3/Project3-Python/install/project3_interfaces/share/project3_interfaces/environment/path.sh
[0.660s] -- Up-to-date: /home/sicou2/CSCE452/Project3/Project3-Python/install/project3_interfaces/share/project3_interfaces/environment/path.dsv
[0.660s] -- Up-to-date: /home/sicou2/CSCE452/Project3/Project3-Python/install/project3_interfaces/share/project3_interfaces/local_setup.bash
[0.660s] -- Up-to-date: /home/sicou2/CSCE452/Project3/Project3-Python/install/project3_interfaces/share/project3_interfaces/local_setup.sh
[0.660s] -- Up-to-date: /home/sicou2/CSCE452/Project3/Project3-Python/install/project3_interfaces/share/project3_interfaces/local_setup.zsh
[0.660s] -- Up-to-date: /home/sicou2/CSCE452/Project3/Project3-Python/install/project3_interfaces/share/project3_interfaces/local_setup.dsv
[0.660s] -- Installing: /home/sicou2/CSCE452/Project3/Project3-Python/install/project3_interfaces/share/project3_interfaces/package.dsv
[0.661s] -- Up-to-date: /home/sicou2/CSCE452/Project3/Project3-Python/install/project3_interfaces/share/ament_index/resource_index/packages/project3_interfaces
[0.661s] -- Up-to-date: /home/sicou2/CSCE452/Project3/Project3-Python/install/project3_interfaces/share/project3_interfaces/cmake/export_project3_interfaces__rosidl_generator_cExport.cmake
[0.661s] -- Up-to-date: /home/sicou2/CSCE452/Project3/Project3-Python/install/project3_interfaces/share/project3_interfaces/cmake/export_project3_interfaces__rosidl_generator_cExport-noconfig.cmake
[0.661s] -- Up-to-date: /home/sicou2/CSCE452/Project3/Project3-Python/install/project3_interfaces/share/project3_interfaces/cmake/export_project3_interfaces__rosidl_typesupport_fastrtps_cExport.cmake
[0.661s] -- Up-to-date: /home/sicou2/CSCE452/Project3/Project3-Python/install/project3_interfaces/share/project3_interfaces/cmake/export_project3_interfaces__rosidl_typesupport_fastrtps_cExport-noconfig.cmake
[0.661s] -- Up-to-date: /home/sicou2/CSCE452/Project3/Project3-Python/install/project3_interfaces/share/project3_interfaces/cmake/project3_interfaces__rosidl_typesupport_introspection_cExport.cmake
[0.661s] -- Up-to-date: /home/sicou2/CSCE452/Project3/Project3-Python/install/project3_interfaces/share/project3_interfaces/cmake/project3_interfaces__rosidl_typesupport_introspection_cExport-noconfig.cmake
[0.661s] -- Up-to-date: /home/sicou2/CSCE452/Project3/Project3-Python/install/project3_interfaces/share/project3_interfaces/cmake/project3_interfaces__rosidl_typesupport_cExport.cmake
[0.661s] -- Up-to-date: /home/sicou2/CSCE452/Project3/Project3-Python/install/project3_interfaces/share/project3_interfaces/cmake/project3_interfaces__rosidl_typesupport_cExport-noconfig.cmake
[0.661s] -- Up-to-date: /home/sicou2/CSCE452/Project3/Project3-Python/install/project3_interfaces/share/project3_interfaces/cmake/export_project3_interfaces__rosidl_generator_cppExport.cmake
[0.661s] -- Up-to-date: /home/sicou2/CSCE452/Project3/Project3-Python/install/project3_interfaces/share/project3_interfaces/cmake/export_project3_interfaces__rosidl_typesupport_fastrtps_cppExport.cmake
[0.661s] -- Up-to-date: /home/sicou2/CSCE452/Project3/Project3-Python/install/project3_interfaces/share/project3_interfaces/cmake/export_project3_interfaces__rosidl_typesupport_fastrtps_cppExport-noconfig.cmake
[0.662s] -- Up-to-date: /home/sicou2/CSCE452/Project3/Project3-Python/install/project3_interfaces/share/project3_interfaces/cmake/project3_interfaces__rosidl_typesupport_introspection_cppExport.cmake
[0.662s] -- Up-to-date: /home/sicou2/CSCE452/Project3/Project3-Python/install/project3_interfaces/share/project3_interfaces/cmake/project3_interfaces__rosidl_typesupport_introspection_cppExport-noconfig.cmake
[0.662s] -- Up-to-date: /home/sicou2/CSCE452/Project3/Project3-Python/install/project3_interfaces/share/project3_interfaces/cmake/project3_interfaces__rosidl_typesupport_cppExport.cmake
[0.662s] -- Up-to-date: /home/sicou2/CSCE452/Project3/Project3-Python/install/project3_interfaces/share/project3_interfaces/cmake/project3_interfaces__rosidl_typesupport_cppExport-noconfig.cmake
[0.662s] -- Up-to-date: /home/sicou2/CSCE452/Project3/Project3-Python/install/project3_interfaces/share/project3_interfaces/cmake/export_project3_interfaces__rosidl_generator_pyExport.cmake
[0.662s] -- Up-to-date: /home/sicou2/CSCE452/Project3/Project3-Python/install/project3_interfaces/share/project3_interfaces/cmake/export_project3_interfaces__rosidl_generator_pyExport-noconfig.cmake
[0.662s] -- Up-to-date: /home/sicou2/CSCE452/Project3/Project3-Python/install/project3_interfaces/share/project3_interfaces/cmake/rosidl_cmake-extras.cmake
[0.662s] -- Up-to-date: /home/sicou2/CSCE452/Project3/Project3-Python/install/project3_interfaces/share/project3_interfaces/cmake/ament_cmake_export_dependencies-extras.cmake
[0.662s] -- Up-to-date: /home/sicou2/CSCE452/Project3/Project3-Python/install/project3_interfaces/share/project3_interfaces/cmake/ament_cmake_export_include_directories-extras.cmake
[0.662s] -- Up-to-date: /home/sicou2/CSCE452/Project3/Project3-Python/install/project3_interfaces/share/project3_interfaces/cmake/ament_cmake_export_libraries-extras.cmake
[0.662s] -- Up-to-date: /home/sicou2/CSCE452/Project3/Project3-Python/install/project3_interfaces/share/project3_interfaces/cmake/ament_cmake_export_targets-extras.cmake
[0.662s] -- Up-to-date: /home/sicou2/CSCE452/Project3/Project3-Python/install/project3_interfaces/share/project3_interfaces/cmake/rosidl_cmake_export_typesupport_targets-extras.cmake
[0.662s] -- Up-to-date: /home/sicou2/CSCE452/Project3/Project3-Python/install/project3_interfaces/share/project3_interfaces/cmake/rosidl_cmake_export_typesupport_libraries-extras.cmake
[0.663s] -- Up-to-date: /home/sicou2/CSCE452/Project3/Project3-Python/install/project3_interfaces/share/project3_interfaces/cmake/project3_interfacesConfig.cmake
[0.663s] -- Up-to-date: /home/sicou2/CSCE452/Project3/Project3-Python/install/project3_interfaces/share/project3_interfaces/cmake/project3_interfacesConfig-version.cmake
[0.663s] -- Up-to-date: /home/sicou2/CSCE452/Project3/Project3-Python/install/project3_interfaces/share/project3_interfaces/package.xml
[0.664s] Invoked command in '/home/sicou2/CSCE452/Project3/Project3-Python/build/project3_interfaces' returned '0': DEBUGINFOD_URLS=https://debuginfod.ubuntu.com /usr/bin/cmake --install /home/sicou2/CSCE452/Project3/Project3-Python/build/project3_interfaces
