[0.138s] DEBUG:colcon:Command line arguments: ['/usr/bin/colcon', 'build', '--packages-select', 'project3_interfaces', 'project3']
[0.138s] DEBUG:colcon:Parsed command line arguments: Namespace(log_base=None, log_level=None, verb_name='build', build_base='build', install_base='install', merge_install=False, symlink_install=False, test_result_base=None, continue_on_error=False, executor='parallel', parallel_workers=4, event_handlers=None, ignore_user_meta=False, metas=['./colcon.meta'], base_paths=['.'], packages_ignore=None, packages_ignore_regex=None, paths=None, packages_up_to=None, packages_up_to_regex=None, packages_above=None, packages_above_and_dependencies=None, packages_above_depth=None, packages_select_by_dep=None, packages_skip_by_dep=None, packages_skip_up_to=None, packages_select_build_failed=False, packages_skip_build_finished=False, packages_select_test_failures=False, packages_skip_test_passed=False, packages_select=['project3_interfaces', 'project3'], packages_skip=None, packages_select_regex=None, packages_skip_regex=None, packages_start=None, packages_end=None, allow_overriding=[], cmake_args=None, cmake_target=None, cmake_target_skip_unavailable=False, cmake_clean_cache=False, cmake_clean_first=False, cmake_force_configure=False, ament_cmake_args=None, catkin_cmake_args=None, catkin_skip_building_tests=False, mixin_files=None, mixin=None, verb_parser=<colcon_mixin.mixin.mixin_argument.MixinArgumentDecorator object at 0x7aef51c90950>, verb_extension=<colcon_core.verb.build.BuildVerb object at 0x7aef51c901d0>, main=<bound method BuildVerb.main of <colcon_core.verb.build.BuildVerb object at 0x7aef51c901d0>>, mixin_verb=('build',))
[0.192s] Level 1:colcon.colcon_core.package_discovery:discover_packages(colcon_meta) check parameters
[0.192s] Level 1:colcon.colcon_core.package_discovery:discover_packages(recursive) check parameters
[0.192s] Level 1:colcon.colcon_core.package_discovery:discover_packages(ignore) check parameters
[0.192s] Level 1:colcon.colcon_core.package_discovery:discover_packages(path) check parameters
[0.192s] Level 1:colcon.colcon_core.package_discovery:discover_packages(colcon_meta) discover
[0.192s] Level 1:colcon.colcon_core.package_discovery:discover_packages(recursive) discover
[0.192s] INFO:colcon.colcon_core.package_discovery:Crawling recursively for packages in '/home/sicou2/CSCE452/Project3/Project3-Python'
[0.192s] Level 1:colcon.colcon_core.package_identification:_identify(.) by extensions ['ignore', 'ignore_ament_install']
[0.192s] Level 1:colcon.colcon_core.package_identification:_identify(.) by extension 'ignore'
[0.192s] Level 1:colcon.colcon_core.package_identification:_identify(.) by extension 'ignore_ament_install'
[0.192s] Level 1:colcon.colcon_core.package_identification:_identify(.) by extensions ['colcon_pkg']
[0.192s] Level 1:colcon.colcon_core.package_identification:_identify(.) by extension 'colcon_pkg'
[0.193s] Level 1:colcon.colcon_core.package_identification:_identify(.) by extensions ['colcon_meta']
[0.193s] Level 1:colcon.colcon_core.package_identification:_identify(.) by extension 'colcon_meta'
[0.193s] Level 1:colcon.colcon_core.package_identification:_identify(.) by extensions ['ros']
[0.193s] Level 1:colcon.colcon_core.package_identification:_identify(.) by extension 'ros'
[0.219s] Level 1:colcon.colcon_core.package_identification:_identify(.) by extensions ['cmake', 'python']
[0.219s] Level 1:colcon.colcon_core.package_identification:_identify(.) by extension 'cmake'
[0.219s] Level 1:colcon.colcon_core.package_identification:_identify(.) by extension 'python'
[0.220s] Level 1:colcon.colcon_core.package_identification:_identify(.) by extensions ['python_setup_py']
[0.220s] Level 1:colcon.colcon_core.package_identification:_identify(.) by extension 'python_setup_py'
[0.220s] Level 1:colcon.colcon_core.package_identification:_identify(archive) by extensions ['ignore', 'ignore_ament_install']
[0.220s] Level 1:colcon.colcon_core.package_identification:_identify(archive) by extension 'ignore'
[0.220s] Level 1:colcon.colcon_core.package_identification:_identify(archive) by extension 'ignore_ament_install'
[0.220s] Level 1:colcon.colcon_core.package_identification:_identify(archive) by extensions ['colcon_pkg']
[0.220s] Level 1:colcon.colcon_core.package_identification:_identify(archive) by extension 'colcon_pkg'
[0.220s] Level 1:colcon.colcon_core.package_identification:_identify(archive) by extensions ['colcon_meta']
[0.220s] Level 1:colcon.colcon_core.package_identification:_identify(archive) by extension 'colcon_meta'
[0.220s] Level 1:colcon.colcon_core.package_identification:_identify(archive) by extensions ['ros']
[0.220s] Level 1:colcon.colcon_core.package_identification:_identify(archive) by extension 'ros'
[0.220s] Level 1:colcon.colcon_core.package_identification:_identify(archive) by extensions ['cmake', 'python']
[0.220s] Level 1:colcon.colcon_core.package_identification:_identify(archive) by extension 'cmake'
[0.221s] Level 1:colcon.colcon_core.package_identification:_identify(archive) by extension 'python'
[0.221s] Level 1:colcon.colcon_core.package_identification:_identify(archive) by extensions ['python_setup_py']
[0.221s] Level 1:colcon.colcon_core.package_identification:_identify(archive) by extension 'python_setup_py'
[0.221s] Level 1:colcon.colcon_core.package_identification:_identify(build) by extensions ['ignore', 'ignore_ament_install']
[0.221s] Level 1:colcon.colcon_core.package_identification:_identify(build) by extension 'ignore'
[0.221s] Level 1:colcon.colcon_core.package_identification:_identify(build) ignored
[0.221s] Level 1:colcon.colcon_core.package_identification:_identify(install) by extensions ['ignore', 'ignore_ament_install']
[0.221s] Level 1:colcon.colcon_core.package_identification:_identify(install) by extension 'ignore'
[0.221s] Level 1:colcon.colcon_core.package_identification:_identify(install) ignored
[0.221s] Level 1:colcon.colcon_core.package_identification:_identify(log) by extensions ['ignore', 'ignore_ament_install']
[0.221s] Level 1:colcon.colcon_core.package_identification:_identify(log) by extension 'ignore'
[0.221s] Level 1:colcon.colcon_core.package_identification:_identify(log) ignored
[0.222s] Level 1:colcon.colcon_core.package_identification:_identify(project3-bags) by extensions ['ignore', 'ignore_ament_install']
[0.222s] Level 1:colcon.colcon_core.package_identification:_identify(project3-bags) by extension 'ignore'
[0.222s] Level 1:colcon.colcon_core.package_identification:_identify(project3-bags) by extension 'ignore_ament_install'
[0.222s] Level 1:colcon.colcon_core.package_identification:_identify(project3-bags) by extensions ['colcon_pkg']
[0.222s] Level 1:colcon.colcon_core.package_identification:_identify(project3-bags) by extension 'colcon_pkg'
[0.222s] Level 1:colcon.colcon_core.package_identification:_identify(project3-bags) by extensions ['colcon_meta']
[0.222s] Level 1:colcon.colcon_core.package_identification:_identify(project3-bags) by extension 'colcon_meta'
[0.222s] Level 1:colcon.colcon_core.package_identification:_identify(project3-bags) by extensions ['ros']
[0.222s] Level 1:colcon.colcon_core.package_identification:_identify(project3-bags) by extension 'ros'
[0.222s] Level 1:colcon.colcon_core.package_identification:_identify(project3-bags) by extensions ['cmake', 'python']
[0.222s] Level 1:colcon.colcon_core.package_identification:_identify(project3-bags) by extension 'cmake'
[0.222s] Level 1:colcon.colcon_core.package_identification:_identify(project3-bags) by extension 'python'
[0.222s] Level 1:colcon.colcon_core.package_identification:_identify(project3-bags) by extensions ['python_setup_py']
[0.222s] Level 1:colcon.colcon_core.package_identification:_identify(project3-bags) by extension 'python_setup_py'
[0.222s] Level 1:colcon.colcon_core.package_identification:_identify(project3-bags/01) by extensions ['ignore', 'ignore_ament_install']
[0.222s] Level 1:colcon.colcon_core.package_identification:_identify(project3-bags/01) by extension 'ignore'
[0.223s] Level 1:colcon.colcon_core.package_identification:_identify(project3-bags/01) by extension 'ignore_ament_install'
[0.223s] Level 1:colcon.colcon_core.package_identification:_identify(project3-bags/01) by extensions ['colcon_pkg']
[0.223s] Level 1:colcon.colcon_core.package_identification:_identify(project3-bags/01) by extension 'colcon_pkg'
[0.223s] Level 1:colcon.colcon_core.package_identification:_identify(project3-bags/01) by extensions ['colcon_meta']
[0.223s] Level 1:colcon.colcon_core.package_identification:_identify(project3-bags/01) by extension 'colcon_meta'
[0.223s] Level 1:colcon.colcon_core.package_identification:_identify(project3-bags/01) by extensions ['ros']
[0.223s] Level 1:colcon.colcon_core.package_identification:_identify(project3-bags/01) by extension 'ros'
[0.223s] Level 1:colcon.colcon_core.package_identification:_identify(project3-bags/01) by extensions ['cmake', 'python']
[0.223s] Level 1:colcon.colcon_core.package_identification:_identify(project3-bags/01) by extension 'cmake'
[0.223s] Level 1:colcon.colcon_core.package_identification:_identify(project3-bags/01) by extension 'python'
[0.223s] Level 1:colcon.colcon_core.package_identification:_identify(project3-bags/01) by extensions ['python_setup_py']
[0.223s] Level 1:colcon.colcon_core.package_identification:_identify(project3-bags/01) by extension 'python_setup_py'
[0.223s] Level 1:colcon.colcon_core.package_identification:_identify(project3-bags/02) by extensions ['ignore', 'ignore_ament_install']
[0.223s] Level 1:colcon.colcon_core.package_identification:_identify(project3-bags/02) by extension 'ignore'
[0.223s] Level 1:colcon.colcon_core.package_identification:_identify(project3-bags/02) by extension 'ignore_ament_install'
[0.223s] Level 1:colcon.colcon_core.package_identification:_identify(project3-bags/02) by extensions ['colcon_pkg']
[0.223s] Level 1:colcon.colcon_core.package_identification:_identify(project3-bags/02) by extension 'colcon_pkg'
[0.224s] Level 1:colcon.colcon_core.package_identification:_identify(project3-bags/02) by extensions ['colcon_meta']
[0.224s] Level 1:colcon.colcon_core.package_identification:_identify(project3-bags/02) by extension 'colcon_meta'
[0.224s] Level 1:colcon.colcon_core.package_identification:_identify(project3-bags/02) by extensions ['ros']
[0.224s] Level 1:colcon.colcon_core.package_identification:_identify(project3-bags/02) by extension 'ros'
[0.224s] Level 1:colcon.colcon_core.package_identification:_identify(project3-bags/02) by extensions ['cmake', 'python']
[0.224s] Level 1:colcon.colcon_core.package_identification:_identify(project3-bags/02) by extension 'cmake'
[0.224s] Level 1:colcon.colcon_core.package_identification:_identify(project3-bags/02) by extension 'python'
[0.224s] Level 1:colcon.colcon_core.package_identification:_identify(project3-bags/02) by extensions ['python_setup_py']
[0.224s] Level 1:colcon.colcon_core.package_identification:_identify(project3-bags/02) by extension 'python_setup_py'
[0.224s] Level 1:colcon.colcon_core.package_identification:_identify(project3-bags/03) by extensions ['ignore', 'ignore_ament_install']
[0.224s] Level 1:colcon.colcon_core.package_identification:_identify(project3-bags/03) by extension 'ignore'
[0.224s] Level 1:colcon.colcon_core.package_identification:_identify(project3-bags/03) by extension 'ignore_ament_install'
[0.224s] Level 1:colcon.colcon_core.package_identification:_identify(project3-bags/03) by extensions ['colcon_pkg']
[0.224s] Level 1:colcon.colcon_core.package_identification:_identify(project3-bags/03) by extension 'colcon_pkg'
[0.224s] Level 1:colcon.colcon_core.package_identification:_identify(project3-bags/03) by extensions ['colcon_meta']
[0.224s] Level 1:colcon.colcon_core.package_identification:_identify(project3-bags/03) by extension 'colcon_meta'
[0.224s] Level 1:colcon.colcon_core.package_identification:_identify(project3-bags/03) by extensions ['ros']
[0.224s] Level 1:colcon.colcon_core.package_identification:_identify(project3-bags/03) by extension 'ros'
[0.225s] Level 1:colcon.colcon_core.package_identification:_identify(project3-bags/03) by extensions ['cmake', 'python']
[0.225s] Level 1:colcon.colcon_core.package_identification:_identify(project3-bags/03) by extension 'cmake'
[0.225s] Level 1:colcon.colcon_core.package_identification:_identify(project3-bags/03) by extension 'python'
[0.225s] Level 1:colcon.colcon_core.package_identification:_identify(project3-bags/03) by extensions ['python_setup_py']
[0.225s] Level 1:colcon.colcon_core.package_identification:_identify(project3-bags/03) by extension 'python_setup_py'
[0.225s] Level 1:colcon.colcon_core.package_identification:_identify(project3-bags/04) by extensions ['ignore', 'ignore_ament_install']
[0.225s] Level 1:colcon.colcon_core.package_identification:_identify(project3-bags/04) by extension 'ignore'
[0.225s] Level 1:colcon.colcon_core.package_identification:_identify(project3-bags/04) by extension 'ignore_ament_install'
[0.225s] Level 1:colcon.colcon_core.package_identification:_identify(project3-bags/04) by extensions ['colcon_pkg']
[0.225s] Level 1:colcon.colcon_core.package_identification:_identify(project3-bags/04) by extension 'colcon_pkg'
[0.225s] Level 1:colcon.colcon_core.package_identification:_identify(project3-bags/04) by extensions ['colcon_meta']
[0.225s] Level 1:colcon.colcon_core.package_identification:_identify(project3-bags/04) by extension 'colcon_meta'
[0.225s] Level 1:colcon.colcon_core.package_identification:_identify(project3-bags/04) by extensions ['ros']
[0.225s] Level 1:colcon.colcon_core.package_identification:_identify(project3-bags/04) by extension 'ros'
[0.225s] Level 1:colcon.colcon_core.package_identification:_identify(project3-bags/04) by extensions ['cmake', 'python']
[0.225s] Level 1:colcon.colcon_core.package_identification:_identify(project3-bags/04) by extension 'cmake'
[0.225s] Level 1:colcon.colcon_core.package_identification:_identify(project3-bags/04) by extension 'python'
[0.225s] Level 1:colcon.colcon_core.package_identification:_identify(project3-bags/04) by extensions ['python_setup_py']
[0.225s] Level 1:colcon.colcon_core.package_identification:_identify(project3-bags/04) by extension 'python_setup_py'
[0.226s] Level 1:colcon.colcon_core.package_identification:_identify(project3-bags/05) by extensions ['ignore', 'ignore_ament_install']
[0.226s] Level 1:colcon.colcon_core.package_identification:_identify(project3-bags/05) by extension 'ignore'
[0.226s] Level 1:colcon.colcon_core.package_identification:_identify(project3-bags/05) by extension 'ignore_ament_install'
[0.226s] Level 1:colcon.colcon_core.package_identification:_identify(project3-bags/05) by extensions ['colcon_pkg']
[0.226s] Level 1:colcon.colcon_core.package_identification:_identify(project3-bags/05) by extension 'colcon_pkg'
[0.226s] Level 1:colcon.colcon_core.package_identification:_identify(project3-bags/05) by extensions ['colcon_meta']
[0.226s] Level 1:colcon.colcon_core.package_identification:_identify(project3-bags/05) by extension 'colcon_meta'
[0.226s] Level 1:colcon.colcon_core.package_identification:_identify(project3-bags/05) by extensions ['ros']
[0.226s] Level 1:colcon.colcon_core.package_identification:_identify(project3-bags/05) by extension 'ros'
[0.226s] Level 1:colcon.colcon_core.package_identification:_identify(project3-bags/05) by extensions ['cmake', 'python']
[0.226s] Level 1:colcon.colcon_core.package_identification:_identify(project3-bags/05) by extension 'cmake'
[0.226s] Level 1:colcon.colcon_core.package_identification:_identify(project3-bags/05) by extension 'python'
[0.226s] Level 1:colcon.colcon_core.package_identification:_identify(project3-bags/05) by extensions ['python_setup_py']
[0.226s] Level 1:colcon.colcon_core.package_identification:_identify(project3-bags/05) by extension 'python_setup_py'
[0.226s] Level 1:colcon.colcon_core.package_identification:_identify(project3-bags/06) by extensions ['ignore', 'ignore_ament_install']
[0.226s] Level 1:colcon.colcon_core.package_identification:_identify(project3-bags/06) by extension 'ignore'
[0.227s] Level 1:colcon.colcon_core.package_identification:_identify(project3-bags/06) by extension 'ignore_ament_install'
[0.227s] Level 1:colcon.colcon_core.package_identification:_identify(project3-bags/06) by extensions ['colcon_pkg']
[0.227s] Level 1:colcon.colcon_core.package_identification:_identify(project3-bags/06) by extension 'colcon_pkg'
[0.227s] Level 1:colcon.colcon_core.package_identification:_identify(project3-bags/06) by extensions ['colcon_meta']
[0.227s] Level 1:colcon.colcon_core.package_identification:_identify(project3-bags/06) by extension 'colcon_meta'
[0.227s] Level 1:colcon.colcon_core.package_identification:_identify(project3-bags/06) by extensions ['ros']
[0.227s] Level 1:colcon.colcon_core.package_identification:_identify(project3-bags/06) by extension 'ros'
[0.227s] Level 1:colcon.colcon_core.package_identification:_identify(project3-bags/06) by extensions ['cmake', 'python']
[0.227s] Level 1:colcon.colcon_core.package_identification:_identify(project3-bags/06) by extension 'cmake'
[0.227s] Level 1:colcon.colcon_core.package_identification:_identify(project3-bags/06) by extension 'python'
[0.227s] Level 1:colcon.colcon_core.package_identification:_identify(project3-bags/06) by extensions ['python_setup_py']
[0.227s] Level 1:colcon.colcon_core.package_identification:_identify(project3-bags/06) by extension 'python_setup_py'
[0.227s] Level 1:colcon.colcon_core.package_identification:_identify(project3-bags/07) by extensions ['ignore', 'ignore_ament_install']
[0.227s] Level 1:colcon.colcon_core.package_identification:_identify(project3-bags/07) by extension 'ignore'
[0.227s] Level 1:colcon.colcon_core.package_identification:_identify(project3-bags/07) by extension 'ignore_ament_install'
[0.227s] Level 1:colcon.colcon_core.package_identification:_identify(project3-bags/07) by extensions ['colcon_pkg']
[0.227s] Level 1:colcon.colcon_core.package_identification:_identify(project3-bags/07) by extension 'colcon_pkg'
[0.227s] Level 1:colcon.colcon_core.package_identification:_identify(project3-bags/07) by extensions ['colcon_meta']
[0.227s] Level 1:colcon.colcon_core.package_identification:_identify(project3-bags/07) by extension 'colcon_meta'
[0.228s] Level 1:colcon.colcon_core.package_identification:_identify(project3-bags/07) by extensions ['ros']
[0.228s] Level 1:colcon.colcon_core.package_identification:_identify(project3-bags/07) by extension 'ros'
[0.228s] Level 1:colcon.colcon_core.package_identification:_identify(project3-bags/07) by extensions ['cmake', 'python']
[0.228s] Level 1:colcon.colcon_core.package_identification:_identify(project3-bags/07) by extension 'cmake'
[0.228s] Level 1:colcon.colcon_core.package_identification:_identify(project3-bags/07) by extension 'python'
[0.228s] Level 1:colcon.colcon_core.package_identification:_identify(project3-bags/07) by extensions ['python_setup_py']
[0.228s] Level 1:colcon.colcon_core.package_identification:_identify(project3-bags/07) by extension 'python_setup_py'
[0.228s] Level 1:colcon.colcon_core.package_identification:_identify(project3-bags/08) by extensions ['ignore', 'ignore_ament_install']
[0.228s] Level 1:colcon.colcon_core.package_identification:_identify(project3-bags/08) by extension 'ignore'
[0.228s] Level 1:colcon.colcon_core.package_identification:_identify(project3-bags/08) by extension 'ignore_ament_install'
[0.228s] Level 1:colcon.colcon_core.package_identification:_identify(project3-bags/08) by extensions ['colcon_pkg']
[0.228s] Level 1:colcon.colcon_core.package_identification:_identify(project3-bags/08) by extension 'colcon_pkg'
[0.228s] Level 1:colcon.colcon_core.package_identification:_identify(project3-bags/08) by extensions ['colcon_meta']
[0.228s] Level 1:colcon.colcon_core.package_identification:_identify(project3-bags/08) by extension 'colcon_meta'
[0.228s] Level 1:colcon.colcon_core.package_identification:_identify(project3-bags/08) by extensions ['ros']
[0.228s] Level 1:colcon.colcon_core.package_identification:_identify(project3-bags/08) by extension 'ros'
[0.228s] Level 1:colcon.colcon_core.package_identification:_identify(project3-bags/08) by extensions ['cmake', 'python']
[0.228s] Level 1:colcon.colcon_core.package_identification:_identify(project3-bags/08) by extension 'cmake'
[0.228s] Level 1:colcon.colcon_core.package_identification:_identify(project3-bags/08) by extension 'python'
[0.229s] Level 1:colcon.colcon_core.package_identification:_identify(project3-bags/08) by extensions ['python_setup_py']
[0.229s] Level 1:colcon.colcon_core.package_identification:_identify(project3-bags/08) by extension 'python_setup_py'
[0.229s] Level 1:colcon.colcon_core.package_identification:_identify(project3-bags/09) by extensions ['ignore', 'ignore_ament_install']
[0.229s] Level 1:colcon.colcon_core.package_identification:_identify(project3-bags/09) by extension 'ignore'
[0.229s] Level 1:colcon.colcon_core.package_identification:_identify(project3-bags/09) by extension 'ignore_ament_install'
[0.229s] Level 1:colcon.colcon_core.package_identification:_identify(project3-bags/09) by extensions ['colcon_pkg']
[0.229s] Level 1:colcon.colcon_core.package_identification:_identify(project3-bags/09) by extension 'colcon_pkg'
[0.229s] Level 1:colcon.colcon_core.package_identification:_identify(project3-bags/09) by extensions ['colcon_meta']
[0.229s] Level 1:colcon.colcon_core.package_identification:_identify(project3-bags/09) by extension 'colcon_meta'
[0.229s] Level 1:colcon.colcon_core.package_identification:_identify(project3-bags/09) by extensions ['ros']
[0.229s] Level 1:colcon.colcon_core.package_identification:_identify(project3-bags/09) by extension 'ros'
[0.229s] Level 1:colcon.colcon_core.package_identification:_identify(project3-bags/09) by extensions ['cmake', 'python']
[0.229s] Level 1:colcon.colcon_core.package_identification:_identify(project3-bags/09) by extension 'cmake'
[0.229s] Level 1:colcon.colcon_core.package_identification:_identify(project3-bags/09) by extension 'python'
[0.229s] Level 1:colcon.colcon_core.package_identification:_identify(project3-bags/09) by extensions ['python_setup_py']
[0.229s] Level 1:colcon.colcon_core.package_identification:_identify(project3-bags/09) by extension 'python_setup_py'
[0.229s] Level 1:colcon.colcon_core.package_identification:_identify(project3-bags/10) by extensions ['ignore', 'ignore_ament_install']
[0.229s] Level 1:colcon.colcon_core.package_identification:_identify(project3-bags/10) by extension 'ignore'
[0.230s] Level 1:colcon.colcon_core.package_identification:_identify(project3-bags/10) by extension 'ignore_ament_install'
[0.230s] Level 1:colcon.colcon_core.package_identification:_identify(project3-bags/10) by extensions ['colcon_pkg']
[0.230s] Level 1:colcon.colcon_core.package_identification:_identify(project3-bags/10) by extension 'colcon_pkg'
[0.230s] Level 1:colcon.colcon_core.package_identification:_identify(project3-bags/10) by extensions ['colcon_meta']
[0.230s] Level 1:colcon.colcon_core.package_identification:_identify(project3-bags/10) by extension 'colcon_meta'
[0.230s] Level 1:colcon.colcon_core.package_identification:_identify(project3-bags/10) by extensions ['ros']
[0.230s] Level 1:colcon.colcon_core.package_identification:_identify(project3-bags/10) by extension 'ros'
[0.230s] Level 1:colcon.colcon_core.package_identification:_identify(project3-bags/10) by extensions ['cmake', 'python']
[0.230s] Level 1:colcon.colcon_core.package_identification:_identify(project3-bags/10) by extension 'cmake'
[0.230s] Level 1:colcon.colcon_core.package_identification:_identify(project3-bags/10) by extension 'python'
[0.230s] Level 1:colcon.colcon_core.package_identification:_identify(project3-bags/10) by extensions ['python_setup_py']
[0.230s] Level 1:colcon.colcon_core.package_identification:_identify(project3-bags/10) by extension 'python_setup_py'
[0.230s] Level 1:colcon.colcon_core.package_identification:_identify(src) by extensions ['ignore', 'ignore_ament_install']
[0.230s] Level 1:colcon.colcon_core.package_identification:_identify(src) by extension 'ignore'
[0.230s] Level 1:colcon.colcon_core.package_identification:_identify(src) by extension 'ignore_ament_install'
[0.230s] Level 1:colcon.colcon_core.package_identification:_identify(src) by extensions ['colcon_pkg']
[0.230s] Level 1:colcon.colcon_core.package_identification:_identify(src) by extension 'colcon_pkg'
[0.230s] Level 1:colcon.colcon_core.package_identification:_identify(src) by extensions ['colcon_meta']
[0.230s] Level 1:colcon.colcon_core.package_identification:_identify(src) by extension 'colcon_meta'
[0.230s] Level 1:colcon.colcon_core.package_identification:_identify(src) by extensions ['ros']
[0.231s] Level 1:colcon.colcon_core.package_identification:_identify(src) by extension 'ros'
[0.231s] Level 1:colcon.colcon_core.package_identification:_identify(src) by extensions ['cmake', 'python']
[0.231s] Level 1:colcon.colcon_core.package_identification:_identify(src) by extension 'cmake'
[0.231s] Level 1:colcon.colcon_core.package_identification:_identify(src) by extension 'python'
[0.231s] Level 1:colcon.colcon_core.package_identification:_identify(src) by extensions ['python_setup_py']
[0.231s] Level 1:colcon.colcon_core.package_identification:_identify(src) by extension 'python_setup_py'
[0.231s] Level 1:colcon.colcon_core.package_identification:_identify(src/project3) by extensions ['ignore', 'ignore_ament_install']
[0.231s] Level 1:colcon.colcon_core.package_identification:_identify(src/project3) by extension 'ignore'
[0.231s] Level 1:colcon.colcon_core.package_identification:_identify(src/project3) by extension 'ignore_ament_install'
[0.231s] Level 1:colcon.colcon_core.package_identification:_identify(src/project3) by extensions ['colcon_pkg']
[0.231s] Level 1:colcon.colcon_core.package_identification:_identify(src/project3) by extension 'colcon_pkg'
[0.231s] Level 1:colcon.colcon_core.package_identification:_identify(src/project3) by extensions ['colcon_meta']
[0.231s] Level 1:colcon.colcon_core.package_identification:_identify(src/project3) by extension 'colcon_meta'
[0.231s] Level 1:colcon.colcon_core.package_identification:_identify(src/project3) by extensions ['ros']
[0.231s] Level 1:colcon.colcon_core.package_identification:_identify(src/project3) by extension 'ros'
[0.234s] DEBUG:colcon.colcon_core.package_identification:Package 'src/project3' with type 'ros.ament_python' and name 'project3'
[0.234s] Level 1:colcon.colcon_core.package_identification:_identify(src/project3_interfaces) by extensions ['ignore', 'ignore_ament_install']
[0.234s] Level 1:colcon.colcon_core.package_identification:_identify(src/project3_interfaces) by extension 'ignore'
[0.234s] Level 1:colcon.colcon_core.package_identification:_identify(src/project3_interfaces) by extension 'ignore_ament_install'
[0.234s] Level 1:colcon.colcon_core.package_identification:_identify(src/project3_interfaces) by extensions ['colcon_pkg']
[0.234s] Level 1:colcon.colcon_core.package_identification:_identify(src/project3_interfaces) by extension 'colcon_pkg'
[0.235s] Level 1:colcon.colcon_core.package_identification:_identify(src/project3_interfaces) by extensions ['colcon_meta']
[0.235s] Level 1:colcon.colcon_core.package_identification:_identify(src/project3_interfaces) by extension 'colcon_meta'
[0.235s] Level 1:colcon.colcon_core.package_identification:_identify(src/project3_interfaces) by extensions ['ros']
[0.235s] Level 1:colcon.colcon_core.package_identification:_identify(src/project3_interfaces) by extension 'ros'
[0.235s] DEBUG:colcon.colcon_core.package_identification:Package 'src/project3_interfaces' with type 'ros.catkin' and name 'project3_interfaces'
[0.235s] Level 1:colcon.colcon_core.package_discovery:discover_packages(recursive) using defaults
[0.235s] Level 1:colcon.colcon_core.package_discovery:discover_packages(ignore) discover
[0.235s] Level 1:colcon.colcon_core.package_discovery:discover_packages(ignore) using defaults
[0.235s] Level 1:colcon.colcon_core.package_discovery:discover_packages(path) discover
[0.235s] Level 1:colcon.colcon_core.package_discovery:discover_packages(path) using defaults
[0.255s] Level 1:colcon.colcon_core.package_discovery:discover_packages(prefix_path) check parameters
[0.255s] Level 1:colcon.colcon_core.package_discovery:discover_packages(prefix_path) discover
[0.258s] DEBUG:colcon.colcon_installed_package_information.package_discovery:Found 2 installed packages in /home/sicou2/CSCE452/Project3/Project3-Python/install
[0.260s] DEBUG:colcon.colcon_installed_package_information.package_discovery:Found 318 installed packages in /opt/ros/jazzy
[0.261s] Level 1:colcon.colcon_core.package_discovery:discover_packages(prefix_path) using defaults
[0.311s] Level 5:colcon.colcon_core.verb:set package 'project3_interfaces' build argument 'cmake_args' from command line to 'None'
[0.311s] Level 5:colcon.colcon_core.verb:set package 'project3_interfaces' build argument 'cmake_target' from command line to 'None'
[0.311s] Level 5:colcon.colcon_core.verb:set package 'project3_interfaces' build argument 'cmake_target_skip_unavailable' from command line to 'False'
[0.311s] Level 5:colcon.colcon_core.verb:set package 'project3_interfaces' build argument 'cmake_clean_cache' from command line to 'False'
[0.311s] Level 5:colcon.colcon_core.verb:set package 'project3_interfaces' build argument 'cmake_clean_first' from command line to 'False'
[0.311s] Level 5:colcon.colcon_core.verb:set package 'project3_interfaces' build argument 'cmake_force_configure' from command line to 'False'
[0.312s] Level 5:colcon.colcon_core.verb:set package 'project3_interfaces' build argument 'ament_cmake_args' from command line to 'None'
[0.312s] Level 5:colcon.colcon_core.verb:set package 'project3_interfaces' build argument 'catkin_cmake_args' from command line to 'None'
[0.312s] Level 5:colcon.colcon_core.verb:set package 'project3_interfaces' build argument 'catkin_skip_building_tests' from command line to 'False'
[0.312s] DEBUG:colcon.colcon_core.verb:Building package 'project3_interfaces' with the following arguments: {'ament_cmake_args': None, 'build_base': '/home/sicou2/CSCE452/Project3/Project3-Python/build/project3_interfaces', 'catkin_cmake_args': None, 'catkin_skip_building_tests': False, 'cmake_args': None, 'cmake_clean_cache': False, 'cmake_clean_first': False, 'cmake_force_configure': False, 'cmake_target': None, 'cmake_target_skip_unavailable': False, 'install_base': '/home/sicou2/CSCE452/Project3/Project3-Python/install/project3_interfaces', 'merge_install': False, 'path': '/home/sicou2/CSCE452/Project3/Project3-Python/src/project3_interfaces', 'symlink_install': False, 'test_result_base': None}
[0.312s] Level 5:colcon.colcon_core.verb:set package 'project3' build argument 'cmake_args' from command line to 'None'
[0.312s] Level 5:colcon.colcon_core.verb:set package 'project3' build argument 'cmake_target' from command line to 'None'
[0.312s] Level 5:colcon.colcon_core.verb:set package 'project3' build argument 'cmake_target_skip_unavailable' from command line to 'False'
[0.312s] Level 5:colcon.colcon_core.verb:set package 'project3' build argument 'cmake_clean_cache' from command line to 'False'
[0.312s] Level 5:colcon.colcon_core.verb:set package 'project3' build argument 'cmake_clean_first' from command line to 'False'
[0.312s] Level 5:colcon.colcon_core.verb:set package 'project3' build argument 'cmake_force_configure' from command line to 'False'
[0.312s] Level 5:colcon.colcon_core.verb:set package 'project3' build argument 'ament_cmake_args' from command line to 'None'
[0.312s] Level 5:colcon.colcon_core.verb:set package 'project3' build argument 'catkin_cmake_args' from command line to 'None'
[0.312s] Level 5:colcon.colcon_core.verb:set package 'project3' build argument 'catkin_skip_building_tests' from command line to 'False'
[0.312s] DEBUG:colcon.colcon_core.verb:Building package 'project3' with the following arguments: {'ament_cmake_args': None, 'build_base': '/home/sicou2/CSCE452/Project3/Project3-Python/build/project3', 'catkin_cmake_args': None, 'catkin_skip_building_tests': False, 'cmake_args': None, 'cmake_clean_cache': False, 'cmake_clean_first': False, 'cmake_force_configure': False, 'cmake_target': None, 'cmake_target_skip_unavailable': False, 'install_base': '/home/sicou2/CSCE452/Project3/Project3-Python/install/project3', 'merge_install': False, 'path': '/home/sicou2/CSCE452/Project3/Project3-Python/src/project3', 'symlink_install': False, 'test_result_base': None}
[0.312s] INFO:colcon.colcon_core.executor:Executing jobs using 'parallel' executor
[0.313s] DEBUG:colcon.colcon_parallel_executor.executor.parallel:run_until_complete
[0.314s] INFO:colcon.colcon_ros.task.catkin.build:Building ROS package in '/home/sicou2/CSCE452/Project3/Project3-Python/src/project3_interfaces' with build type 'catkin'
[0.314s] INFO:colcon.colcon_cmake.task.cmake.build:Building CMake package in '/home/sicou2/CSCE452/Project3/Project3-Python/src/project3_interfaces'
[0.317s] INFO:colcon.colcon_core.plugin_system:Skipping extension 'colcon_core.shell.bat': Not used on non-Windows systems
[0.317s] INFO:colcon.colcon_core.shell:Skip shell extension 'powershell' for command environment: Not usable outside of PowerShell
[0.317s] DEBUG:colcon.colcon_core.shell:Skip shell extension 'dsv' for command environment
[0.328s] DEBUG:colcon.colcon_core.event_handler.log_command:Invoking command in '/home/sicou2/CSCE452/Project3/Project3-Python/build/project3_interfaces': DEBUGINFOD_URLS=https://debuginfod.ubuntu.com /usr/bin/cmake --build /home/sicou2/CSCE452/Project3/Project3-Python/build/project3_interfaces -- -j4 -l4
[0.892s] DEBUG:colcon.colcon_core.event_handler.log_command:Invoked command in '/home/sicou2/CSCE452/Project3/Project3-Python/build/project3_interfaces' returned '0': DEBUGINFOD_URLS=https://debuginfod.ubuntu.com /usr/bin/cmake --build /home/sicou2/CSCE452/Project3/Project3-Python/build/project3_interfaces -- -j4 -l4
[0.905s] DEBUG:colcon.colcon_core.event_handler.log_command:Invoking command in '/home/sicou2/CSCE452/Project3/Project3-Python/build/project3_interfaces': DEBUGINFOD_URLS=https://debuginfod.ubuntu.com /usr/bin/cmake --install /home/sicou2/CSCE452/Project3/Project3-Python/build/project3_interfaces
[0.978s] DEBUG:colcon.colcon_core.event_handler.log_command:Invoked command in '/home/sicou2/CSCE452/Project3/Project3-Python/build/project3_interfaces' returned '0': DEBUGINFOD_URLS=https://debuginfod.ubuntu.com /usr/bin/cmake --install /home/sicou2/CSCE452/Project3/Project3-Python/build/project3_interfaces
[0.979s] Level 1:colcon.colcon_core.shell:create_environment_hook('project3_interfaces', 'ros_package_path')
[0.979s] INFO:colcon.colcon_core.shell:Creating environment hook '/home/sicou2/CSCE452/Project3/Project3-Python/install/project3_interfaces/share/project3_interfaces/hook/ros_package_path.ps1'
[0.980s] INFO:colcon.colcon_core.shell:Creating environment descriptor '/home/sicou2/CSCE452/Project3/Project3-Python/install/project3_interfaces/share/project3_interfaces/hook/ros_package_path.dsv'
[0.980s] INFO:colcon.colcon_core.shell:Creating environment hook '/home/sicou2/CSCE452/Project3/Project3-Python/install/project3_interfaces/share/project3_interfaces/hook/ros_package_path.sh'
[0.981s] Level 1:colcon.colcon_ros.task.catkin:checking '/home/sicou2/CSCE452/Project3/Project3-Python/install/project3_interfaces/lib/python3.12/site-packages'
[0.981s] Level 1:colcon.colcon_core.shell:create_environment_hook('project3_interfaces', 'catkin_pythonpath')
[0.981s] INFO:colcon.colcon_core.shell:Creating environment hook '/home/sicou2/CSCE452/Project3/Project3-Python/install/project3_interfaces/share/project3_interfaces/hook/catkin_pythonpath.ps1'
[0.982s] INFO:colcon.colcon_core.shell:Creating environment descriptor '/home/sicou2/CSCE452/Project3/Project3-Python/install/project3_interfaces/share/project3_interfaces/hook/catkin_pythonpath.dsv'
[0.982s] INFO:colcon.colcon_core.shell:Creating environment hook '/home/sicou2/CSCE452/Project3/Project3-Python/install/project3_interfaces/share/project3_interfaces/hook/catkin_pythonpath.sh'
[0.982s] Level 1:colcon.colcon_core.shell:create_environment_hook('project3_interfaces', 'pkg_config_path')
[0.982s] INFO:colcon.colcon_core.shell:Creating environment hook '/home/sicou2/CSCE452/Project3/Project3-Python/install/project3_interfaces/share/project3_interfaces/hook/pkg_config_path.ps1'
[0.983s] INFO:colcon.colcon_core.shell:Creating environment descriptor '/home/sicou2/CSCE452/Project3/Project3-Python/install/project3_interfaces/share/project3_interfaces/hook/pkg_config_path.dsv'
[0.983s] INFO:colcon.colcon_core.shell:Creating environment hook '/home/sicou2/CSCE452/Project3/Project3-Python/install/project3_interfaces/share/project3_interfaces/hook/pkg_config_path.sh'
[0.985s] Level 1:colcon.colcon_core.shell:create_environment_hook('project3_interfaces', 'pkg_config_path_multiarch')
[0.985s] INFO:colcon.colcon_core.shell:Creating environment hook '/home/sicou2/CSCE452/Project3/Project3-Python/install/project3_interfaces/share/project3_interfaces/hook/pkg_config_path_multiarch.ps1'
[0.986s] INFO:colcon.colcon_core.shell:Creating environment descriptor '/home/sicou2/CSCE452/Project3/Project3-Python/install/project3_interfaces/share/project3_interfaces/hook/pkg_config_path_multiarch.dsv'
[0.986s] INFO:colcon.colcon_core.shell:Creating environment hook '/home/sicou2/CSCE452/Project3/Project3-Python/install/project3_interfaces/share/project3_interfaces/hook/pkg_config_path_multiarch.sh'
[0.987s] Level 1:colcon.colcon_core.environment:create_environment_scripts_only(project3_interfaces)
[0.990s] Level 1:colcon.colcon_core.environment:checking '/home/sicou2/CSCE452/Project3/Project3-Python/install/project3_interfaces' for CMake module files
[0.991s] Level 1:colcon.colcon_core.environment:checking '/home/sicou2/CSCE452/Project3/Project3-Python/install/project3_interfaces' for CMake config files
[0.991s] Level 1:colcon.colcon_core.shell:create_environment_hook('project3_interfaces', 'cmake_prefix_path')
[0.991s] INFO:colcon.colcon_core.shell:Creating environment hook '/home/sicou2/CSCE452/Project3/Project3-Python/install/project3_interfaces/share/project3_interfaces/hook/cmake_prefix_path.ps1'
[0.992s] INFO:colcon.colcon_core.shell:Creating environment descriptor '/home/sicou2/CSCE452/Project3/Project3-Python/install/project3_interfaces/share/project3_interfaces/hook/cmake_prefix_path.dsv'
[0.992s] INFO:colcon.colcon_core.shell:Creating environment hook '/home/sicou2/CSCE452/Project3/Project3-Python/install/project3_interfaces/share/project3_interfaces/hook/cmake_prefix_path.sh'
[0.993s] Level 1:colcon.colcon_core.environment:checking '/home/sicou2/CSCE452/Project3/Project3-Python/install/project3_interfaces/lib'
[0.993s] Level 1:colcon.colcon_core.shell:create_environment_hook('project3_interfaces', 'ld_library_path_lib')
[0.993s] INFO:colcon.colcon_core.shell:Creating environment hook '/home/sicou2/CSCE452/Project3/Project3-Python/install/project3_interfaces/share/project3_interfaces/hook/ld_library_path_lib.ps1'
[0.994s] INFO:colcon.colcon_core.shell:Creating environment descriptor '/home/sicou2/CSCE452/Project3/Project3-Python/install/project3_interfaces/share/project3_interfaces/hook/ld_library_path_lib.dsv'
[0.994s] INFO:colcon.colcon_core.shell:Creating environment hook '/home/sicou2/CSCE452/Project3/Project3-Python/install/project3_interfaces/share/project3_interfaces/hook/ld_library_path_lib.sh'
[0.994s] Level 1:colcon.colcon_core.environment:checking '/home/sicou2/CSCE452/Project3/Project3-Python/install/project3_interfaces/bin'
[0.994s] Level 1:colcon.colcon_core.environment:checking '/home/sicou2/CSCE452/Project3/Project3-Python/install/project3_interfaces/lib/pkgconfig/project3_interfaces.pc'
[0.995s] Level 1:colcon.colcon_core.environment:checking '/home/sicou2/CSCE452/Project3/Project3-Python/install/project3_interfaces/lib/python3.12/site-packages'
[0.995s] Level 1:colcon.colcon_core.shell:create_environment_hook('project3_interfaces', 'pythonpath')
[0.995s] INFO:colcon.colcon_core.shell:Creating environment hook '/home/sicou2/CSCE452/Project3/Project3-Python/install/project3_interfaces/share/project3_interfaces/hook/pythonpath.ps1'
[0.995s] INFO:colcon.colcon_core.shell:Creating environment descriptor '/home/sicou2/CSCE452/Project3/Project3-Python/install/project3_interfaces/share/project3_interfaces/hook/pythonpath.dsv'
[0.996s] INFO:colcon.colcon_core.shell:Creating environment hook '/home/sicou2/CSCE452/Project3/Project3-Python/install/project3_interfaces/share/project3_interfaces/hook/pythonpath.sh'
[0.996s] Level 1:colcon.colcon_core.environment:checking '/home/sicou2/CSCE452/Project3/Project3-Python/install/project3_interfaces/bin'
[0.997s] INFO:colcon.colcon_core.shell:Creating package script '/home/sicou2/CSCE452/Project3/Project3-Python/install/project3_interfaces/share/project3_interfaces/package.ps1'
[0.998s] INFO:colcon.colcon_core.shell:Creating package descriptor '/home/sicou2/CSCE452/Project3/Project3-Python/install/project3_interfaces/share/project3_interfaces/package.dsv'
[0.999s] INFO:colcon.colcon_core.shell:Creating package script '/home/sicou2/CSCE452/Project3/Project3-Python/install/project3_interfaces/share/project3_interfaces/package.sh'
[0.999s] INFO:colcon.colcon_core.shell:Creating package script '/home/sicou2/CSCE452/Project3/Project3-Python/install/project3_interfaces/share/project3_interfaces/package.bash'
[1.000s] INFO:colcon.colcon_core.shell:Creating package script '/home/sicou2/CSCE452/Project3/Project3-Python/install/project3_interfaces/share/project3_interfaces/package.zsh'
[1.001s] Level 1:colcon.colcon_core.environment:create_file_with_runtime_dependencies(/home/sicou2/CSCE452/Project3/Project3-Python/install/project3_interfaces/share/colcon-core/packages/project3_interfaces)
[1.001s] INFO:colcon.colcon_ros.task.ament_python.build:Building ROS package in '/home/sicou2/CSCE452/Project3/Project3-Python/src/project3' with build type 'ament_python'
[1.001s] Level 1:colcon.colcon_core.shell:create_environment_hook('project3', 'ament_prefix_path')
[1.002s] INFO:colcon.colcon_core.shell:Creating environment hook '/home/sicou2/CSCE452/Project3/Project3-Python/install/project3/share/project3/hook/ament_prefix_path.ps1'
[1.003s] INFO:colcon.colcon_core.shell:Creating environment descriptor '/home/sicou2/CSCE452/Project3/Project3-Python/install/project3/share/project3/hook/ament_prefix_path.dsv'
[1.003s] INFO:colcon.colcon_core.shell:Creating environment hook '/home/sicou2/CSCE452/Project3/Project3-Python/install/project3/share/project3/hook/ament_prefix_path.sh'
[1.004s] INFO:colcon.colcon_core.shell:Skip shell extension 'powershell' for command environment: Not usable outside of PowerShell
[1.004s] DEBUG:colcon.colcon_core.shell:Skip shell extension 'dsv' for command environment
[1.260s] INFO:colcon.colcon_core.task.python.build:Building Python package in '/home/sicou2/CSCE452/Project3/Project3-Python/src/project3'
[1.260s] INFO:colcon.colcon_core.shell:Skip shell extension 'powershell' for command environment: Not usable outside of PowerShell
[1.260s] DEBUG:colcon.colcon_core.shell:Skip shell extension 'dsv' for command environment
[1.997s] DEBUG:colcon.colcon_core.event_handler.log_command:Invoking command in '/home/sicou2/CSCE452/Project3/Project3-Python/src/project3': DEBUGINFOD_URLS=https://debuginfod.ubuntu.com PYTHONPATH=/home/sicou2/CSCE452/Project3/Project3-Python/build/project3/prefix_override:/usr/lib/python3/dist-packages/colcon_core/task/python/colcon_distutils_commands:/home/sicou2/CSCE452/Project3/Project3-Python/install/project3/lib/python3.12/site-packages:/home/sicou2/CSCE452/Project3/Project3-Python/install/project3_interfaces/lib/python3.12/site-packages:/home/sicou2/CSCE452/Project3/Project3-Python/install/project3/lib/python3.12/site-packages:/opt/ros/jazzy/lib/python3.12/site-packages /usr/bin/python3 -W ignore:setup.py install is deprecated -W ignore:easy_install command is deprecated setup.py egg_info --egg-base ../../build/project3 build --build-base /home/sicou2/CSCE452/Project3/Project3-Python/build/project3/build install --record /home/sicou2/CSCE452/Project3/Project3-Python/build/project3/install.log --single-version-externally-managed install_data
[2.648s] Level 1:colcon.colcon_core.environment:checking '/home/sicou2/CSCE452/Project3/Project3-Python/install/project3' for CMake module files
[2.649s] DEBUG:colcon.colcon_core.event_handler.log_command:Invoked command in '/home/sicou2/CSCE452/Project3/Project3-Python/src/project3' returned '0': DEBUGINFOD_URLS=https://debuginfod.ubuntu.com PYTHONPATH=/home/sicou2/CSCE452/Project3/Project3-Python/build/project3/prefix_override:/usr/lib/python3/dist-packages/colcon_core/task/python/colcon_distutils_commands:/home/sicou2/CSCE452/Project3/Project3-Python/install/project3/lib/python3.12/site-packages:/home/sicou2/CSCE452/Project3/Project3-Python/install/project3_interfaces/lib/python3.12/site-packages:/home/sicou2/CSCE452/Project3/Project3-Python/install/project3/lib/python3.12/site-packages:/opt/ros/jazzy/lib/python3.12/site-packages /usr/bin/python3 -W ignore:setup.py install is deprecated -W ignore:easy_install command is deprecated setup.py egg_info --egg-base ../../build/project3 build --build-base /home/sicou2/CSCE452/Project3/Project3-Python/build/project3/build install --record /home/sicou2/CSCE452/Project3/Project3-Python/build/project3/install.log --single-version-externally-managed install_data
[2.649s] Level 1:colcon.colcon_core.environment:checking '/home/sicou2/CSCE452/Project3/Project3-Python/install/project3' for CMake config files
[2.650s] Level 1:colcon.colcon_core.environment:checking '/home/sicou2/CSCE452/Project3/Project3-Python/install/project3/lib'
[2.650s] Level 1:colcon.colcon_core.environment:checking '/home/sicou2/CSCE452/Project3/Project3-Python/install/project3/bin'
[2.650s] Level 1:colcon.colcon_core.environment:checking '/home/sicou2/CSCE452/Project3/Project3-Python/install/project3/lib/pkgconfig/project3.pc'
[2.650s] Level 1:colcon.colcon_core.environment:checking '/home/sicou2/CSCE452/Project3/Project3-Python/install/project3/lib/python3.12/site-packages'
[2.651s] Level 1:colcon.colcon_core.shell:create_environment_hook('project3', 'pythonpath')
[2.651s] INFO:colcon.colcon_core.shell:Creating environment hook '/home/sicou2/CSCE452/Project3/Project3-Python/install/project3/share/project3/hook/pythonpath.ps1'
[2.651s] INFO:colcon.colcon_core.shell:Creating environment descriptor '/home/sicou2/CSCE452/Project3/Project3-Python/install/project3/share/project3/hook/pythonpath.dsv'
[2.652s] INFO:colcon.colcon_core.shell:Creating environment hook '/home/sicou2/CSCE452/Project3/Project3-Python/install/project3/share/project3/hook/pythonpath.sh'
[2.652s] Level 1:colcon.colcon_core.environment:checking '/home/sicou2/CSCE452/Project3/Project3-Python/install/project3/bin'
[2.653s] Level 1:colcon.colcon_core.environment:create_environment_scripts_only(project3)
[2.653s] INFO:colcon.colcon_core.shell:Creating package script '/home/sicou2/CSCE452/Project3/Project3-Python/install/project3/share/project3/package.ps1'
[2.653s] INFO:colcon.colcon_core.shell:Creating package descriptor '/home/sicou2/CSCE452/Project3/Project3-Python/install/project3/share/project3/package.dsv'
[2.654s] INFO:colcon.colcon_core.shell:Creating package script '/home/sicou2/CSCE452/Project3/Project3-Python/install/project3/share/project3/package.sh'
[2.654s] INFO:colcon.colcon_core.shell:Creating package script '/home/sicou2/CSCE452/Project3/Project3-Python/install/project3/share/project3/package.bash'
[2.655s] INFO:colcon.colcon_core.shell:Creating package script '/home/sicou2/CSCE452/Project3/Project3-Python/install/project3/share/project3/package.zsh'
[2.655s] Level 1:colcon.colcon_core.environment:create_file_with_runtime_dependencies(/home/sicou2/CSCE452/Project3/Project3-Python/install/project3/share/colcon-core/packages/project3)
[2.655s] DEBUG:colcon.colcon_parallel_executor.executor.parallel:closing loop
[2.656s] DEBUG:colcon.colcon_parallel_executor.executor.parallel:loop closed
[2.656s] DEBUG:colcon.colcon_parallel_executor.executor.parallel:run_until_complete finished with '0'
[2.656s] DEBUG:colcon.colcon_core.event_reactor:joining thread
[2.662s] INFO:colcon.colcon_core.plugin_system:Skipping extension 'colcon_notification.desktop_notification.terminal_notifier': Not used on non-Darwin systems
[2.662s] INFO:colcon.colcon_core.plugin_system:Skipping extension 'colcon_notification.desktop_notification.win32': Not used on non-Windows systems
[2.662s] INFO:colcon.colcon_notification.desktop_notification:Sending desktop notification using 'notify2'
[2.679s] DEBUG:colcon.colcon_core.event_reactor:joined thread
[2.679s] INFO:colcon.colcon_core.shell:Creating prefix script '/home/sicou2/CSCE452/Project3/Project3-Python/install/local_setup.ps1'
[2.680s] INFO:colcon.colcon_core.shell:Creating prefix util module '/home/sicou2/CSCE452/Project3/Project3-Python/install/_local_setup_util_ps1.py'
[2.682s] INFO:colcon.colcon_core.shell:Creating prefix chain script '/home/sicou2/CSCE452/Project3/Project3-Python/install/setup.ps1'
[2.684s] INFO:colcon.colcon_core.shell:Creating prefix script '/home/sicou2/CSCE452/Project3/Project3-Python/install/local_setup.sh'
[2.685s] INFO:colcon.colcon_core.shell:Creating prefix util module '/home/sicou2/CSCE452/Project3/Project3-Python/install/_local_setup_util_sh.py'
[2.686s] INFO:colcon.colcon_core.shell:Creating prefix chain script '/home/sicou2/CSCE452/Project3/Project3-Python/install/setup.sh'
[2.687s] INFO:colcon.colcon_core.shell:Creating prefix script '/home/sicou2/CSCE452/Project3/Project3-Python/install/local_setup.bash'
[2.688s] INFO:colcon.colcon_core.shell:Creating prefix chain script '/home/sicou2/CSCE452/Project3/Project3-Python/install/setup.bash'
[2.689s] INFO:colcon.colcon_core.shell:Creating prefix script '/home/sicou2/CSCE452/Project3/Project3-Python/install/local_setup.zsh'
[2.689s] INFO:colcon.colcon_core.shell:Creating prefix chain script '/home/sicou2/CSCE452/Project3/Project3-Python/install/setup.zsh'
