running egg_info
writing ../../build/project3/project3.egg-info/PKG-INFO
writing dependency_links to ../../build/project3/project3.egg-info/dependency_links.txt
writing entry points to ../../build/project3/project3.egg-info/entry_points.txt
writing requirements to ../../build/project3/project3.egg-info/requires.txt
writing top-level names to ../../build/project3/project3.egg-info/top_level.txt
reading manifest file '../../build/project3/project3.egg-info/SOURCES.txt'
adding license file 'LICENSE'
writing manifest file '../../build/project3/project3.egg-info/SOURCES.txt'
running build
running build_py
copying project3/helpers.py -> /home/sicou2/CSCE452/Project3/Project3-Python/build/project3/build/lib/project3
copying project3/kalman_filter.py -> /home/sicou2/CSCE452/Project3/Project3-Python/build/project3/build/lib/project3
running install
running install_lib
copying /home/sicou2/CSCE452/Project3/Project3-Python/build/project3/build/lib/project3/helpers.py -> /home/sicou2/CSCE452/Project3/Project3-Python/install/project3/lib/python3.12/site-packages/project3
copying /home/sicou2/CSCE452/Project3/Project3-Python/build/project3/build/lib/project3/kalman_filter.py -> /home/sicou2/CSCE452/Project3/Project3-Python/install/project3/lib/python3.12/site-packages/project3
byte-compiling /home/sicou2/CSCE452/Project3/Project3-Python/install/project3/lib/python3.12/site-packages/project3/helpers.py to helpers.cpython-312.pyc
byte-compiling /home/sicou2/CSCE452/Project3/Project3-Python/install/project3/lib/python3.12/site-packages/project3/kalman_filter.py to kalman_filter.cpython-312.pyc
running install_data
running install_egg_info
removing '/home/sicou2/CSCE452/Project3/Project3-Python/install/project3/lib/python3.12/site-packages/project3-0.0.0-py3.12.egg-info' (and everything under it)
Copying ../../build/project3/project3.egg-info to /home/sicou2/CSCE452/Project3/Project3-Python/install/project3/lib/python3.12/site-packages/project3-0.0.0-py3.12.egg-info
running install_scripts
Installing lidar_processor script to /home/sicou2/CSCE452/Project3/Project3-Python/install/project3/lib/project3
Installing marker_publisher script to /home/sicou2/CSCE452/Project3/Project3-Python/install/project3/lib/project3
Installing person_tracker script to /home/sicou2/CSCE452/Project3/Project3-Python/install/project3/lib/project3
writing list of installed files to '/home/sicou2/CSCE452/Project3/Project3-Python/build/project3/install.log'
