[0.013s] Invoking command in '/home/sicou2/CSCE452/Project3/Project3-Python/build/project3_interfaces': DEBUGINFOD_URLS=https://debuginfod.ubuntu.com /usr/bin/cmake --build /home/sicou2/CSCE452/Project3/Project3-Python/build/project3_interfaces -- -j4 -l4
[0.074s] [  1%] Built target project3_interfaces__rosidl_generator_type_description
[0.088s] [  1%] Built target ament_cmake_python_copy_project3_interfaces
[0.103s] [  3%] Built target project3_interfaces__cpp
[0.108s] [ 24%] Built target project3_interfaces__rosidl_generator_c
[0.145s] [ 33%] Built target project3_interfaces__rosidl_typesupport_fastrtps_c
[0.145s] [ 50%] Built target project3_interfaces__rosidl_typesupport_introspection_cpp
[0.145s] [ 51%] Built target project3_interfaces__rosidl_typesupport_cpp
[0.171s] [ 61%] Built target project3_interfaces__rosidl_typesupport_introspection_c
[0.174s] [ 70%] Built target project3_interfaces__rosidl_typesupport_c
[0.176s] [ 79%] Built target project3_interfaces__rosidl_typesupport_fastrtps_cpp
[0.203s] [ 79%] Built target project3_interfaces
[0.229s] [ 81%] Built target project3_interfaces__py
[0.258s] [ 88%] Built target project3_interfaces__rosidl_generator_py
[0.286s] [100%] Built target project3_interfaces_s__rosidl_typesupport_fastrtps_c
[0.286s] [100%] Built target project3_interfaces_s__rosidl_typesupport_introspection_c
[0.286s] [100%] Built target project3_interfaces_s__rosidl_typesupport_c
[0.365s] running egg_info
[0.388s] writing project3_interfaces.egg-info/PKG-INFO
[0.389s] writing dependency_links to project3_interfaces.egg-info/dependency_links.txt
[0.389s] writing top-level names to project3_interfaces.egg-info/top_level.txt
[0.469s] reading manifest file 'project3_interfaces.egg-info/SOURCES.txt'
[0.470s] writing manifest file 'project3_interfaces.egg-info/SOURCES.txt'
[0.503s] [100%] Built target ament_cmake_python_build_project3_interfaces_egg
[0.518s] Invoked command in '/home/sicou2/CSCE452/Project3/Project3-Python/build/project3_interfaces' returned '0': DEBUGINFOD_URLS=https://debuginfod.ubuntu.com /usr/bin/cmake --build /home/sicou2/CSCE452/Project3/Project3-Python/build/project3_interfaces -- -j4 -l4
[0.530s] Invoking command in '/home/sicou2/CSCE452/Project3/Project3-Python/build/project3_interfaces': DEBUGINFOD_URLS=https://debuginfod.ubuntu.com /usr/bin/cmake --install /home/sicou2/CSCE452/Project3/Project3-Python/build/project3_interfaces
[0.539s] -- Install configuration: ""
[0.540s] -- Up-to-date: /home/sicou2/CSCE452/Project3/Project3-Python/install/project3_interfaces/share/ament_index/resource_index/rosidl_interfaces/project3_interfaces
[0.540s] -- Up-to-date: /home/sicou2/CSCE452/Project3/Project3-Python/install/project3_interfaces/share/project3_interfaces/msg/PersonCandidates.json
[0.540s] -- Up-to-date: /home/sicou2/CSCE452/Project3/Project3-Python/install/project3_interfaces/share/project3_interfaces/msg/PersonTrack.json
[0.540s] -- Up-to-date: /home/sicou2/CSCE452/Project3/Project3-Python/install/project3_interfaces/share/project3_interfaces/msg/PersonTracks.json
[0.540s] -- Up-to-date: /home/sicou2/CSCE452/Project3/Project3-Python/install/project3_interfaces/include/project3_interfaces/project3_interfaces
[0.541s] -- Up-to-date: /home/sicou2/CSCE452/Project3/Project3-Python/install/project3_interfaces/include/project3_interfaces/project3_interfaces/msg
[0.541s] -- Up-to-date: /home/sicou2/CSCE452/Project3/Project3-Python/install/project3_interfaces/include/project3_interfaces/project3_interfaces/msg/person_tracks.h
[0.541s] -- Up-to-date: /home/sicou2/CSCE452/Project3/Project3-Python/install/project3_interfaces/include/project3_interfaces/project3_interfaces/msg/person_candidates.h
[0.541s] -- Up-to-date: /home/sicou2/CSCE452/Project3/Project3-Python/install/project3_interfaces/include/project3_interfaces/project3_interfaces/msg/detail
[0.541s] -- Up-to-date: /home/sicou2/CSCE452/Project3/Project3-Python/install/project3_interfaces/include/project3_interfaces/project3_interfaces/msg/detail/person_tracks__type_support.h
[0.541s] -- Up-to-date: /home/sicou2/CSCE452/Project3/Project3-Python/install/project3_interfaces/include/project3_interfaces/project3_interfaces/msg/detail/person_track__type_support.h
[0.542s] -- Up-to-date: /home/sicou2/CSCE452/Project3/Project3-Python/install/project3_interfaces/include/project3_interfaces/project3_interfaces/msg/detail/person_tracks__struct.h
[0.542s] -- Up-to-date: /home/sicou2/CSCE452/Project3/Project3-Python/install/project3_interfaces/include/project3_interfaces/project3_interfaces/msg/detail/person_tracks__type_support.c
[0.542s] -- Up-to-date: /home/sicou2/CSCE452/Project3/Project3-Python/install/project3_interfaces/include/project3_interfaces/project3_interfaces/msg/detail/person_candidates__type_support.h
[0.542s] -- Up-to-date: /home/sicou2/CSCE452/Project3/Project3-Python/install/project3_interfaces/include/project3_interfaces/project3_interfaces/msg/detail/person_candidates__functions.c
[0.542s] -- Up-to-date: /home/sicou2/CSCE452/Project3/Project3-Python/install/project3_interfaces/include/project3_interfaces/project3_interfaces/msg/detail/person_track__functions.c
[0.542s] -- Up-to-date: /home/sicou2/CSCE452/Project3/Project3-Python/install/project3_interfaces/include/project3_interfaces/project3_interfaces/msg/detail/person_tracks__functions.h
[0.542s] -- Up-to-date: /home/sicou2/CSCE452/Project3/Project3-Python/install/project3_interfaces/include/project3_interfaces/project3_interfaces/msg/detail/person_track__description.c
[0.542s] -- Up-to-date: /home/sicou2/CSCE452/Project3/Project3-Python/install/project3_interfaces/include/project3_interfaces/project3_interfaces/msg/detail/person_candidates__description.c
[0.542s] -- Up-to-date: /home/sicou2/CSCE452/Project3/Project3-Python/install/project3_interfaces/include/project3_interfaces/project3_interfaces/msg/detail/person_candidates__functions.h
[0.542s] -- Up-to-date: /home/sicou2/CSCE452/Project3/Project3-Python/install/project3_interfaces/include/project3_interfaces/project3_interfaces/msg/detail/person_track__functions.h
[0.542s] -- Up-to-date: /home/sicou2/CSCE452/Project3/Project3-Python/install/project3_interfaces/include/project3_interfaces/project3_interfaces/msg/detail/person_track__type_support.c
[0.542s] -- Up-to-date: /home/sicou2/CSCE452/Project3/Project3-Python/install/project3_interfaces/include/project3_interfaces/project3_interfaces/msg/detail/person_tracks__description.c
[0.543s] -- Up-to-date: /home/sicou2/CSCE452/Project3/Project3-Python/install/project3_interfaces/include/project3_interfaces/project3_interfaces/msg/detail/person_candidates__type_support.c
[0.543s] -- Up-to-date: /home/sicou2/CSCE452/Project3/Project3-Python/install/project3_interfaces/include/project3_interfaces/project3_interfaces/msg/detail/person_track__struct.h
[0.543s] -- Up-to-date: /home/sicou2/CSCE452/Project3/Project3-Python/install/project3_interfaces/include/project3_interfaces/project3_interfaces/msg/detail/person_tracks__functions.c
[0.543s] -- Up-to-date: /home/sicou2/CSCE452/Project3/Project3-Python/install/project3_interfaces/include/project3_interfaces/project3_interfaces/msg/detail/person_candidates__struct.h
[0.543s] -- Up-to-date: /home/sicou2/CSCE452/Project3/Project3-Python/install/project3_interfaces/include/project3_interfaces/project3_interfaces/msg/rosidl_generator_c__visibility_control.h
[0.543s] -- Up-to-date: /home/sicou2/CSCE452/Project3/Project3-Python/install/project3_interfaces/include/project3_interfaces/project3_interfaces/msg/person_track.h
[0.543s] -- Up-to-date: /home/sicou2/CSCE452/Project3/Project3-Python/install/project3_interfaces/share/project3_interfaces/environment/library_path.sh
[0.543s] -- Up-to-date: /home/sicou2/CSCE452/Project3/Project3-Python/install/project3_interfaces/share/project3_interfaces/environment/library_path.dsv
[0.543s] -- Up-to-date: /home/sicou2/CSCE452/Project3/Project3-Python/install/project3_interfaces/lib/libproject3_interfaces__rosidl_generator_c.so
[0.543s] -- Up-to-date: /home/sicou2/CSCE452/Project3/Project3-Python/install/project3_interfaces/include/project3_interfaces/project3_interfaces
[0.544s] -- Up-to-date: /home/sicou2/CSCE452/Project3/Project3-Python/install/project3_interfaces/include/project3_interfaces/project3_interfaces/msg
[0.544s] -- Up-to-date: /home/sicou2/CSCE452/Project3/Project3-Python/install/project3_interfaces/include/project3_interfaces/project3_interfaces/msg/detail
[0.544s] -- Up-to-date: /home/sicou2/CSCE452/Project3/Project3-Python/install/project3_interfaces/include/project3_interfaces/project3_interfaces/msg/detail/person_track__rosidl_typesupport_fastrtps_c.h
[0.544s] -- Up-to-date: /home/sicou2/CSCE452/Project3/Project3-Python/install/project3_interfaces/include/project3_interfaces/project3_interfaces/msg/detail/person_candidates__rosidl_typesupport_fastrtps_c.h
[0.544s] -- Up-to-date: /home/sicou2/CSCE452/Project3/Project3-Python/install/project3_interfaces/include/project3_interfaces/project3_interfaces/msg/detail/person_tracks__rosidl_typesupport_fastrtps_c.h
[0.544s] -- Up-to-date: /home/sicou2/CSCE452/Project3/Project3-Python/install/project3_interfaces/include/project3_interfaces/project3_interfaces/msg/rosidl_typesupport_fastrtps_c__visibility_control.h
[0.544s] -- Up-to-date: /home/sicou2/CSCE452/Project3/Project3-Python/install/project3_interfaces/lib/libproject3_interfaces__rosidl_typesupport_fastrtps_c.so
[0.544s] -- Up-to-date: /home/sicou2/CSCE452/Project3/Project3-Python/install/project3_interfaces/include/project3_interfaces/project3_interfaces
[0.544s] -- Up-to-date: /home/sicou2/CSCE452/Project3/Project3-Python/install/project3_interfaces/include/project3_interfaces/project3_interfaces/msg
[0.544s] -- Up-to-date: /home/sicou2/CSCE452/Project3/Project3-Python/install/project3_interfaces/include/project3_interfaces/project3_interfaces/msg/detail
[0.545s] -- Up-to-date: /home/sicou2/CSCE452/Project3/Project3-Python/install/project3_interfaces/include/project3_interfaces/project3_interfaces/msg/detail/person_tracks__type_support.c
[0.545s] -- Up-to-date: /home/sicou2/CSCE452/Project3/Project3-Python/install/project3_interfaces/include/project3_interfaces/project3_interfaces/msg/detail/person_track__rosidl_typesupport_introspection_c.h
[0.545s] -- Up-to-date: /home/sicou2/CSCE452/Project3/Project3-Python/install/project3_interfaces/include/project3_interfaces/project3_interfaces/msg/detail/person_tracks__rosidl_typesupport_introspection_c.h
[0.545s] -- Up-to-date: /home/sicou2/CSCE452/Project3/Project3-Python/install/project3_interfaces/include/project3_interfaces/project3_interfaces/msg/detail/person_track__type_support.c
[0.545s] -- Up-to-date: /home/sicou2/CSCE452/Project3/Project3-Python/install/project3_interfaces/include/project3_interfaces/project3_interfaces/msg/detail/person_candidates__type_support.c
[0.545s] -- Up-to-date: /home/sicou2/CSCE452/Project3/Project3-Python/install/project3_interfaces/include/project3_interfaces/project3_interfaces/msg/detail/person_candidates__rosidl_typesupport_introspection_c.h
[0.545s] -- Up-to-date: /home/sicou2/CSCE452/Project3/Project3-Python/install/project3_interfaces/include/project3_interfaces/project3_interfaces/msg/rosidl_typesupport_introspection_c__visibility_control.h
[0.545s] -- Up-to-date: /home/sicou2/CSCE452/Project3/Project3-Python/install/project3_interfaces/lib/libproject3_interfaces__rosidl_typesupport_introspection_c.so
[0.545s] -- Up-to-date: /home/sicou2/CSCE452/Project3/Project3-Python/install/project3_interfaces/lib/libproject3_interfaces__rosidl_typesupport_c.so
[0.545s] -- Up-to-date: /home/sicou2/CSCE452/Project3/Project3-Python/install/project3_interfaces/include/project3_interfaces/project3_interfaces
[0.546s] -- Up-to-date: /home/sicou2/CSCE452/Project3/Project3-Python/install/project3_interfaces/include/project3_interfaces/project3_interfaces/msg
[0.546s] -- Up-to-date: /home/sicou2/CSCE452/Project3/Project3-Python/install/project3_interfaces/include/project3_interfaces/project3_interfaces/msg/person_candidates.hpp
[0.546s] -- Up-to-date: /home/sicou2/CSCE452/Project3/Project3-Python/install/project3_interfaces/include/project3_interfaces/project3_interfaces/msg/person_tracks.hpp
[0.546s] -- Up-to-date: /home/sicou2/CSCE452/Project3/Project3-Python/install/project3_interfaces/include/project3_interfaces/project3_interfaces/msg/detail
[0.546s] -- Up-to-date: /home/sicou2/CSCE452/Project3/Project3-Python/install/project3_interfaces/include/project3_interfaces/project3_interfaces/msg/detail/person_tracks__builder.hpp
[0.546s] -- Up-to-date: /home/sicou2/CSCE452/Project3/Project3-Python/install/project3_interfaces/include/project3_interfaces/project3_interfaces/msg/detail/person_track__struct.hpp
[0.546s] -- Up-to-date: /home/sicou2/CSCE452/Project3/Project3-Python/install/project3_interfaces/include/project3_interfaces/project3_interfaces/msg/detail/person_tracks__type_support.hpp
[0.546s] -- Up-to-date: /home/sicou2/CSCE452/Project3/Project3-Python/install/project3_interfaces/include/project3_interfaces/project3_interfaces/msg/detail/person_track__builder.hpp
[0.546s] -- Up-to-date: /home/sicou2/CSCE452/Project3/Project3-Python/install/project3_interfaces/include/project3_interfaces/project3_interfaces/msg/detail/person_candidates__type_support.hpp
[0.546s] -- Up-to-date: /home/sicou2/CSCE452/Project3/Project3-Python/install/project3_interfaces/include/project3_interfaces/project3_interfaces/msg/detail/person_candidates__struct.hpp
[0.546s] -- Up-to-date: /home/sicou2/CSCE452/Project3/Project3-Python/install/project3_interfaces/include/project3_interfaces/project3_interfaces/msg/detail/person_tracks__struct.hpp
[0.546s] -- Up-to-date: /home/sicou2/CSCE452/Project3/Project3-Python/install/project3_interfaces/include/project3_interfaces/project3_interfaces/msg/detail/person_candidates__traits.hpp
[0.546s] -- Up-to-date: /home/sicou2/CSCE452/Project3/Project3-Python/install/project3_interfaces/include/project3_interfaces/project3_interfaces/msg/detail/person_tracks__traits.hpp
[0.546s] -- Up-to-date: /home/sicou2/CSCE452/Project3/Project3-Python/install/project3_interfaces/include/project3_interfaces/project3_interfaces/msg/detail/person_candidates__builder.hpp
[0.547s] -- Up-to-date: /home/sicou2/CSCE452/Project3/Project3-Python/install/project3_interfaces/include/project3_interfaces/project3_interfaces/msg/detail/person_track__traits.hpp
[0.547s] -- Up-to-date: /home/sicou2/CSCE452/Project3/Project3-Python/install/project3_interfaces/include/project3_interfaces/project3_interfaces/msg/detail/person_track__type_support.hpp
[0.547s] -- Up-to-date: /home/sicou2/CSCE452/Project3/Project3-Python/install/project3_interfaces/include/project3_interfaces/project3_interfaces/msg/rosidl_generator_cpp__visibility_control.hpp
[0.547s] -- Up-to-date: /home/sicou2/CSCE452/Project3/Project3-Python/install/project3_interfaces/include/project3_interfaces/project3_interfaces/msg/person_track.hpp
[0.547s] -- Up-to-date: /home/sicou2/CSCE452/Project3/Project3-Python/install/project3_interfaces/include/project3_interfaces/project3_interfaces
[0.547s] -- Up-to-date: /home/sicou2/CSCE452/Project3/Project3-Python/install/project3_interfaces/include/project3_interfaces/project3_interfaces/msg
[0.547s] -- Up-to-date: /home/sicou2/CSCE452/Project3/Project3-Python/install/project3_interfaces/include/project3_interfaces/project3_interfaces/msg/detail
[0.547s] -- Up-to-date: /home/sicou2/CSCE452/Project3/Project3-Python/install/project3_interfaces/include/project3_interfaces/project3_interfaces/msg/detail/dds_fastrtps
[0.547s] -- Up-to-date: /home/sicou2/CSCE452/Project3/Project3-Python/install/project3_interfaces/include/project3_interfaces/project3_interfaces/msg/detail/person_tracks__rosidl_typesupport_fastrtps_cpp.hpp
[0.547s] -- Up-to-date: /home/sicou2/CSCE452/Project3/Project3-Python/install/project3_interfaces/include/project3_interfaces/project3_interfaces/msg/detail/person_track__rosidl_typesupport_fastrtps_cpp.hpp
[0.547s] -- Up-to-date: /home/sicou2/CSCE452/Project3/Project3-Python/install/project3_interfaces/include/project3_interfaces/project3_interfaces/msg/detail/person_candidates__rosidl_typesupport_fastrtps_cpp.hpp
[0.547s] -- Up-to-date: /home/sicou2/CSCE452/Project3/Project3-Python/install/project3_interfaces/include/project3_interfaces/project3_interfaces/msg/rosidl_typesupport_fastrtps_cpp__visibility_control.h
[0.547s] -- Up-to-date: /home/sicou2/CSCE452/Project3/Project3-Python/install/project3_interfaces/lib/libproject3_interfaces__rosidl_typesupport_fastrtps_cpp.so
[0.548s] -- Up-to-date: /home/sicou2/CSCE452/Project3/Project3-Python/install/project3_interfaces/include/project3_interfaces/project3_interfaces
[0.548s] -- Up-to-date: /home/sicou2/CSCE452/Project3/Project3-Python/install/project3_interfaces/include/project3_interfaces/project3_interfaces/msg
[0.548s] -- Up-to-date: /home/sicou2/CSCE452/Project3/Project3-Python/install/project3_interfaces/include/project3_interfaces/project3_interfaces/msg/detail
[0.548s] -- Up-to-date: /home/sicou2/CSCE452/Project3/Project3-Python/install/project3_interfaces/include/project3_interfaces/project3_interfaces/msg/detail/person_candidates__rosidl_typesupport_introspection_cpp.hpp
[0.548s] -- Up-to-date: /home/sicou2/CSCE452/Project3/Project3-Python/install/project3_interfaces/include/project3_interfaces/project3_interfaces/msg/detail/person_tracks__rosidl_typesupport_introspection_cpp.hpp
[0.548s] -- Up-to-date: /home/sicou2/CSCE452/Project3/Project3-Python/install/project3_interfaces/include/project3_interfaces/project3_interfaces/msg/detail/person_track__type_support.cpp
[0.548s] -- Up-to-date: /home/sicou2/CSCE452/Project3/Project3-Python/install/project3_interfaces/include/project3_interfaces/project3_interfaces/msg/detail/person_candidates__type_support.cpp
[0.548s] -- Up-to-date: /home/sicou2/CSCE452/Project3/Project3-Python/install/project3_interfaces/include/project3_interfaces/project3_interfaces/msg/detail/person_tracks__type_support.cpp
[0.548s] -- Up-to-date: /home/sicou2/CSCE452/Project3/Project3-Python/install/project3_interfaces/include/project3_interfaces/project3_interfaces/msg/detail/person_track__rosidl_typesupport_introspection_cpp.hpp
[0.548s] -- Up-to-date: /home/sicou2/CSCE452/Project3/Project3-Python/install/project3_interfaces/lib/libproject3_interfaces__rosidl_typesupport_introspection_cpp.so
[0.548s] -- Up-to-date: /home/sicou2/CSCE452/Project3/Project3-Python/install/project3_interfaces/lib/libproject3_interfaces__rosidl_typesupport_cpp.so
[0.548s] -- Up-to-date: /home/sicou2/CSCE452/Project3/Project3-Python/install/project3_interfaces/share/project3_interfaces/environment/pythonpath.sh
[0.549s] -- Up-to-date: /home/sicou2/CSCE452/Project3/Project3-Python/install/project3_interfaces/share/project3_interfaces/environment/pythonpath.dsv
[0.549s] -- Up-to-date: /home/sicou2/CSCE452/Project3/Project3-Python/install/project3_interfaces/lib/python3.12/site-packages/project3_interfaces-0.1.0-py3.12.egg-info
[0.549s] -- Installing: /home/sicou2/CSCE452/Project3/Project3-Python/install/project3_interfaces/lib/python3.12/site-packages/project3_interfaces-0.1.0-py3.12.egg-info/dependency_links.txt
[0.549s] -- Installing: /home/sicou2/CSCE452/Project3/Project3-Python/install/project3_interfaces/lib/python3.12/site-packages/project3_interfaces-0.1.0-py3.12.egg-info/SOURCES.txt
[0.549s] -- Installing: /home/sicou2/CSCE452/Project3/Project3-Python/install/project3_interfaces/lib/python3.12/site-packages/project3_interfaces-0.1.0-py3.12.egg-info/PKG-INFO
[0.549s] -- Installing: /home/sicou2/CSCE452/Project3/Project3-Python/install/project3_interfaces/lib/python3.12/site-packages/project3_interfaces-0.1.0-py3.12.egg-info/top_level.txt
[0.549s] -- Up-to-date: /home/sicou2/CSCE452/Project3/Project3-Python/install/project3_interfaces/lib/python3.12/site-packages/project3_interfaces
[0.549s] -- Up-to-date: /home/sicou2/CSCE452/Project3/Project3-Python/install/project3_interfaces/lib/python3.12/site-packages/project3_interfaces/_project3_interfaces_s.ep.rosidl_typesupport_introspection_c.c
[0.549s] -- Up-to-date: /home/sicou2/CSCE452/Project3/Project3-Python/install/project3_interfaces/lib/python3.12/site-packages/project3_interfaces/msg
[0.549s] -- Up-to-date: /home/sicou2/CSCE452/Project3/Project3-Python/install/project3_interfaces/lib/python3.12/site-packages/project3_interfaces/msg/_person_track_s.c
[0.549s] -- Up-to-date: /home/sicou2/CSCE452/Project3/Project3-Python/install/project3_interfaces/lib/python3.12/site-packages/project3_interfaces/msg/_person_track.py
[0.550s] -- Up-to-date: /home/sicou2/CSCE452/Project3/Project3-Python/install/project3_interfaces/lib/python3.12/site-packages/project3_interfaces/msg/_person_candidates.py
[0.550s] -- Up-to-date: /home/sicou2/CSCE452/Project3/Project3-Python/install/project3_interfaces/lib/python3.12/site-packages/project3_interfaces/msg/_person_tracks_s.c
[0.550s] -- Up-to-date: /home/sicou2/CSCE452/Project3/Project3-Python/install/project3_interfaces/lib/python3.12/site-packages/project3_interfaces/msg/_person_tracks.py
[0.550s] -- Up-to-date: /home/sicou2/CSCE452/Project3/Project3-Python/install/project3_interfaces/lib/python3.12/site-packages/project3_interfaces/msg/_person_candidates_s.c
[0.550s] -- Up-to-date: /home/sicou2/CSCE452/Project3/Project3-Python/install/project3_interfaces/lib/python3.12/site-packages/project3_interfaces/msg/__init__.py
[0.550s] -- Up-to-date: /home/sicou2/CSCE452/Project3/Project3-Python/install/project3_interfaces/lib/python3.12/site-packages/project3_interfaces/project3_interfaces_s__rosidl_typesupport_fastrtps_c.so
[0.550s] -- Up-to-date: /home/sicou2/CSCE452/Project3/Project3-Python/install/project3_interfaces/lib/python3.12/site-packages/project3_interfaces/project3_interfaces_s__rosidl_typesupport_introspection_c.so
[0.550s] -- Up-to-date: /home/sicou2/CSCE452/Project3/Project3-Python/install/project3_interfaces/lib/python3.12/site-packages/project3_interfaces/_project3_interfaces_s.ep.rosidl_typesupport_fastrtps_c.c
[0.550s] -- Up-to-date: /home/sicou2/CSCE452/Project3/Project3-Python/install/project3_interfaces/lib/python3.12/site-packages/project3_interfaces/__init__.py
[0.550s] -- Up-to-date: /home/sicou2/CSCE452/Project3/Project3-Python/install/project3_interfaces/lib/python3.12/site-packages/project3_interfaces/project3_interfaces_s__rosidl_typesupport_c.so
[0.550s] -- Up-to-date: /home/sicou2/CSCE452/Project3/Project3-Python/install/project3_interfaces/lib/python3.12/site-packages/project3_interfaces/_project3_interfaces_s.ep.rosidl_typesupport_c.c
[0.587s] Listing '/home/sicou2/CSCE452/Project3/Project3-Python/install/project3_interfaces/lib/python3.12/site-packages/project3_interfaces'...
[0.588s] Listing '/home/sicou2/CSCE452/Project3/Project3-Python/install/project3_interfaces/lib/python3.12/site-packages/project3_interfaces/msg'...
[0.593s] -- Up-to-date: /home/sicou2/CSCE452/Project3/Project3-Python/install/project3_interfaces/lib/python3.12/site-packages/project3_interfaces/project3_interfaces_s__rosidl_typesupport_fastrtps_c.so
[0.593s] -- Up-to-date: /home/sicou2/CSCE452/Project3/Project3-Python/install/project3_interfaces/lib/python3.12/site-packages/project3_interfaces/project3_interfaces_s__rosidl_typesupport_introspection_c.so
[0.594s] -- Up-to-date: /home/sicou2/CSCE452/Project3/Project3-Python/install/project3_interfaces/lib/python3.12/site-packages/project3_interfaces/project3_interfaces_s__rosidl_typesupport_c.so
[0.595s] -- Up-to-date: /home/sicou2/CSCE452/Project3/Project3-Python/install/project3_interfaces/lib/libproject3_interfaces__rosidl_generator_py.so
[0.595s] -- Up-to-date: /home/sicou2/CSCE452/Project3/Project3-Python/install/project3_interfaces/share/project3_interfaces/msg/PersonCandidates.idl
[0.595s] -- Up-to-date: /home/sicou2/CSCE452/Project3/Project3-Python/install/project3_interfaces/share/project3_interfaces/msg/PersonTrack.idl
[0.596s] -- Up-to-date: /home/sicou2/CSCE452/Project3/Project3-Python/install/project3_interfaces/share/project3_interfaces/msg/PersonTracks.idl
[0.596s] -- Up-to-date: /home/sicou2/CSCE452/Project3/Project3-Python/install/project3_interfaces/share/project3_interfaces/msg/PersonCandidates.msg
[0.596s] -- Up-to-date: /home/sicou2/CSCE452/Project3/Project3-Python/install/project3_interfaces/share/project3_interfaces/msg/PersonTrack.msg
[0.596s] -- Up-to-date: /home/sicou2/CSCE452/Project3/Project3-Python/install/project3_interfaces/share/project3_interfaces/msg/PersonTracks.msg
[0.596s] -- Up-to-date: /home/sicou2/CSCE452/Project3/Project3-Python/install/project3_interfaces/share/ament_index/resource_index/package_run_dependencies/project3_interfaces
[0.596s] -- Up-to-date: /home/sicou2/CSCE452/Project3/Project3-Python/install/project3_interfaces/share/ament_index/resource_index/parent_prefix_path/project3_interfaces
[0.596s] -- Up-to-date: /home/sicou2/CSCE452/Project3/Project3-Python/install/project3_interfaces/share/project3_interfaces/environment/ament_prefix_path.sh
[0.596s] -- Up-to-date: /home/sicou2/CSCE452/Project3/Project3-Python/install/project3_interfaces/share/project3_interfaces/environment/ament_prefix_path.dsv
[0.596s] -- Up-to-date: /home/sicou2/CSCE452/Project3/Project3-Python/install/project3_interfaces/share/project3_interfaces/environment/path.sh
[0.596s] -- Up-to-date: /home/sicou2/CSCE452/Project3/Project3-Python/install/project3_interfaces/share/project3_interfaces/environment/path.dsv
[0.597s] -- Up-to-date: /home/sicou2/CSCE452/Project3/Project3-Python/install/project3_interfaces/share/project3_interfaces/local_setup.bash
[0.597s] -- Up-to-date: /home/sicou2/CSCE452/Project3/Project3-Python/install/project3_interfaces/share/project3_interfaces/local_setup.sh
[0.597s] -- Up-to-date: /home/sicou2/CSCE452/Project3/Project3-Python/install/project3_interfaces/share/project3_interfaces/local_setup.zsh
[0.597s] -- Up-to-date: /home/sicou2/CSCE452/Project3/Project3-Python/install/project3_interfaces/share/project3_interfaces/local_setup.dsv
[0.597s] -- Installing: /home/sicou2/CSCE452/Project3/Project3-Python/install/project3_interfaces/share/project3_interfaces/package.dsv
[0.597s] -- Up-to-date: /home/sicou2/CSCE452/Project3/Project3-Python/install/project3_interfaces/share/ament_index/resource_index/packages/project3_interfaces
[0.597s] -- Up-to-date: /home/sicou2/CSCE452/Project3/Project3-Python/install/project3_interfaces/share/project3_interfaces/cmake/export_project3_interfaces__rosidl_generator_cExport.cmake
[0.597s] -- Up-to-date: /home/sicou2/CSCE452/Project3/Project3-Python/install/project3_interfaces/share/project3_interfaces/cmake/export_project3_interfaces__rosidl_generator_cExport-noconfig.cmake
[0.597s] -- Up-to-date: /home/sicou2/CSCE452/Project3/Project3-Python/install/project3_interfaces/share/project3_interfaces/cmake/export_project3_interfaces__rosidl_typesupport_fastrtps_cExport.cmake
[0.597s] -- Up-to-date: /home/sicou2/CSCE452/Project3/Project3-Python/install/project3_interfaces/share/project3_interfaces/cmake/export_project3_interfaces__rosidl_typesupport_fastrtps_cExport-noconfig.cmake
[0.597s] -- Up-to-date: /home/sicou2/CSCE452/Project3/Project3-Python/install/project3_interfaces/share/project3_interfaces/cmake/project3_interfaces__rosidl_typesupport_introspection_cExport.cmake
[0.597s] -- Up-to-date: /home/sicou2/CSCE452/Project3/Project3-Python/install/project3_interfaces/share/project3_interfaces/cmake/project3_interfaces__rosidl_typesupport_introspection_cExport-noconfig.cmake
[0.598s] -- Up-to-date: /home/sicou2/CSCE452/Project3/Project3-Python/install/project3_interfaces/share/project3_interfaces/cmake/project3_interfaces__rosidl_typesupport_cExport.cmake
[0.598s] -- Up-to-date: /home/sicou2/CSCE452/Project3/Project3-Python/install/project3_interfaces/share/project3_interfaces/cmake/project3_interfaces__rosidl_typesupport_cExport-noconfig.cmake
[0.598s] -- Up-to-date: /home/sicou2/CSCE452/Project3/Project3-Python/install/project3_interfaces/share/project3_interfaces/cmake/export_project3_interfaces__rosidl_generator_cppExport.cmake
[0.598s] -- Up-to-date: /home/sicou2/CSCE452/Project3/Project3-Python/install/project3_interfaces/share/project3_interfaces/cmake/export_project3_interfaces__rosidl_typesupport_fastrtps_cppExport.cmake
[0.598s] -- Up-to-date: /home/sicou2/CSCE452/Project3/Project3-Python/install/project3_interfaces/share/project3_interfaces/cmake/export_project3_interfaces__rosidl_typesupport_fastrtps_cppExport-noconfig.cmake
[0.598s] -- Up-to-date: /home/sicou2/CSCE452/Project3/Project3-Python/install/project3_interfaces/share/project3_interfaces/cmake/project3_interfaces__rosidl_typesupport_introspection_cppExport.cmake
[0.598s] -- Up-to-date: /home/sicou2/CSCE452/Project3/Project3-Python/install/project3_interfaces/share/project3_interfaces/cmake/project3_interfaces__rosidl_typesupport_introspection_cppExport-noconfig.cmake
[0.598s] -- Up-to-date: /home/sicou2/CSCE452/Project3/Project3-Python/install/project3_interfaces/share/project3_interfaces/cmake/project3_interfaces__rosidl_typesupport_cppExport.cmake
[0.599s] -- Up-to-date: /home/sicou2/CSCE452/Project3/Project3-Python/install/project3_interfaces/share/project3_interfaces/cmake/project3_interfaces__rosidl_typesupport_cppExport-noconfig.cmake
[0.599s] -- Up-to-date: /home/sicou2/CSCE452/Project3/Project3-Python/install/project3_interfaces/share/project3_interfaces/cmake/export_project3_interfaces__rosidl_generator_pyExport.cmake
[0.599s] -- Up-to-date: /home/sicou2/CSCE452/Project3/Project3-Python/install/project3_interfaces/share/project3_interfaces/cmake/export_project3_interfaces__rosidl_generator_pyExport-noconfig.cmake
[0.599s] -- Up-to-date: /home/sicou2/CSCE452/Project3/Project3-Python/install/project3_interfaces/share/project3_interfaces/cmake/rosidl_cmake-extras.cmake
[0.599s] -- Up-to-date: /home/sicou2/CSCE452/Project3/Project3-Python/install/project3_interfaces/share/project3_interfaces/cmake/ament_cmake_export_dependencies-extras.cmake
[0.599s] -- Up-to-date: /home/sicou2/CSCE452/Project3/Project3-Python/install/project3_interfaces/share/project3_interfaces/cmake/ament_cmake_export_include_directories-extras.cmake
[0.599s] -- Up-to-date: /home/sicou2/CSCE452/Project3/Project3-Python/install/project3_interfaces/share/project3_interfaces/cmake/ament_cmake_export_libraries-extras.cmake
[0.599s] -- Up-to-date: /home/sicou2/CSCE452/Project3/Project3-Python/install/project3_interfaces/share/project3_interfaces/cmake/ament_cmake_export_targets-extras.cmake
[0.599s] -- Up-to-date: /home/sicou2/CSCE452/Project3/Project3-Python/install/project3_interfaces/share/project3_interfaces/cmake/rosidl_cmake_export_typesupport_targets-extras.cmake
[0.599s] -- Up-to-date: /home/sicou2/CSCE452/Project3/Project3-Python/install/project3_interfaces/share/project3_interfaces/cmake/rosidl_cmake_export_typesupport_libraries-extras.cmake
[0.600s] -- Up-to-date: /home/sicou2/CSCE452/Project3/Project3-Python/install/project3_interfaces/share/project3_interfaces/cmake/project3_interfacesConfig.cmake
[0.600s] -- Up-to-date: /home/sicou2/CSCE452/Project3/Project3-Python/install/project3_interfaces/share/project3_interfaces/cmake/project3_interfacesConfig-version.cmake
[0.600s] -- Up-to-date: /home/sicou2/CSCE452/Project3/Project3-Python/install/project3_interfaces/share/project3_interfaces/package.xml
[0.601s] Invoked command in '/home/sicou2/CSCE452/Project3/Project3-Python/build/project3_interfaces' returned '0': DEBUGINFOD_URLS=https://debuginfod.ubuntu.com /usr/bin/cmake --install /home/sicou2/CSCE452/Project3/Project3-Python/build/project3_interfaces
