[0.114s] DEBUG:colcon:Command line arguments: ['/usr/bin/colcon', 'build', '--packages-select', 'project3_interfaces', 'project3', '--symlink-install']
[0.114s] DEBUG:colcon:Parsed command line arguments: Namespace(log_base=None, log_level=None, verb_name='build', build_base='build', install_base='install', merge_install=False, symlink_install=True, test_result_base=None, continue_on_error=False, executor='parallel', parallel_workers=4, event_handlers=None, ignore_user_meta=False, metas=['./colcon.meta'], base_paths=['.'], packages_ignore=None, packages_ignore_regex=None, paths=None, packages_up_to=None, packages_up_to_regex=None, packages_above=None, packages_above_and_dependencies=None, packages_above_depth=None, packages_select_by_dep=None, packages_skip_by_dep=None, packages_skip_up_to=None, packages_select_build_failed=False, packages_skip_build_finished=False, packages_select_test_failures=False, packages_skip_test_passed=False, packages_select=['project3_interfaces', 'project3'], packages_skip=None, packages_select_regex=None, packages_skip_regex=None, packages_start=None, packages_end=None, allow_overriding=[], cmake_args=None, cmake_target=None, cmake_target_skip_unavailable=False, cmake_clean_cache=False, cmake_clean_first=False, cmake_force_configure=False, ament_cmake_args=None, catkin_cmake_args=None, catkin_skip_building_tests=False, mixin_files=None, mixin=None, verb_parser=<colcon_mixin.mixin.mixin_argument.MixinArgumentDecorator object at 0x772866fa8140>, verb_extension=<colcon_core.verb.build.BuildVerb object at 0x772866f8fa40>, main=<bound method BuildVerb.main of <colcon_core.verb.build.BuildVerb object at 0x772866f8fa40>>, mixin_verb=('build',))
[0.154s] Level 1:colcon.colcon_core.package_discovery:discover_packages(colcon_meta) check parameters
[0.154s] Level 1:colcon.colcon_core.package_discovery:discover_packages(recursive) check parameters
[0.154s] Level 1:colcon.colcon_core.package_discovery:discover_packages(ignore) check parameters
[0.154s] Level 1:colcon.colcon_core.package_discovery:discover_packages(path) check parameters
[0.154s] Level 1:colcon.colcon_core.package_discovery:discover_packages(colcon_meta) discover
[0.154s] Level 1:colcon.colcon_core.package_discovery:discover_packages(recursive) discover
[0.154s] INFO:colcon.colcon_core.package_discovery:Crawling recursively for packages in '/home/sicou2/CSCE452/Project3/Project3-Python'
[0.154s] Level 1:colcon.colcon_core.package_identification:_identify(.) by extensions ['ignore', 'ignore_ament_install']
[0.154s] Level 1:colcon.colcon_core.package_identification:_identify(.) by extension 'ignore'
[0.154s] Level 1:colcon.colcon_core.package_identification:_identify(.) by extension 'ignore_ament_install'
[0.154s] Level 1:colcon.colcon_core.package_identification:_identify(.) by extensions ['colcon_pkg']
[0.154s] Level 1:colcon.colcon_core.package_identification:_identify(.) by extension 'colcon_pkg'
[0.155s] Level 1:colcon.colcon_core.package_identification:_identify(.) by extensions ['colcon_meta']
[0.155s] Level 1:colcon.colcon_core.package_identification:_identify(.) by extension 'colcon_meta'
[0.155s] Level 1:colcon.colcon_core.package_identification:_identify(.) by extensions ['ros']
[0.155s] Level 1:colcon.colcon_core.package_identification:_identify(.) by extension 'ros'
[0.179s] Level 1:colcon.colcon_core.package_identification:_identify(.) by extensions ['cmake', 'python']
[0.179s] Level 1:colcon.colcon_core.package_identification:_identify(.) by extension 'cmake'
[0.180s] Level 1:colcon.colcon_core.package_identification:_identify(.) by extension 'python'
[0.180s] Level 1:colcon.colcon_core.package_identification:_identify(.) by extensions ['python_setup_py']
[0.180s] Level 1:colcon.colcon_core.package_identification:_identify(.) by extension 'python_setup_py'
[0.180s] Level 1:colcon.colcon_core.package_identification:_identify(build) by extensions ['ignore', 'ignore_ament_install']
[0.180s] Level 1:colcon.colcon_core.package_identification:_identify(build) by extension 'ignore'
[0.180s] Level 1:colcon.colcon_core.package_identification:_identify(build) ignored
[0.180s] Level 1:colcon.colcon_core.package_identification:_identify(install) by extensions ['ignore', 'ignore_ament_install']
[0.180s] Level 1:colcon.colcon_core.package_identification:_identify(install) by extension 'ignore'
[0.180s] Level 1:colcon.colcon_core.package_identification:_identify(install) ignored
[0.180s] Level 1:colcon.colcon_core.package_identification:_identify(log) by extensions ['ignore', 'ignore_ament_install']
[0.181s] Level 1:colcon.colcon_core.package_identification:_identify(log) by extension 'ignore'
[0.181s] Level 1:colcon.colcon_core.package_identification:_identify(log) ignored
[0.181s] Level 1:colcon.colcon_core.package_identification:_identify(project3-bags) by extensions ['ignore', 'ignore_ament_install']
[0.181s] Level 1:colcon.colcon_core.package_identification:_identify(project3-bags) by extension 'ignore'
[0.181s] Level 1:colcon.colcon_core.package_identification:_identify(project3-bags) by extension 'ignore_ament_install'
[0.181s] Level 1:colcon.colcon_core.package_identification:_identify(project3-bags) by extensions ['colcon_pkg']
[0.181s] Level 1:colcon.colcon_core.package_identification:_identify(project3-bags) by extension 'colcon_pkg'
[0.181s] Level 1:colcon.colcon_core.package_identification:_identify(project3-bags) by extensions ['colcon_meta']
[0.181s] Level 1:colcon.colcon_core.package_identification:_identify(project3-bags) by extension 'colcon_meta'
[0.181s] Level 1:colcon.colcon_core.package_identification:_identify(project3-bags) by extensions ['ros']
[0.181s] Level 1:colcon.colcon_core.package_identification:_identify(project3-bags) by extension 'ros'
[0.181s] Level 1:colcon.colcon_core.package_identification:_identify(project3-bags) by extensions ['cmake', 'python']
[0.181s] Level 1:colcon.colcon_core.package_identification:_identify(project3-bags) by extension 'cmake'
[0.181s] Level 1:colcon.colcon_core.package_identification:_identify(project3-bags) by extension 'python'
[0.181s] Level 1:colcon.colcon_core.package_identification:_identify(project3-bags) by extensions ['python_setup_py']
[0.181s] Level 1:colcon.colcon_core.package_identification:_identify(project3-bags) by extension 'python_setup_py'
[0.181s] Level 1:colcon.colcon_core.package_identification:_identify(project3-bags/01) by extensions ['ignore', 'ignore_ament_install']
[0.182s] Level 1:colcon.colcon_core.package_identification:_identify(project3-bags/01) by extension 'ignore'
[0.182s] Level 1:colcon.colcon_core.package_identification:_identify(project3-bags/01) by extension 'ignore_ament_install'
[0.182s] Level 1:colcon.colcon_core.package_identification:_identify(project3-bags/01) by extensions ['colcon_pkg']
[0.182s] Level 1:colcon.colcon_core.package_identification:_identify(project3-bags/01) by extension 'colcon_pkg'
[0.182s] Level 1:colcon.colcon_core.package_identification:_identify(project3-bags/01) by extensions ['colcon_meta']
[0.182s] Level 1:colcon.colcon_core.package_identification:_identify(project3-bags/01) by extension 'colcon_meta'
[0.182s] Level 1:colcon.colcon_core.package_identification:_identify(project3-bags/01) by extensions ['ros']
[0.182s] Level 1:colcon.colcon_core.package_identification:_identify(project3-bags/01) by extension 'ros'
[0.182s] Level 1:colcon.colcon_core.package_identification:_identify(project3-bags/01) by extensions ['cmake', 'python']
[0.182s] Level 1:colcon.colcon_core.package_identification:_identify(project3-bags/01) by extension 'cmake'
[0.182s] Level 1:colcon.colcon_core.package_identification:_identify(project3-bags/01) by extension 'python'
[0.182s] Level 1:colcon.colcon_core.package_identification:_identify(project3-bags/01) by extensions ['python_setup_py']
[0.182s] Level 1:colcon.colcon_core.package_identification:_identify(project3-bags/01) by extension 'python_setup_py'
[0.182s] Level 1:colcon.colcon_core.package_identification:_identify(project3-bags/02) by extensions ['ignore', 'ignore_ament_install']
[0.182s] Level 1:colcon.colcon_core.package_identification:_identify(project3-bags/02) by extension 'ignore'
[0.182s] Level 1:colcon.colcon_core.package_identification:_identify(project3-bags/02) by extension 'ignore_ament_install'
[0.183s] Level 1:colcon.colcon_core.package_identification:_identify(project3-bags/02) by extensions ['colcon_pkg']
[0.183s] Level 1:colcon.colcon_core.package_identification:_identify(project3-bags/02) by extension 'colcon_pkg'
[0.183s] Level 1:colcon.colcon_core.package_identification:_identify(project3-bags/02) by extensions ['colcon_meta']
[0.183s] Level 1:colcon.colcon_core.package_identification:_identify(project3-bags/02) by extension 'colcon_meta'
[0.183s] Level 1:colcon.colcon_core.package_identification:_identify(project3-bags/02) by extensions ['ros']
[0.183s] Level 1:colcon.colcon_core.package_identification:_identify(project3-bags/02) by extension 'ros'
[0.183s] Level 1:colcon.colcon_core.package_identification:_identify(project3-bags/02) by extensions ['cmake', 'python']
[0.183s] Level 1:colcon.colcon_core.package_identification:_identify(project3-bags/02) by extension 'cmake'
[0.183s] Level 1:colcon.colcon_core.package_identification:_identify(project3-bags/02) by extension 'python'
[0.183s] Level 1:colcon.colcon_core.package_identification:_identify(project3-bags/02) by extensions ['python_setup_py']
[0.183s] Level 1:colcon.colcon_core.package_identification:_identify(project3-bags/02) by extension 'python_setup_py'
[0.183s] Level 1:colcon.colcon_core.package_identification:_identify(project3-bags/03) by extensions ['ignore', 'ignore_ament_install']
[0.183s] Level 1:colcon.colcon_core.package_identification:_identify(project3-bags/03) by extension 'ignore'
[0.183s] Level 1:colcon.colcon_core.package_identification:_identify(project3-bags/03) by extension 'ignore_ament_install'
[0.183s] Level 1:colcon.colcon_core.package_identification:_identify(project3-bags/03) by extensions ['colcon_pkg']
[0.183s] Level 1:colcon.colcon_core.package_identification:_identify(project3-bags/03) by extension 'colcon_pkg'
[0.183s] Level 1:colcon.colcon_core.package_identification:_identify(project3-bags/03) by extensions ['colcon_meta']
[0.183s] Level 1:colcon.colcon_core.package_identification:_identify(project3-bags/03) by extension 'colcon_meta'
[0.183s] Level 1:colcon.colcon_core.package_identification:_identify(project3-bags/03) by extensions ['ros']
[0.184s] Level 1:colcon.colcon_core.package_identification:_identify(project3-bags/03) by extension 'ros'
[0.184s] Level 1:colcon.colcon_core.package_identification:_identify(project3-bags/03) by extensions ['cmake', 'python']
[0.184s] Level 1:colcon.colcon_core.package_identification:_identify(project3-bags/03) by extension 'cmake'
[0.184s] Level 1:colcon.colcon_core.package_identification:_identify(project3-bags/03) by extension 'python'
[0.184s] Level 1:colcon.colcon_core.package_identification:_identify(project3-bags/03) by extensions ['python_setup_py']
[0.184s] Level 1:colcon.colcon_core.package_identification:_identify(project3-bags/03) by extension 'python_setup_py'
[0.184s] Level 1:colcon.colcon_core.package_identification:_identify(project3-bags/04) by extensions ['ignore', 'ignore_ament_install']
[0.184s] Level 1:colcon.colcon_core.package_identification:_identify(project3-bags/04) by extension 'ignore'
[0.184s] Level 1:colcon.colcon_core.package_identification:_identify(project3-bags/04) by extension 'ignore_ament_install'
[0.184s] Level 1:colcon.colcon_core.package_identification:_identify(project3-bags/04) by extensions ['colcon_pkg']
[0.184s] Level 1:colcon.colcon_core.package_identification:_identify(project3-bags/04) by extension 'colcon_pkg'
[0.184s] Level 1:colcon.colcon_core.package_identification:_identify(project3-bags/04) by extensions ['colcon_meta']
[0.184s] Level 1:colcon.colcon_core.package_identification:_identify(project3-bags/04) by extension 'colcon_meta'
[0.184s] Level 1:colcon.colcon_core.package_identification:_identify(project3-bags/04) by extensions ['ros']
[0.184s] Level 1:colcon.colcon_core.package_identification:_identify(project3-bags/04) by extension 'ros'
[0.184s] Level 1:colcon.colcon_core.package_identification:_identify(project3-bags/04) by extensions ['cmake', 'python']
[0.184s] Level 1:colcon.colcon_core.package_identification:_identify(project3-bags/04) by extension 'cmake'
[0.185s] Level 1:colcon.colcon_core.package_identification:_identify(project3-bags/04) by extension 'python'
[0.185s] Level 1:colcon.colcon_core.package_identification:_identify(project3-bags/04) by extensions ['python_setup_py']
[0.185s] Level 1:colcon.colcon_core.package_identification:_identify(project3-bags/04) by extension 'python_setup_py'
[0.185s] Level 1:colcon.colcon_core.package_identification:_identify(project3-bags/05) by extensions ['ignore', 'ignore_ament_install']
[0.185s] Level 1:colcon.colcon_core.package_identification:_identify(project3-bags/05) by extension 'ignore'
[0.185s] Level 1:colcon.colcon_core.package_identification:_identify(project3-bags/05) by extension 'ignore_ament_install'
[0.185s] Level 1:colcon.colcon_core.package_identification:_identify(project3-bags/05) by extensions ['colcon_pkg']
[0.185s] Level 1:colcon.colcon_core.package_identification:_identify(project3-bags/05) by extension 'colcon_pkg'
[0.185s] Level 1:colcon.colcon_core.package_identification:_identify(project3-bags/05) by extensions ['colcon_meta']
[0.185s] Level 1:colcon.colcon_core.package_identification:_identify(project3-bags/05) by extension 'colcon_meta'
[0.185s] Level 1:colcon.colcon_core.package_identification:_identify(project3-bags/05) by extensions ['ros']
[0.185s] Level 1:colcon.colcon_core.package_identification:_identify(project3-bags/05) by extension 'ros'
[0.185s] Level 1:colcon.colcon_core.package_identification:_identify(project3-bags/05) by extensions ['cmake', 'python']
[0.185s] Level 1:colcon.colcon_core.package_identification:_identify(project3-bags/05) by extension 'cmake'
[0.185s] Level 1:colcon.colcon_core.package_identification:_identify(project3-bags/05) by extension 'python'
[0.185s] Level 1:colcon.colcon_core.package_identification:_identify(project3-bags/05) by extensions ['python_setup_py']
[0.185s] Level 1:colcon.colcon_core.package_identification:_identify(project3-bags/05) by extension 'python_setup_py'
[0.185s] Level 1:colcon.colcon_core.package_identification:_identify(project3-bags/06) by extensions ['ignore', 'ignore_ament_install']
[0.185s] Level 1:colcon.colcon_core.package_identification:_identify(project3-bags/06) by extension 'ignore'
[0.186s] Level 1:colcon.colcon_core.package_identification:_identify(project3-bags/06) by extension 'ignore_ament_install'
[0.186s] Level 1:colcon.colcon_core.package_identification:_identify(project3-bags/06) by extensions ['colcon_pkg']
[0.186s] Level 1:colcon.colcon_core.package_identification:_identify(project3-bags/06) by extension 'colcon_pkg'
[0.186s] Level 1:colcon.colcon_core.package_identification:_identify(project3-bags/06) by extensions ['colcon_meta']
[0.186s] Level 1:colcon.colcon_core.package_identification:_identify(project3-bags/06) by extension 'colcon_meta'
[0.186s] Level 1:colcon.colcon_core.package_identification:_identify(project3-bags/06) by extensions ['ros']
[0.186s] Level 1:colcon.colcon_core.package_identification:_identify(project3-bags/06) by extension 'ros'
[0.186s] Level 1:colcon.colcon_core.package_identification:_identify(project3-bags/06) by extensions ['cmake', 'python']
[0.186s] Level 1:colcon.colcon_core.package_identification:_identify(project3-bags/06) by extension 'cmake'
[0.186s] Level 1:colcon.colcon_core.package_identification:_identify(project3-bags/06) by extension 'python'
[0.186s] Level 1:colcon.colcon_core.package_identification:_identify(project3-bags/06) by extensions ['python_setup_py']
[0.186s] Level 1:colcon.colcon_core.package_identification:_identify(project3-bags/06) by extension 'python_setup_py'
[0.186s] Level 1:colcon.colcon_core.package_identification:_identify(project3-bags/07) by extensions ['ignore', 'ignore_ament_install']
[0.186s] Level 1:colcon.colcon_core.package_identification:_identify(project3-bags/07) by extension 'ignore'
[0.186s] Level 1:colcon.colcon_core.package_identification:_identify(project3-bags/07) by extension 'ignore_ament_install'
[0.186s] Level 1:colcon.colcon_core.package_identification:_identify(project3-bags/07) by extensions ['colcon_pkg']
[0.186s] Level 1:colcon.colcon_core.package_identification:_identify(project3-bags/07) by extension 'colcon_pkg'
[0.186s] Level 1:colcon.colcon_core.package_identification:_identify(project3-bags/07) by extensions ['colcon_meta']
[0.187s] Level 1:colcon.colcon_core.package_identification:_identify(project3-bags/07) by extension 'colcon_meta'
[0.187s] Level 1:colcon.colcon_core.package_identification:_identify(project3-bags/07) by extensions ['ros']
[0.187s] Level 1:colcon.colcon_core.package_identification:_identify(project3-bags/07) by extension 'ros'
[0.187s] Level 1:colcon.colcon_core.package_identification:_identify(project3-bags/07) by extensions ['cmake', 'python']
[0.187s] Level 1:colcon.colcon_core.package_identification:_identify(project3-bags/07) by extension 'cmake'
[0.187s] Level 1:colcon.colcon_core.package_identification:_identify(project3-bags/07) by extension 'python'
[0.187s] Level 1:colcon.colcon_core.package_identification:_identify(project3-bags/07) by extensions ['python_setup_py']
[0.187s] Level 1:colcon.colcon_core.package_identification:_identify(project3-bags/07) by extension 'python_setup_py'
[0.187s] Level 1:colcon.colcon_core.package_identification:_identify(project3-bags/08) by extensions ['ignore', 'ignore_ament_install']
[0.187s] Level 1:colcon.colcon_core.package_identification:_identify(project3-bags/08) by extension 'ignore'
[0.187s] Level 1:colcon.colcon_core.package_identification:_identify(project3-bags/08) by extension 'ignore_ament_install'
[0.187s] Level 1:colcon.colcon_core.package_identification:_identify(project3-bags/08) by extensions ['colcon_pkg']
[0.187s] Level 1:colcon.colcon_core.package_identification:_identify(project3-bags/08) by extension 'colcon_pkg'
[0.187s] Level 1:colcon.colcon_core.package_identification:_identify(project3-bags/08) by extensions ['colcon_meta']
[0.187s] Level 1:colcon.colcon_core.package_identification:_identify(project3-bags/08) by extension 'colcon_meta'
[0.187s] Level 1:colcon.colcon_core.package_identification:_identify(project3-bags/08) by extensions ['ros']
[0.187s] Level 1:colcon.colcon_core.package_identification:_identify(project3-bags/08) by extension 'ros'
[0.187s] Level 1:colcon.colcon_core.package_identification:_identify(project3-bags/08) by extensions ['cmake', 'python']
[0.187s] Level 1:colcon.colcon_core.package_identification:_identify(project3-bags/08) by extension 'cmake'
[0.187s] Level 1:colcon.colcon_core.package_identification:_identify(project3-bags/08) by extension 'python'
[0.188s] Level 1:colcon.colcon_core.package_identification:_identify(project3-bags/08) by extensions ['python_setup_py']
[0.188s] Level 1:colcon.colcon_core.package_identification:_identify(project3-bags/08) by extension 'python_setup_py'
[0.188s] Level 1:colcon.colcon_core.package_identification:_identify(project3-bags/09) by extensions ['ignore', 'ignore_ament_install']
[0.188s] Level 1:colcon.colcon_core.package_identification:_identify(project3-bags/09) by extension 'ignore'
[0.188s] Level 1:colcon.colcon_core.package_identification:_identify(project3-bags/09) by extension 'ignore_ament_install'
[0.188s] Level 1:colcon.colcon_core.package_identification:_identify(project3-bags/09) by extensions ['colcon_pkg']
[0.188s] Level 1:colcon.colcon_core.package_identification:_identify(project3-bags/09) by extension 'colcon_pkg'
[0.188s] Level 1:colcon.colcon_core.package_identification:_identify(project3-bags/09) by extensions ['colcon_meta']
[0.188s] Level 1:colcon.colcon_core.package_identification:_identify(project3-bags/09) by extension 'colcon_meta'
[0.188s] Level 1:colcon.colcon_core.package_identification:_identify(project3-bags/09) by extensions ['ros']
[0.188s] Level 1:colcon.colcon_core.package_identification:_identify(project3-bags/09) by extension 'ros'
[0.188s] Level 1:colcon.colcon_core.package_identification:_identify(project3-bags/09) by extensions ['cmake', 'python']
[0.188s] Level 1:colcon.colcon_core.package_identification:_identify(project3-bags/09) by extension 'cmake'
[0.188s] Level 1:colcon.colcon_core.package_identification:_identify(project3-bags/09) by extension 'python'
[0.188s] Level 1:colcon.colcon_core.package_identification:_identify(project3-bags/09) by extensions ['python_setup_py']
[0.188s] Level 1:colcon.colcon_core.package_identification:_identify(project3-bags/09) by extension 'python_setup_py'
[0.188s] Level 1:colcon.colcon_core.package_identification:_identify(project3-bags/10) by extensions ['ignore', 'ignore_ament_install']
[0.188s] Level 1:colcon.colcon_core.package_identification:_identify(project3-bags/10) by extension 'ignore'
[0.189s] Level 1:colcon.colcon_core.package_identification:_identify(project3-bags/10) by extension 'ignore_ament_install'
[0.189s] Level 1:colcon.colcon_core.package_identification:_identify(project3-bags/10) by extensions ['colcon_pkg']
[0.189s] Level 1:colcon.colcon_core.package_identification:_identify(project3-bags/10) by extension 'colcon_pkg'
[0.189s] Level 1:colcon.colcon_core.package_identification:_identify(project3-bags/10) by extensions ['colcon_meta']
[0.189s] Level 1:colcon.colcon_core.package_identification:_identify(project3-bags/10) by extension 'colcon_meta'
[0.189s] Level 1:colcon.colcon_core.package_identification:_identify(project3-bags/10) by extensions ['ros']
[0.189s] Level 1:colcon.colcon_core.package_identification:_identify(project3-bags/10) by extension 'ros'
[0.189s] Level 1:colcon.colcon_core.package_identification:_identify(project3-bags/10) by extensions ['cmake', 'python']
[0.189s] Level 1:colcon.colcon_core.package_identification:_identify(project3-bags/10) by extension 'cmake'
[0.189s] Level 1:colcon.colcon_core.package_identification:_identify(project3-bags/10) by extension 'python'
[0.189s] Level 1:colcon.colcon_core.package_identification:_identify(project3-bags/10) by extensions ['python_setup_py']
[0.189s] Level 1:colcon.colcon_core.package_identification:_identify(project3-bags/10) by extension 'python_setup_py'
[0.189s] Level 1:colcon.colcon_core.package_identification:_identify(src) by extensions ['ignore', 'ignore_ament_install']
[0.189s] Level 1:colcon.colcon_core.package_identification:_identify(src) by extension 'ignore'
[0.189s] Level 1:colcon.colcon_core.package_identification:_identify(src) by extension 'ignore_ament_install'
[0.189s] Level 1:colcon.colcon_core.package_identification:_identify(src) by extensions ['colcon_pkg']
[0.189s] Level 1:colcon.colcon_core.package_identification:_identify(src) by extension 'colcon_pkg'
[0.190s] Level 1:colcon.colcon_core.package_identification:_identify(src) by extensions ['colcon_meta']
[0.190s] Level 1:colcon.colcon_core.package_identification:_identify(src) by extension 'colcon_meta'
[0.190s] Level 1:colcon.colcon_core.package_identification:_identify(src) by extensions ['ros']
[0.190s] Level 1:colcon.colcon_core.package_identification:_identify(src) by extension 'ros'
[0.190s] Level 1:colcon.colcon_core.package_identification:_identify(src) by extensions ['cmake', 'python']
[0.190s] Level 1:colcon.colcon_core.package_identification:_identify(src) by extension 'cmake'
[0.190s] Level 1:colcon.colcon_core.package_identification:_identify(src) by extension 'python'
[0.190s] Level 1:colcon.colcon_core.package_identification:_identify(src) by extensions ['python_setup_py']
[0.190s] Level 1:colcon.colcon_core.package_identification:_identify(src) by extension 'python_setup_py'
[0.190s] Level 1:colcon.colcon_core.package_identification:_identify(src/project3) by extensions ['ignore', 'ignore_ament_install']
[0.190s] Level 1:colcon.colcon_core.package_identification:_identify(src/project3) by extension 'ignore'
[0.190s] Level 1:colcon.colcon_core.package_identification:_identify(src/project3) by extension 'ignore_ament_install'
[0.190s] Level 1:colcon.colcon_core.package_identification:_identify(src/project3) by extensions ['colcon_pkg']
[0.190s] Level 1:colcon.colcon_core.package_identification:_identify(src/project3) by extension 'colcon_pkg'
[0.190s] Level 1:colcon.colcon_core.package_identification:_identify(src/project3) by extensions ['colcon_meta']
[0.190s] Level 1:colcon.colcon_core.package_identification:_identify(src/project3) by extension 'colcon_meta'
[0.190s] Level 1:colcon.colcon_core.package_identification:_identify(src/project3) by extensions ['ros']
[0.191s] Level 1:colcon.colcon_core.package_identification:_identify(src/project3) by extension 'ros'
[0.193s] DEBUG:colcon.colcon_core.package_identification:Found ROS schema reference in package manifest in 'src/project3'
[0.193s] WARNING:colcon.colcon_core.package_identification:Failed to parse ROS package manifest in 'src/project3': Error(s) in package 'src/project3/package.xml':
Error(s):
- The generic dependency on 'project3_interfaces' is redundant with: exec_depend
[0.193s] Level 1:colcon.colcon_core.package_identification:_identify(src/project3) by extensions ['cmake', 'python']
[0.193s] Level 1:colcon.colcon_core.package_identification:_identify(src/project3) by extension 'cmake'
[0.193s] Level 1:colcon.colcon_core.package_identification:_identify(src/project3) by extension 'python'
[0.193s] DEBUG:colcon.colcon_core.package_identification:Python package in 'src/project3' passes arguments to the setup() function which requires a different identification extension than 'python'
[0.193s] Level 1:colcon.colcon_core.package_identification:_identify(src/project3) by extensions ['python_setup_py']
[0.193s] Level 1:colcon.colcon_core.package_identification:_identify(src/project3) by extension 'python_setup_py'
[0.419s] DEBUG:colcon.colcon_core.package_identification:Package 'src/project3' with type 'python' and name 'project3'
[0.419s] Level 1:colcon.colcon_core.package_discovery:discover_packages(recursive) using defaults
[0.419s] Level 1:colcon.colcon_core.package_discovery:discover_packages(ignore) discover
[0.419s] Level 1:colcon.colcon_core.package_discovery:discover_packages(ignore) using defaults
[0.419s] Level 1:colcon.colcon_core.package_discovery:discover_packages(path) discover
[0.419s] Level 1:colcon.colcon_core.package_discovery:discover_packages(path) using defaults
[0.419s] WARNING:colcon.colcon_core.package_selection:ignoring unknown package 'project3_interfaces' in --packages-select
[0.439s] Level 1:colcon.colcon_core.package_discovery:discover_packages(prefix_path) check parameters
[0.439s] Level 1:colcon.colcon_core.package_discovery:discover_packages(prefix_path) discover
[0.441s] DEBUG:colcon.colcon_installed_package_information.package_discovery:Found 1 installed packages in /home/sicou2/CSCE452/Project3/Project3-Python/install
[0.443s] DEBUG:colcon.colcon_installed_package_information.package_discovery:Found 318 installed packages in /opt/ros/jazzy
[0.445s] Level 1:colcon.colcon_core.package_discovery:discover_packages(prefix_path) using defaults
[0.497s] Level 5:colcon.colcon_core.verb:set package 'project3' build argument 'cmake_args' from command line to 'None'
[0.497s] Level 5:colcon.colcon_core.verb:set package 'project3' build argument 'cmake_target' from command line to 'None'
[0.497s] Level 5:colcon.colcon_core.verb:set package 'project3' build argument 'cmake_target_skip_unavailable' from command line to 'False'
[0.497s] Level 5:colcon.colcon_core.verb:set package 'project3' build argument 'cmake_clean_cache' from command line to 'False'
[0.497s] Level 5:colcon.colcon_core.verb:set package 'project3' build argument 'cmake_clean_first' from command line to 'False'
[0.497s] Level 5:colcon.colcon_core.verb:set package 'project3' build argument 'cmake_force_configure' from command line to 'False'
[0.497s] Level 5:colcon.colcon_core.verb:set package 'project3' build argument 'ament_cmake_args' from command line to 'None'
[0.497s] Level 5:colcon.colcon_core.verb:set package 'project3' build argument 'catkin_cmake_args' from command line to 'None'
[0.497s] Level 5:colcon.colcon_core.verb:set package 'project3' build argument 'catkin_skip_building_tests' from command line to 'False'
[0.497s] DEBUG:colcon.colcon_core.verb:Building package 'project3' with the following arguments: {'ament_cmake_args': None, 'build_base': '/home/sicou2/CSCE452/Project3/Project3-Python/build/project3', 'catkin_cmake_args': None, 'catkin_skip_building_tests': False, 'cmake_args': None, 'cmake_clean_cache': False, 'cmake_clean_first': False, 'cmake_force_configure': False, 'cmake_target': None, 'cmake_target_skip_unavailable': False, 'install_base': '/home/sicou2/CSCE452/Project3/Project3-Python/install/project3', 'merge_install': False, 'path': '/home/sicou2/CSCE452/Project3/Project3-Python/src/project3', 'symlink_install': True, 'test_result_base': None}
[0.497s] INFO:colcon.colcon_core.executor:Executing jobs using 'parallel' executor
[0.498s] DEBUG:colcon.colcon_parallel_executor.executor.parallel:run_until_complete
[0.499s] INFO:colcon.colcon_core.task.python.build:Building Python package in '/home/sicou2/CSCE452/Project3/Project3-Python/src/project3'
[0.501s] INFO:colcon.colcon_core.plugin_system:Skipping extension 'colcon_core.shell.bat': Not used on non-Windows systems
[0.501s] INFO:colcon.colcon_core.shell:Skip shell extension 'powershell' for command environment: Not usable outside of PowerShell
[0.501s] DEBUG:colcon.colcon_core.shell:Skip shell extension 'dsv' for command environment
[1.428s] DEBUG:colcon.colcon_core.task.python.build:While undoing a previous installation files outside the Python library path are being ignored: /home/sicou2/CSCE452/Project3/Project3-Python/install/project3/share/ament_index/resource_index/packages/project3
[1.428s] DEBUG:colcon.colcon_core.task.python.build:While undoing a previous installation files outside the Python library path are being ignored: /home/sicou2/CSCE452/Project3/Project3-Python/install/project3/share/project3/package.xml
[1.428s] DEBUG:colcon.colcon_core.task.python.build:While undoing a previous installation files outside the Python library path are being ignored: /home/sicou2/CSCE452/Project3/Project3-Python/install/project3/lib/project3/lidar_processor
[1.428s] DEBUG:colcon.colcon_core.task.python.build:While undoing a previous installation files outside the Python library path are being ignored: /home/sicou2/CSCE452/Project3/Project3-Python/install/project3/lib/project3/marker_publisher
[1.428s] DEBUG:colcon.colcon_core.task.python.build:While undoing a previous installation files outside the Python library path are being ignored: /home/sicou2/CSCE452/Project3/Project3-Python/install/project3/lib/project3/person_tracker
[1.430s] DEBUG:colcon.colcon_core.event_handler.log_command:Invoking command in '/home/sicou2/CSCE452/Project3/Project3-Python/build/project3': DEBUGINFOD_URLS=https://debuginfod.ubuntu.com PYTHONPATH=/home/sicou2/CSCE452/Project3/Project3-Python/build/project3/prefix_override:/usr/lib/python3/dist-packages/colcon_core/task/python/colcon_distutils_commands:/home/sicou2/CSCE452/Project3/Project3-Python/install/project3/lib/python3.12/site-packages:${PYTHONPATH} /usr/bin/python3 -W ignore:setup.py install is deprecated -W ignore:easy_install command is deprecated setup.py develop --editable --build-directory /home/sicou2/CSCE452/Project3/Project3-Python/build/project3/build --no-deps symlink_data --force
[2.238s] Level 1:colcon.colcon_core.shell:create_environment_hook('project3', 'pythonpath_develop')
[2.239s] INFO:colcon.colcon_core.shell:Creating environment hook '/home/sicou2/CSCE452/Project3/Project3-Python/build/project3/share/project3/hook/pythonpath_develop.ps1'
[2.239s] DEBUG:colcon.colcon_core.event_handler.log_command:Invoked command in '/home/sicou2/CSCE452/Project3/Project3-Python/build/project3' returned '0': DEBUGINFOD_URLS=https://debuginfod.ubuntu.com PYTHONPATH=/home/sicou2/CSCE452/Project3/Project3-Python/build/project3/prefix_override:/usr/lib/python3/dist-packages/colcon_core/task/python/colcon_distutils_commands:/home/sicou2/CSCE452/Project3/Project3-Python/install/project3/lib/python3.12/site-packages:${PYTHONPATH} /usr/bin/python3 -W ignore:setup.py install is deprecated -W ignore:easy_install command is deprecated setup.py develop --editable --build-directory /home/sicou2/CSCE452/Project3/Project3-Python/build/project3/build --no-deps symlink_data --force
[2.240s] INFO:colcon.colcon_core.shell:Creating environment descriptor '/home/sicou2/CSCE452/Project3/Project3-Python/build/project3/share/project3/hook/pythonpath_develop.dsv'
[2.240s] INFO:colcon.colcon_core.shell:Creating environment hook '/home/sicou2/CSCE452/Project3/Project3-Python/build/project3/share/project3/hook/pythonpath_develop.sh'
[2.243s] Level 1:colcon.colcon_core.environment:checking '/home/sicou2/CSCE452/Project3/Project3-Python/install/project3' for CMake module files
[2.244s] Level 1:colcon.colcon_core.environment:checking '/home/sicou2/CSCE452/Project3/Project3-Python/install/project3' for CMake config files
[2.245s] Level 1:colcon.colcon_core.environment:checking '/home/sicou2/CSCE452/Project3/Project3-Python/install/project3/lib'
[2.245s] Level 1:colcon.colcon_core.environment:checking '/home/sicou2/CSCE452/Project3/Project3-Python/install/project3/bin'
[2.245s] Level 1:colcon.colcon_core.environment:checking '/home/sicou2/CSCE452/Project3/Project3-Python/install/project3/lib/pkgconfig/project3.pc'
[2.245s] Level 1:colcon.colcon_core.environment:checking '/home/sicou2/CSCE452/Project3/Project3-Python/install/project3/lib/python3.12/site-packages'
[2.246s] Level 1:colcon.colcon_core.shell:create_environment_hook('project3', 'pythonpath')
[2.246s] INFO:colcon.colcon_core.shell:Creating environment hook '/home/sicou2/CSCE452/Project3/Project3-Python/install/project3/share/project3/hook/pythonpath.ps1'
[2.246s] INFO:colcon.colcon_core.shell:Creating environment descriptor '/home/sicou2/CSCE452/Project3/Project3-Python/install/project3/share/project3/hook/pythonpath.dsv'
[2.247s] INFO:colcon.colcon_core.shell:Creating environment hook '/home/sicou2/CSCE452/Project3/Project3-Python/install/project3/share/project3/hook/pythonpath.sh'
[2.247s] Level 1:colcon.colcon_core.environment:checking '/home/sicou2/CSCE452/Project3/Project3-Python/install/project3/bin'
[2.247s] Level 1:colcon.colcon_core.environment:create_environment_scripts_only(project3)
[2.248s] INFO:colcon.colcon_core.shell:Creating package script '/home/sicou2/CSCE452/Project3/Project3-Python/install/project3/share/project3/package.ps1'
[2.248s] INFO:colcon.colcon_core.shell:Creating package descriptor '/home/sicou2/CSCE452/Project3/Project3-Python/install/project3/share/project3/package.dsv'
[2.249s] INFO:colcon.colcon_core.shell:Creating package script '/home/sicou2/CSCE452/Project3/Project3-Python/install/project3/share/project3/package.sh'
[2.250s] INFO:colcon.colcon_core.shell:Creating package script '/home/sicou2/CSCE452/Project3/Project3-Python/install/project3/share/project3/package.bash'
[2.250s] INFO:colcon.colcon_core.shell:Creating package script '/home/sicou2/CSCE452/Project3/Project3-Python/install/project3/share/project3/package.zsh'
[2.251s] Level 1:colcon.colcon_core.environment:create_file_with_runtime_dependencies(/home/sicou2/CSCE452/Project3/Project3-Python/install/project3/share/colcon-core/packages/project3)
[2.251s] DEBUG:colcon.colcon_parallel_executor.executor.parallel:closing loop
[2.252s] DEBUG:colcon.colcon_parallel_executor.executor.parallel:loop closed
[2.252s] DEBUG:colcon.colcon_parallel_executor.executor.parallel:run_until_complete finished with '0'
[2.252s] DEBUG:colcon.colcon_core.event_reactor:joining thread
[2.257s] INFO:colcon.colcon_core.plugin_system:Skipping extension 'colcon_notification.desktop_notification.terminal_notifier': Not used on non-Darwin systems
[2.257s] INFO:colcon.colcon_core.plugin_system:Skipping extension 'colcon_notification.desktop_notification.win32': Not used on non-Windows systems
[2.257s] INFO:colcon.colcon_notification.desktop_notification:Sending desktop notification using 'notify2'
[2.282s] DEBUG:colcon.colcon_core.event_reactor:joined thread
[2.282s] INFO:colcon.colcon_core.shell:Creating prefix script '/home/sicou2/CSCE452/Project3/Project3-Python/install/local_setup.ps1'
[2.283s] INFO:colcon.colcon_core.shell:Creating prefix util module '/home/sicou2/CSCE452/Project3/Project3-Python/install/_local_setup_util_ps1.py'
[2.284s] INFO:colcon.colcon_core.shell:Creating prefix chain script '/home/sicou2/CSCE452/Project3/Project3-Python/install/setup.ps1'
[2.285s] INFO:colcon.colcon_core.shell:Creating prefix script '/home/sicou2/CSCE452/Project3/Project3-Python/install/local_setup.sh'
[2.286s] INFO:colcon.colcon_core.shell:Creating prefix util module '/home/sicou2/CSCE452/Project3/Project3-Python/install/_local_setup_util_sh.py'
[2.287s] INFO:colcon.colcon_core.shell:Creating prefix chain script '/home/sicou2/CSCE452/Project3/Project3-Python/install/setup.sh'
[2.288s] INFO:colcon.colcon_core.shell:Creating prefix script '/home/sicou2/CSCE452/Project3/Project3-Python/install/local_setup.bash'
[2.288s] INFO:colcon.colcon_core.shell:Creating prefix chain script '/home/sicou2/CSCE452/Project3/Project3-Python/install/setup.bash'
[2.289s] INFO:colcon.colcon_core.shell:Creating prefix script '/home/sicou2/CSCE452/Project3/Project3-Python/install/local_setup.zsh'
[2.290s] INFO:colcon.colcon_core.shell:Creating prefix chain script '/home/sicou2/CSCE452/Project3/Project3-Python/install/setup.zsh'
