/home/sicou2/CSCE452/Project3/Project3-Python/install/project3/lib/python3.12/site-packages/project3/lidar_processor.py
/home/sicou2/CSCE452/Project3/Project3-Python/install/project3/lib/python3.12/site-packages/project3/marker_publisher.py
/home/sicou2/CSCE452/Project3/Project3-Python/install/project3/lib/python3.12/site-packages/project3/utils.py
/home/sicou2/CSCE452/Project3/Project3-Python/install/project3/lib/python3.12/site-packages/project3/helpers.py
/home/sicou2/CSCE452/Project3/Project3-Python/install/project3/lib/python3.12/site-packages/project3/kalman_filter.py
/home/sicou2/CSCE452/Project3/Project3-Python/install/project3/lib/python3.12/site-packages/project3/__init__.py
/home/sicou2/CSCE452/Project3/Project3-Python/install/project3/lib/python3.12/site-packages/project3/person_tracker.py
/home/sicou2/CSCE452/Project3/Project3-Python/install/project3/lib/python3.12/site-packages/project3/__pycache__/lidar_processor.cpython-312.pyc
/home/sicou2/CSCE452/Project3/Project3-Python/install/project3/lib/python3.12/site-packages/project3/__pycache__/marker_publisher.cpython-312.pyc
/home/sicou2/CSCE452/Project3/Project3-Python/install/project3/lib/python3.12/site-packages/project3/__pycache__/utils.cpython-312.pyc
/home/sicou2/CSCE452/Project3/Project3-Python/install/project3/lib/python3.12/site-packages/project3/__pycache__/helpers.cpython-312.pyc
/home/sicou2/CSCE452/Project3/Project3-Python/install/project3/lib/python3.12/site-packages/project3/__pycache__/kalman_filter.cpython-312.pyc
/home/sicou2/CSCE452/Project3/Project3-Python/install/project3/lib/python3.12/site-packages/project3/__pycache__/__init__.cpython-312.pyc
/home/sicou2/CSCE452/Project3/Project3-Python/install/project3/lib/python3.12/site-packages/project3/__pycache__/person_tracker.cpython-312.pyc
/home/sicou2/CSCE452/Project3/Project3-Python/install/project3/share/ament_index/resource_index/packages/project3
/home/sicou2/CSCE452/Project3/Project3-Python/install/project3/share/project3/package.xml
/home/sicou2/CSCE452/Project3/Project3-Python/install/project3/lib/python3.12/site-packages/project3-0.0.0-py3.12.egg-info/dependency_links.txt
/home/sicou2/CSCE452/Project3/Project3-Python/install/project3/lib/python3.12/site-packages/project3-0.0.0-py3.12.egg-info/requires.txt
/home/sicou2/CSCE452/Project3/Project3-Python/install/project3/lib/python3.12/site-packages/project3-0.0.0-py3.12.egg-info/entry_points.txt
/home/sicou2/CSCE452/Project3/Project3-Python/install/project3/lib/python3.12/site-packages/project3-0.0.0-py3.12.egg-info/SOURCES.txt
/home/sicou2/CSCE452/Project3/Project3-Python/install/project3/lib/python3.12/site-packages/project3-0.0.0-py3.12.egg-info/zip-safe
/home/sicou2/CSCE452/Project3/Project3-Python/install/project3/lib/python3.12/site-packages/project3-0.0.0-py3.12.egg-info/PKG-INFO
/home/sicou2/CSCE452/Project3/Project3-Python/install/project3/lib/python3.12/site-packages/project3-0.0.0-py3.12.egg-info/top_level.txt
/home/sicou2/CSCE452/Project3/Project3-Python/install/project3/lib/project3/lidar_processor
/home/sicou2/CSCE452/Project3/Project3-Python/install/project3/lib/project3/marker_publisher
/home/sicou2/CSCE452/Project3/Project3-Python/install/project3/lib/project3/person_tracker
