[0.114s] DEBUG:colcon:Command line arguments: ['/usr/bin/colcon', 'build']
[0.114s] DEBUG:colcon:Parsed command line arguments: Namespace(log_base=None, log_level=None, verb_name='build', build_base='build', install_base='install', merge_install=False, symlink_install=False, test_result_base=None, continue_on_error=False, executor='parallel', parallel_workers=4, event_handlers=None, ignore_user_meta=False, metas=['./colcon.meta'], base_paths=['.'], packages_ignore=None, packages_ignore_regex=None, paths=None, packages_up_to=None, packages_up_to_regex=None, packages_above=None, packages_above_and_dependencies=None, packages_above_depth=None, packages_select_by_dep=None, packages_skip_by_dep=None, packages_skip_up_to=None, packages_select_build_failed=False, packages_skip_build_finished=False, packages_select_test_failures=False, packages_skip_test_passed=False, packages_select=None, packages_skip=None, packages_select_regex=None, packages_skip_regex=None, packages_start=None, packages_end=None, allow_overriding=[], cmake_args=None, cmake_target=None, cmake_target_skip_unavailable=False, cmake_clean_cache=False, cmake_clean_first=False, cmake_force_configure=False, ament_cmake_args=None, catkin_cmake_args=None, catkin_skip_building_tests=False, mixin_files=None, mixin=None, verb_parser=<colcon_mixin.mixin.mixin_argument.MixinArgumentDecorator object at 0x7416a1f88290>, verb_extension=<colcon_core.verb.build.BuildVerb object at 0x7416a1f6fa70>, main=<bound method BuildVerb.main of <colcon_core.verb.build.BuildVerb object at 0x7416a1f6fa70>>, mixin_verb=('build',))
[0.153s] Level 1:colcon.colcon_core.package_discovery:discover_packages(colcon_meta) check parameters
[0.153s] Level 1:colcon.colcon_core.package_discovery:discover_packages(recursive) check parameters
[0.153s] Level 1:colcon.colcon_core.package_discovery:discover_packages(ignore) check parameters
[0.153s] Level 1:colcon.colcon_core.package_discovery:discover_packages(path) check parameters
[0.154s] Level 1:colcon.colcon_core.package_discovery:discover_packages(colcon_meta) discover
[0.154s] Level 1:colcon.colcon_core.package_discovery:discover_packages(recursive) discover
[0.154s] INFO:colcon.colcon_core.package_discovery:Crawling recursively for packages in '/home/sicou2/CSCE452/Project3/Project3-Python'
[0.154s] Level 1:colcon.colcon_core.package_identification:_identify(.) by extensions ['ignore', 'ignore_ament_install']
[0.154s] Level 1:colcon.colcon_core.package_identification:_identify(.) by extension 'ignore'
[0.154s] Level 1:colcon.colcon_core.package_identification:_identify(.) by extension 'ignore_ament_install'
[0.154s] Level 1:colcon.colcon_core.package_identification:_identify(.) by extensions ['colcon_pkg']
[0.154s] Level 1:colcon.colcon_core.package_identification:_identify(.) by extension 'colcon_pkg'
[0.154s] Level 1:colcon.colcon_core.package_identification:_identify(.) by extensions ['colcon_meta']
[0.154s] Level 1:colcon.colcon_core.package_identification:_identify(.) by extension 'colcon_meta'
[0.154s] Level 1:colcon.colcon_core.package_identification:_identify(.) by extensions ['ros']
[0.154s] Level 1:colcon.colcon_core.package_identification:_identify(.) by extension 'ros'
[0.179s] Level 1:colcon.colcon_core.package_identification:_identify(.) by extensions ['cmake', 'python']
[0.179s] Level 1:colcon.colcon_core.package_identification:_identify(.) by extension 'cmake'
[0.179s] Level 1:colcon.colcon_core.package_identification:_identify(.) by extension 'python'
[0.179s] Level 1:colcon.colcon_core.package_identification:_identify(.) by extensions ['python_setup_py']
[0.179s] Level 1:colcon.colcon_core.package_identification:_identify(.) by extension 'python_setup_py'
[0.179s] Level 1:colcon.colcon_core.package_identification:_identify(archive) by extensions ['ignore', 'ignore_ament_install']
[0.179s] Level 1:colcon.colcon_core.package_identification:_identify(archive) by extension 'ignore'
[0.179s] Level 1:colcon.colcon_core.package_identification:_identify(archive) by extension 'ignore_ament_install'
[0.180s] Level 1:colcon.colcon_core.package_identification:_identify(archive) by extensions ['colcon_pkg']
[0.180s] Level 1:colcon.colcon_core.package_identification:_identify(archive) by extension 'colcon_pkg'
[0.180s] Level 1:colcon.colcon_core.package_identification:_identify(archive) by extensions ['colcon_meta']
[0.180s] Level 1:colcon.colcon_core.package_identification:_identify(archive) by extension 'colcon_meta'
[0.180s] Level 1:colcon.colcon_core.package_identification:_identify(archive) by extensions ['ros']
[0.180s] Level 1:colcon.colcon_core.package_identification:_identify(archive) by extension 'ros'
[0.180s] Level 1:colcon.colcon_core.package_identification:_identify(archive) by extensions ['cmake', 'python']
[0.180s] Level 1:colcon.colcon_core.package_identification:_identify(archive) by extension 'cmake'
[0.180s] Level 1:colcon.colcon_core.package_identification:_identify(archive) by extension 'python'
[0.180s] Level 1:colcon.colcon_core.package_identification:_identify(archive) by extensions ['python_setup_py']
[0.180s] Level 1:colcon.colcon_core.package_identification:_identify(archive) by extension 'python_setup_py'
[0.180s] Level 1:colcon.colcon_core.package_identification:_identify(build) by extensions ['ignore', 'ignore_ament_install']
[0.180s] Level 1:colcon.colcon_core.package_identification:_identify(build) by extension 'ignore'
[0.180s] Level 1:colcon.colcon_core.package_identification:_identify(build) ignored
[0.180s] Level 1:colcon.colcon_core.package_identification:_identify(install) by extensions ['ignore', 'ignore_ament_install']
[0.181s] Level 1:colcon.colcon_core.package_identification:_identify(install) by extension 'ignore'
[0.181s] Level 1:colcon.colcon_core.package_identification:_identify(install) ignored
[0.181s] Level 1:colcon.colcon_core.package_identification:_identify(log) by extensions ['ignore', 'ignore_ament_install']
[0.181s] Level 1:colcon.colcon_core.package_identification:_identify(log) by extension 'ignore'
[0.181s] Level 1:colcon.colcon_core.package_identification:_identify(log) ignored
[0.181s] Level 1:colcon.colcon_core.package_identification:_identify(project3-bags) by extensions ['ignore', 'ignore_ament_install']
[0.181s] Level 1:colcon.colcon_core.package_identification:_identify(project3-bags) by extension 'ignore'
[0.181s] Level 1:colcon.colcon_core.package_identification:_identify(project3-bags) by extension 'ignore_ament_install'
[0.181s] Level 1:colcon.colcon_core.package_identification:_identify(project3-bags) by extensions ['colcon_pkg']
[0.181s] Level 1:colcon.colcon_core.package_identification:_identify(project3-bags) by extension 'colcon_pkg'
[0.181s] Level 1:colcon.colcon_core.package_identification:_identify(project3-bags) by extensions ['colcon_meta']
[0.181s] Level 1:colcon.colcon_core.package_identification:_identify(project3-bags) by extension 'colcon_meta'
[0.181s] Level 1:colcon.colcon_core.package_identification:_identify(project3-bags) by extensions ['ros']
[0.181s] Level 1:colcon.colcon_core.package_identification:_identify(project3-bags) by extension 'ros'
[0.181s] Level 1:colcon.colcon_core.package_identification:_identify(project3-bags) by extensions ['cmake', 'python']
[0.181s] Level 1:colcon.colcon_core.package_identification:_identify(project3-bags) by extension 'cmake'
[0.182s] Level 1:colcon.colcon_core.package_identification:_identify(project3-bags) by extension 'python'
[0.182s] Level 1:colcon.colcon_core.package_identification:_identify(project3-bags) by extensions ['python_setup_py']
[0.182s] Level 1:colcon.colcon_core.package_identification:_identify(project3-bags) by extension 'python_setup_py'
[0.182s] Level 1:colcon.colcon_core.package_identification:_identify(project3-bags/01) by extensions ['ignore', 'ignore_ament_install']
[0.182s] Level 1:colcon.colcon_core.package_identification:_identify(project3-bags/01) by extension 'ignore'
[0.182s] Level 1:colcon.colcon_core.package_identification:_identify(project3-bags/01) by extension 'ignore_ament_install'
[0.182s] Level 1:colcon.colcon_core.package_identification:_identify(project3-bags/01) by extensions ['colcon_pkg']
[0.182s] Level 1:colcon.colcon_core.package_identification:_identify(project3-bags/01) by extension 'colcon_pkg'
[0.182s] Level 1:colcon.colcon_core.package_identification:_identify(project3-bags/01) by extensions ['colcon_meta']
[0.182s] Level 1:colcon.colcon_core.package_identification:_identify(project3-bags/01) by extension 'colcon_meta'
[0.182s] Level 1:colcon.colcon_core.package_identification:_identify(project3-bags/01) by extensions ['ros']
[0.182s] Level 1:colcon.colcon_core.package_identification:_identify(project3-bags/01) by extension 'ros'
[0.182s] Level 1:colcon.colcon_core.package_identification:_identify(project3-bags/01) by extensions ['cmake', 'python']
[0.182s] Level 1:colcon.colcon_core.package_identification:_identify(project3-bags/01) by extension 'cmake'
[0.182s] Level 1:colcon.colcon_core.package_identification:_identify(project3-bags/01) by extension 'python'
[0.182s] Level 1:colcon.colcon_core.package_identification:_identify(project3-bags/01) by extensions ['python_setup_py']
[0.182s] Level 1:colcon.colcon_core.package_identification:_identify(project3-bags/01) by extension 'python_setup_py'
[0.182s] Level 1:colcon.colcon_core.package_identification:_identify(project3-bags/02) by extensions ['ignore', 'ignore_ament_install']
[0.183s] Level 1:colcon.colcon_core.package_identification:_identify(project3-bags/02) by extension 'ignore'
[0.183s] Level 1:colcon.colcon_core.package_identification:_identify(project3-bags/02) by extension 'ignore_ament_install'
[0.183s] Level 1:colcon.colcon_core.package_identification:_identify(project3-bags/02) by extensions ['colcon_pkg']
[0.183s] Level 1:colcon.colcon_core.package_identification:_identify(project3-bags/02) by extension 'colcon_pkg'
[0.183s] Level 1:colcon.colcon_core.package_identification:_identify(project3-bags/02) by extensions ['colcon_meta']
[0.183s] Level 1:colcon.colcon_core.package_identification:_identify(project3-bags/02) by extension 'colcon_meta'
[0.183s] Level 1:colcon.colcon_core.package_identification:_identify(project3-bags/02) by extensions ['ros']
[0.183s] Level 1:colcon.colcon_core.package_identification:_identify(project3-bags/02) by extension 'ros'
[0.183s] Level 1:colcon.colcon_core.package_identification:_identify(project3-bags/02) by extensions ['cmake', 'python']
[0.183s] Level 1:colcon.colcon_core.package_identification:_identify(project3-bags/02) by extension 'cmake'
[0.183s] Level 1:colcon.colcon_core.package_identification:_identify(project3-bags/02) by extension 'python'
[0.183s] Level 1:colcon.colcon_core.package_identification:_identify(project3-bags/02) by extensions ['python_setup_py']
[0.183s] Level 1:colcon.colcon_core.package_identification:_identify(project3-bags/02) by extension 'python_setup_py'
[0.183s] Level 1:colcon.colcon_core.package_identification:_identify(project3-bags/03) by extensions ['ignore', 'ignore_ament_install']
[0.183s] Level 1:colcon.colcon_core.package_identification:_identify(project3-bags/03) by extension 'ignore'
[0.183s] Level 1:colcon.colcon_core.package_identification:_identify(project3-bags/03) by extension 'ignore_ament_install'
[0.183s] Level 1:colcon.colcon_core.package_identification:_identify(project3-bags/03) by extensions ['colcon_pkg']
[0.183s] Level 1:colcon.colcon_core.package_identification:_identify(project3-bags/03) by extension 'colcon_pkg'
[0.184s] Level 1:colcon.colcon_core.package_identification:_identify(project3-bags/03) by extensions ['colcon_meta']
[0.184s] Level 1:colcon.colcon_core.package_identification:_identify(project3-bags/03) by extension 'colcon_meta'
[0.184s] Level 1:colcon.colcon_core.package_identification:_identify(project3-bags/03) by extensions ['ros']
[0.184s] Level 1:colcon.colcon_core.package_identification:_identify(project3-bags/03) by extension 'ros'
[0.184s] Level 1:colcon.colcon_core.package_identification:_identify(project3-bags/03) by extensions ['cmake', 'python']
[0.184s] Level 1:colcon.colcon_core.package_identification:_identify(project3-bags/03) by extension 'cmake'
[0.184s] Level 1:colcon.colcon_core.package_identification:_identify(project3-bags/03) by extension 'python'
[0.184s] Level 1:colcon.colcon_core.package_identification:_identify(project3-bags/03) by extensions ['python_setup_py']
[0.184s] Level 1:colcon.colcon_core.package_identification:_identify(project3-bags/03) by extension 'python_setup_py'
[0.184s] Level 1:colcon.colcon_core.package_identification:_identify(project3-bags/04) by extensions ['ignore', 'ignore_ament_install']
[0.184s] Level 1:colcon.colcon_core.package_identification:_identify(project3-bags/04) by extension 'ignore'
[0.184s] Level 1:colcon.colcon_core.package_identification:_identify(project3-bags/04) by extension 'ignore_ament_install'
[0.184s] Level 1:colcon.colcon_core.package_identification:_identify(project3-bags/04) by extensions ['colcon_pkg']
[0.184s] Level 1:colcon.colcon_core.package_identification:_identify(project3-bags/04) by extension 'colcon_pkg'
[0.184s] Level 1:colcon.colcon_core.package_identification:_identify(project3-bags/04) by extensions ['colcon_meta']
[0.184s] Level 1:colcon.colcon_core.package_identification:_identify(project3-bags/04) by extension 'colcon_meta'
[0.184s] Level 1:colcon.colcon_core.package_identification:_identify(project3-bags/04) by extensions ['ros']
[0.184s] Level 1:colcon.colcon_core.package_identification:_identify(project3-bags/04) by extension 'ros'
[0.185s] Level 1:colcon.colcon_core.package_identification:_identify(project3-bags/04) by extensions ['cmake', 'python']
[0.185s] Level 1:colcon.colcon_core.package_identification:_identify(project3-bags/04) by extension 'cmake'
[0.185s] Level 1:colcon.colcon_core.package_identification:_identify(project3-bags/04) by extension 'python'
[0.185s] Level 1:colcon.colcon_core.package_identification:_identify(project3-bags/04) by extensions ['python_setup_py']
[0.185s] Level 1:colcon.colcon_core.package_identification:_identify(project3-bags/04) by extension 'python_setup_py'
[0.185s] Level 1:colcon.colcon_core.package_identification:_identify(project3-bags/05) by extensions ['ignore', 'ignore_ament_install']
[0.185s] Level 1:colcon.colcon_core.package_identification:_identify(project3-bags/05) by extension 'ignore'
[0.185s] Level 1:colcon.colcon_core.package_identification:_identify(project3-bags/05) by extension 'ignore_ament_install'
[0.185s] Level 1:colcon.colcon_core.package_identification:_identify(project3-bags/05) by extensions ['colcon_pkg']
[0.185s] Level 1:colcon.colcon_core.package_identification:_identify(project3-bags/05) by extension 'colcon_pkg'
[0.185s] Level 1:colcon.colcon_core.package_identification:_identify(project3-bags/05) by extensions ['colcon_meta']
[0.185s] Level 1:colcon.colcon_core.package_identification:_identify(project3-bags/05) by extension 'colcon_meta'
[0.185s] Level 1:colcon.colcon_core.package_identification:_identify(project3-bags/05) by extensions ['ros']
[0.185s] Level 1:colcon.colcon_core.package_identification:_identify(project3-bags/05) by extension 'ros'
[0.185s] Level 1:colcon.colcon_core.package_identification:_identify(project3-bags/05) by extensions ['cmake', 'python']
[0.185s] Level 1:colcon.colcon_core.package_identification:_identify(project3-bags/05) by extension 'cmake'
[0.185s] Level 1:colcon.colcon_core.package_identification:_identify(project3-bags/05) by extension 'python'
[0.185s] Level 1:colcon.colcon_core.package_identification:_identify(project3-bags/05) by extensions ['python_setup_py']
[0.185s] Level 1:colcon.colcon_core.package_identification:_identify(project3-bags/05) by extension 'python_setup_py'
[0.185s] Level 1:colcon.colcon_core.package_identification:_identify(project3-bags/06) by extensions ['ignore', 'ignore_ament_install']
[0.186s] Level 1:colcon.colcon_core.package_identification:_identify(project3-bags/06) by extension 'ignore'
[0.186s] Level 1:colcon.colcon_core.package_identification:_identify(project3-bags/06) by extension 'ignore_ament_install'
[0.186s] Level 1:colcon.colcon_core.package_identification:_identify(project3-bags/06) by extensions ['colcon_pkg']
[0.186s] Level 1:colcon.colcon_core.package_identification:_identify(project3-bags/06) by extension 'colcon_pkg'
[0.186s] Level 1:colcon.colcon_core.package_identification:_identify(project3-bags/06) by extensions ['colcon_meta']
[0.186s] Level 1:colcon.colcon_core.package_identification:_identify(project3-bags/06) by extension 'colcon_meta'
[0.186s] Level 1:colcon.colcon_core.package_identification:_identify(project3-bags/06) by extensions ['ros']
[0.186s] Level 1:colcon.colcon_core.package_identification:_identify(project3-bags/06) by extension 'ros'
[0.186s] Level 1:colcon.colcon_core.package_identification:_identify(project3-bags/06) by extensions ['cmake', 'python']
[0.186s] Level 1:colcon.colcon_core.package_identification:_identify(project3-bags/06) by extension 'cmake'
[0.186s] Level 1:colcon.colcon_core.package_identification:_identify(project3-bags/06) by extension 'python'
[0.186s] Level 1:colcon.colcon_core.package_identification:_identify(project3-bags/06) by extensions ['python_setup_py']
[0.186s] Level 1:colcon.colcon_core.package_identification:_identify(project3-bags/06) by extension 'python_setup_py'
[0.186s] Level 1:colcon.colcon_core.package_identification:_identify(project3-bags/07) by extensions ['ignore', 'ignore_ament_install']
[0.186s] Level 1:colcon.colcon_core.package_identification:_identify(project3-bags/07) by extension 'ignore'
[0.186s] Level 1:colcon.colcon_core.package_identification:_identify(project3-bags/07) by extension 'ignore_ament_install'
[0.187s] Level 1:colcon.colcon_core.package_identification:_identify(project3-bags/07) by extensions ['colcon_pkg']
[0.187s] Level 1:colcon.colcon_core.package_identification:_identify(project3-bags/07) by extension 'colcon_pkg'
[0.187s] Level 1:colcon.colcon_core.package_identification:_identify(project3-bags/07) by extensions ['colcon_meta']
[0.187s] Level 1:colcon.colcon_core.package_identification:_identify(project3-bags/07) by extension 'colcon_meta'
[0.187s] Level 1:colcon.colcon_core.package_identification:_identify(project3-bags/07) by extensions ['ros']
[0.187s] Level 1:colcon.colcon_core.package_identification:_identify(project3-bags/07) by extension 'ros'
[0.187s] Level 1:colcon.colcon_core.package_identification:_identify(project3-bags/07) by extensions ['cmake', 'python']
[0.187s] Level 1:colcon.colcon_core.package_identification:_identify(project3-bags/07) by extension 'cmake'
[0.187s] Level 1:colcon.colcon_core.package_identification:_identify(project3-bags/07) by extension 'python'
[0.187s] Level 1:colcon.colcon_core.package_identification:_identify(project3-bags/07) by extensions ['python_setup_py']
[0.187s] Level 1:colcon.colcon_core.package_identification:_identify(project3-bags/07) by extension 'python_setup_py'
[0.187s] Level 1:colcon.colcon_core.package_identification:_identify(project3-bags/08) by extensions ['ignore', 'ignore_ament_install']
[0.187s] Level 1:colcon.colcon_core.package_identification:_identify(project3-bags/08) by extension 'ignore'
[0.187s] Level 1:colcon.colcon_core.package_identification:_identify(project3-bags/08) by extension 'ignore_ament_install'
[0.187s] Level 1:colcon.colcon_core.package_identification:_identify(project3-bags/08) by extensions ['colcon_pkg']
[0.187s] Level 1:colcon.colcon_core.package_identification:_identify(project3-bags/08) by extension 'colcon_pkg'
[0.187s] Level 1:colcon.colcon_core.package_identification:_identify(project3-bags/08) by extensions ['colcon_meta']
[0.187s] Level 1:colcon.colcon_core.package_identification:_identify(project3-bags/08) by extension 'colcon_meta'
[0.187s] Level 1:colcon.colcon_core.package_identification:_identify(project3-bags/08) by extensions ['ros']
[0.188s] Level 1:colcon.colcon_core.package_identification:_identify(project3-bags/08) by extension 'ros'
[0.188s] Level 1:colcon.colcon_core.package_identification:_identify(project3-bags/08) by extensions ['cmake', 'python']
[0.188s] Level 1:colcon.colcon_core.package_identification:_identify(project3-bags/08) by extension 'cmake'
[0.188s] Level 1:colcon.colcon_core.package_identification:_identify(project3-bags/08) by extension 'python'
[0.188s] Level 1:colcon.colcon_core.package_identification:_identify(project3-bags/08) by extensions ['python_setup_py']
[0.188s] Level 1:colcon.colcon_core.package_identification:_identify(project3-bags/08) by extension 'python_setup_py'
[0.188s] Level 1:colcon.colcon_core.package_identification:_identify(project3-bags/09) by extensions ['ignore', 'ignore_ament_install']
[0.188s] Level 1:colcon.colcon_core.package_identification:_identify(project3-bags/09) by extension 'ignore'
[0.188s] Level 1:colcon.colcon_core.package_identification:_identify(project3-bags/09) by extension 'ignore_ament_install'
[0.188s] Level 1:colcon.colcon_core.package_identification:_identify(project3-bags/09) by extensions ['colcon_pkg']
[0.188s] Level 1:colcon.colcon_core.package_identification:_identify(project3-bags/09) by extension 'colcon_pkg'
[0.188s] Level 1:colcon.colcon_core.package_identification:_identify(project3-bags/09) by extensions ['colcon_meta']
[0.188s] Level 1:colcon.colcon_core.package_identification:_identify(project3-bags/09) by extension 'colcon_meta'
[0.188s] Level 1:colcon.colcon_core.package_identification:_identify(project3-bags/09) by extensions ['ros']
[0.188s] Level 1:colcon.colcon_core.package_identification:_identify(project3-bags/09) by extension 'ros'
[0.188s] Level 1:colcon.colcon_core.package_identification:_identify(project3-bags/09) by extensions ['cmake', 'python']
[0.188s] Level 1:colcon.colcon_core.package_identification:_identify(project3-bags/09) by extension 'cmake'
[0.188s] Level 1:colcon.colcon_core.package_identification:_identify(project3-bags/09) by extension 'python'
[0.189s] Level 1:colcon.colcon_core.package_identification:_identify(project3-bags/09) by extensions ['python_setup_py']
[0.189s] Level 1:colcon.colcon_core.package_identification:_identify(project3-bags/09) by extension 'python_setup_py'
[0.189s] Level 1:colcon.colcon_core.package_identification:_identify(project3-bags/10) by extensions ['ignore', 'ignore_ament_install']
[0.189s] Level 1:colcon.colcon_core.package_identification:_identify(project3-bags/10) by extension 'ignore'
[0.189s] Level 1:colcon.colcon_core.package_identification:_identify(project3-bags/10) by extension 'ignore_ament_install'
[0.189s] Level 1:colcon.colcon_core.package_identification:_identify(project3-bags/10) by extensions ['colcon_pkg']
[0.189s] Level 1:colcon.colcon_core.package_identification:_identify(project3-bags/10) by extension 'colcon_pkg'
[0.189s] Level 1:colcon.colcon_core.package_identification:_identify(project3-bags/10) by extensions ['colcon_meta']
[0.189s] Level 1:colcon.colcon_core.package_identification:_identify(project3-bags/10) by extension 'colcon_meta'
[0.189s] Level 1:colcon.colcon_core.package_identification:_identify(project3-bags/10) by extensions ['ros']
[0.189s] Level 1:colcon.colcon_core.package_identification:_identify(project3-bags/10) by extension 'ros'
[0.189s] Level 1:colcon.colcon_core.package_identification:_identify(project3-bags/10) by extensions ['cmake', 'python']
[0.189s] Level 1:colcon.colcon_core.package_identification:_identify(project3-bags/10) by extension 'cmake'
[0.189s] Level 1:colcon.colcon_core.package_identification:_identify(project3-bags/10) by extension 'python'
[0.189s] Level 1:colcon.colcon_core.package_identification:_identify(project3-bags/10) by extensions ['python_setup_py']
[0.189s] Level 1:colcon.colcon_core.package_identification:_identify(project3-bags/10) by extension 'python_setup_py'
[0.189s] Level 1:colcon.colcon_core.package_identification:_identify(src) by extensions ['ignore', 'ignore_ament_install']
[0.190s] Level 1:colcon.colcon_core.package_identification:_identify(src) by extension 'ignore'
[0.190s] Level 1:colcon.colcon_core.package_identification:_identify(src) by extension 'ignore_ament_install'
[0.190s] Level 1:colcon.colcon_core.package_identification:_identify(src) by extensions ['colcon_pkg']
[0.190s] Level 1:colcon.colcon_core.package_identification:_identify(src) by extension 'colcon_pkg'
[0.190s] Level 1:colcon.colcon_core.package_identification:_identify(src) by extensions ['colcon_meta']
[0.190s] Level 1:colcon.colcon_core.package_identification:_identify(src) by extension 'colcon_meta'
[0.190s] Level 1:colcon.colcon_core.package_identification:_identify(src) by extensions ['ros']
[0.190s] Level 1:colcon.colcon_core.package_identification:_identify(src) by extension 'ros'
[0.190s] Level 1:colcon.colcon_core.package_identification:_identify(src) by extensions ['cmake', 'python']
[0.190s] Level 1:colcon.colcon_core.package_identification:_identify(src) by extension 'cmake'
[0.190s] Level 1:colcon.colcon_core.package_identification:_identify(src) by extension 'python'
[0.190s] Level 1:colcon.colcon_core.package_identification:_identify(src) by extensions ['python_setup_py']
[0.190s] Level 1:colcon.colcon_core.package_identification:_identify(src) by extension 'python_setup_py'
[0.190s] Level 1:colcon.colcon_core.package_identification:_identify(src/project3) by extensions ['ignore', 'ignore_ament_install']
[0.190s] Level 1:colcon.colcon_core.package_identification:_identify(src/project3) by extension 'ignore'
[0.190s] Level 1:colcon.colcon_core.package_identification:_identify(src/project3) by extension 'ignore_ament_install'
[0.191s] Level 1:colcon.colcon_core.package_identification:_identify(src/project3) by extensions ['colcon_pkg']
[0.191s] Level 1:colcon.colcon_core.package_identification:_identify(src/project3) by extension 'colcon_pkg'
[0.191s] Level 1:colcon.colcon_core.package_identification:_identify(src/project3) by extensions ['colcon_meta']
[0.191s] Level 1:colcon.colcon_core.package_identification:_identify(src/project3) by extension 'colcon_meta'
[0.191s] Level 1:colcon.colcon_core.package_identification:_identify(src/project3) by extensions ['ros']
[0.191s] Level 1:colcon.colcon_core.package_identification:_identify(src/project3) by extension 'ros'
[0.193s] DEBUG:colcon.colcon_core.package_identification:Package 'src/project3' with type 'ros.ament_python' and name 'project3'
[0.193s] Level 1:colcon.colcon_core.package_identification:_identify(src/project3_interfaces) by extensions ['ignore', 'ignore_ament_install']
[0.193s] Level 1:colcon.colcon_core.package_identification:_identify(src/project3_interfaces) by extension 'ignore'
[0.194s] Level 1:colcon.colcon_core.package_identification:_identify(src/project3_interfaces) by extension 'ignore_ament_install'
[0.194s] Level 1:colcon.colcon_core.package_identification:_identify(src/project3_interfaces) by extensions ['colcon_pkg']
[0.194s] Level 1:colcon.colcon_core.package_identification:_identify(src/project3_interfaces) by extension 'colcon_pkg'
[0.194s] Level 1:colcon.colcon_core.package_identification:_identify(src/project3_interfaces) by extensions ['colcon_meta']
[0.194s] Level 1:colcon.colcon_core.package_identification:_identify(src/project3_interfaces) by extension 'colcon_meta'
[0.194s] Level 1:colcon.colcon_core.package_identification:_identify(src/project3_interfaces) by extensions ['ros']
[0.194s] Level 1:colcon.colcon_core.package_identification:_identify(src/project3_interfaces) by extension 'ros'
[0.194s] DEBUG:colcon.colcon_core.package_identification:Failed to parse potential ROS package manifest in'src/project3_interfaces': Error(s) in package 'src/project3_interfaces/package.xml':
The manifest contains invalid XML:
junk after document element: line 2, column 0
[0.194s] Level 1:colcon.colcon_core.package_identification:_identify(src/project3_interfaces) by extensions ['cmake', 'python']
[0.194s] Level 1:colcon.colcon_core.package_identification:_identify(src/project3_interfaces) by extension 'cmake'
[0.195s] Level 1:colcon.colcon_core.package_identification:_identify(src/project3_interfaces) by extension 'python'
[0.195s] DEBUG:colcon.colcon_core.package_identification:Package 'src/project3_interfaces' with type 'cmake' and name 'project3_interfaces'
[0.195s] Level 1:colcon.colcon_core.package_discovery:discover_packages(recursive) using defaults
[0.196s] Level 1:colcon.colcon_core.package_discovery:discover_packages(ignore) discover
[0.196s] Level 1:colcon.colcon_core.package_discovery:discover_packages(ignore) using defaults
[0.196s] Level 1:colcon.colcon_core.package_discovery:discover_packages(path) discover
[0.196s] Level 1:colcon.colcon_core.package_discovery:discover_packages(path) using defaults
[0.213s] Level 1:colcon.colcon_core.package_discovery:discover_packages(prefix_path) check parameters
[0.213s] Level 1:colcon.colcon_core.package_discovery:discover_packages(prefix_path) discover
[0.215s] DEBUG:colcon.colcon_installed_package_information.package_discovery:Found 1 installed packages in /home/sicou2/CSCE452/Project3/Project3-Python/install
[0.216s] DEBUG:colcon.colcon_installed_package_information.package_discovery:Found 318 installed packages in /opt/ros/jazzy
[0.218s] Level 1:colcon.colcon_core.package_discovery:discover_packages(prefix_path) using defaults
[0.269s] Level 5:colcon.colcon_core.verb:set package 'project3_interfaces' build argument 'cmake_args' from command line to 'None'
[0.269s] Level 5:colcon.colcon_core.verb:set package 'project3_interfaces' build argument 'cmake_target' from command line to 'None'
[0.269s] Level 5:colcon.colcon_core.verb:set package 'project3_interfaces' build argument 'cmake_target_skip_unavailable' from command line to 'False'
[0.269s] Level 5:colcon.colcon_core.verb:set package 'project3_interfaces' build argument 'cmake_clean_cache' from command line to 'False'
[0.269s] Level 5:colcon.colcon_core.verb:set package 'project3_interfaces' build argument 'cmake_clean_first' from command line to 'False'
[0.269s] Level 5:colcon.colcon_core.verb:set package 'project3_interfaces' build argument 'cmake_force_configure' from command line to 'False'
[0.269s] Level 5:colcon.colcon_core.verb:set package 'project3_interfaces' build argument 'ament_cmake_args' from command line to 'None'
[0.269s] Level 5:colcon.colcon_core.verb:set package 'project3_interfaces' build argument 'catkin_cmake_args' from command line to 'None'
[0.269s] Level 5:colcon.colcon_core.verb:set package 'project3_interfaces' build argument 'catkin_skip_building_tests' from command line to 'False'
[0.269s] DEBUG:colcon.colcon_core.verb:Building package 'project3_interfaces' with the following arguments: {'ament_cmake_args': None, 'build_base': '/home/sicou2/CSCE452/Project3/Project3-Python/build/project3_interfaces', 'catkin_cmake_args': None, 'catkin_skip_building_tests': False, 'cmake_args': None, 'cmake_clean_cache': False, 'cmake_clean_first': False, 'cmake_force_configure': False, 'cmake_target': None, 'cmake_target_skip_unavailable': False, 'install_base': '/home/sicou2/CSCE452/Project3/Project3-Python/install/project3_interfaces', 'merge_install': False, 'path': '/home/sicou2/CSCE452/Project3/Project3-Python/src/project3_interfaces', 'symlink_install': False, 'test_result_base': None}
[0.270s] Level 5:colcon.colcon_core.verb:set package 'project3' build argument 'cmake_args' from command line to 'None'
[0.270s] Level 5:colcon.colcon_core.verb:set package 'project3' build argument 'cmake_target' from command line to 'None'
[0.270s] Level 5:colcon.colcon_core.verb:set package 'project3' build argument 'cmake_target_skip_unavailable' from command line to 'False'
[0.270s] Level 5:colcon.colcon_core.verb:set package 'project3' build argument 'cmake_clean_cache' from command line to 'False'
[0.270s] Level 5:colcon.colcon_core.verb:set package 'project3' build argument 'cmake_clean_first' from command line to 'False'
[0.270s] Level 5:colcon.colcon_core.verb:set package 'project3' build argument 'cmake_force_configure' from command line to 'False'
[0.270s] Level 5:colcon.colcon_core.verb:set package 'project3' build argument 'ament_cmake_args' from command line to 'None'
[0.270s] Level 5:colcon.colcon_core.verb:set package 'project3' build argument 'catkin_cmake_args' from command line to 'None'
[0.270s] Level 5:colcon.colcon_core.verb:set package 'project3' build argument 'catkin_skip_building_tests' from command line to 'False'
[0.270s] DEBUG:colcon.colcon_core.verb:Building package 'project3' with the following arguments: {'ament_cmake_args': None, 'build_base': '/home/sicou2/CSCE452/Project3/Project3-Python/build/project3', 'catkin_cmake_args': None, 'catkin_skip_building_tests': False, 'cmake_args': None, 'cmake_clean_cache': False, 'cmake_clean_first': False, 'cmake_force_configure': False, 'cmake_target': None, 'cmake_target_skip_unavailable': False, 'install_base': '/home/sicou2/CSCE452/Project3/Project3-Python/install/project3', 'merge_install': False, 'path': '/home/sicou2/CSCE452/Project3/Project3-Python/src/project3', 'symlink_install': False, 'test_result_base': None}
[0.270s] INFO:colcon.colcon_core.executor:Executing jobs using 'parallel' executor
[0.271s] DEBUG:colcon.colcon_parallel_executor.executor.parallel:run_until_complete
[0.271s] INFO:colcon.colcon_cmake.task.cmake.build:Building CMake package in '/home/sicou2/CSCE452/Project3/Project3-Python/src/project3_interfaces'
[0.274s] INFO:colcon.colcon_core.plugin_system:Skipping extension 'colcon_core.shell.bat': Not used on non-Windows systems
[0.274s] INFO:colcon.colcon_core.shell:Skip shell extension 'powershell' for command environment: Not usable outside of PowerShell
[0.274s] DEBUG:colcon.colcon_core.shell:Skip shell extension 'dsv' for command environment
[0.282s] DEBUG:colcon.colcon_core.event_handler.log_command:Invoking command in '/home/sicou2/CSCE452/Project3/Project3-Python/build/project3_interfaces': DEBUGINFOD_URLS=https://debuginfod.ubuntu.com /usr/bin/cmake /home/sicou2/CSCE452/Project3/Project3-Python/src/project3_interfaces -DCMAKE_INSTALL_PREFIX=/home/sicou2/CSCE452/Project3/Project3-Python/install/project3_interfaces
[3.618s] DEBUG:colcon.colcon_core.event_handler.log_command:Invoked command in '/home/sicou2/CSCE452/Project3/Project3-Python/build/project3_interfaces' returned '1': DEBUGINFOD_URLS=https://debuginfod.ubuntu.com /usr/bin/cmake /home/sicou2/CSCE452/Project3/Project3-Python/src/project3_interfaces -DCMAKE_INSTALL_PREFIX=/home/sicou2/CSCE452/Project3/Project3-Python/install/project3_interfaces
[3.629s] DEBUG:colcon.colcon_parallel_executor.executor.parallel:closing loop
[3.629s] DEBUG:colcon.colcon_parallel_executor.executor.parallel:loop closed
[3.629s] DEBUG:colcon.colcon_parallel_executor.executor.parallel:run_until_complete finished with '1'
[3.629s] DEBUG:colcon.colcon_core.event_reactor:joining thread
[3.636s] INFO:colcon.colcon_core.plugin_system:Skipping extension 'colcon_notification.desktop_notification.terminal_notifier': Not used on non-Darwin systems
[3.637s] INFO:colcon.colcon_core.plugin_system:Skipping extension 'colcon_notification.desktop_notification.win32': Not used on non-Windows systems
[3.637s] INFO:colcon.colcon_notification.desktop_notification:Sending desktop notification using 'notify2'
[3.666s] DEBUG:colcon.colcon_core.event_reactor:joined thread
[3.666s] INFO:colcon.colcon_core.shell:Creating prefix script '/home/sicou2/CSCE452/Project3/Project3-Python/install/local_setup.ps1'
[3.667s] INFO:colcon.colcon_core.shell:Creating prefix util module '/home/sicou2/CSCE452/Project3/Project3-Python/install/_local_setup_util_ps1.py'
[3.668s] INFO:colcon.colcon_core.shell:Creating prefix chain script '/home/sicou2/CSCE452/Project3/Project3-Python/install/setup.ps1'
[3.670s] INFO:colcon.colcon_core.shell:Creating prefix script '/home/sicou2/CSCE452/Project3/Project3-Python/install/local_setup.sh'
[3.670s] INFO:colcon.colcon_core.shell:Creating prefix util module '/home/sicou2/CSCE452/Project3/Project3-Python/install/_local_setup_util_sh.py'
[3.671s] INFO:colcon.colcon_core.shell:Creating prefix chain script '/home/sicou2/CSCE452/Project3/Project3-Python/install/setup.sh'
[3.672s] INFO:colcon.colcon_core.shell:Creating prefix script '/home/sicou2/CSCE452/Project3/Project3-Python/install/local_setup.bash'
[3.673s] INFO:colcon.colcon_core.shell:Creating prefix chain script '/home/sicou2/CSCE452/Project3/Project3-Python/install/setup.bash'
[3.674s] INFO:colcon.colcon_core.shell:Creating prefix script '/home/sicou2/CSCE452/Project3/Project3-Python/install/local_setup.zsh'
[3.674s] INFO:colcon.colcon_core.shell:Creating prefix chain script '/home/sicou2/CSCE452/Project3/Project3-Python/install/setup.zsh'
